#
# There is insufficient memory for the Java Runtime Environment to continue.
# Native memory allocation (mmap) failed to map 278921216 bytes for G1 virtual space
# Possible reasons:
#   The system is out of physical RAM or swap space
#   The process is running with CompressedOops enabled, and the Java Heap may be blocking the growth of the native heap
# Possible solutions:
#   Reduce memory load on the system
#   Increase physical memory or swap space
#   Check if swap backing store is full
#   Decrease Java heap size (-Xmx/-Xms)
#   Decrease number of Java threads
#   Decrease Java thread stack sizes (-Xss)
#   Set larger code cache with -XX:ReservedCodeCacheSize=
#   JVM is running with Unscaled Compressed Oops mode in which the Java heap is
#     placed in the first 4GB address space. The Java Heap base address is the
#     maximum limit for the native heap growth. Please use -XX:HeapBaseMinAddress
#     to set the Java Heap base and to place the Java Heap above 4GB virtual address.
# This output file may be truncated or incomplete.
#
#  Out of Memory Error (os_windows.cpp:3771), pid=12776, tid=16960
#
# JRE version: OpenJDK Runtime Environment (17.0.7) (build 17.0.7+0-b2043.56-10550314)
# Java VM: OpenJDK 64-Bit Server VM (17.0.7+0-b2043.56-10550314, mixed mode, tiered, compressed oops, compressed class ptrs, g1 gc, windows-amd64)
# No core dump will be written. Minidumps are not enabled by default on client versions of Windows
#

---------------  S U M M A R Y ------------

Command Line: org.jetbrains.kotlin.cli.jvm.K2JVMCompiler @D:\PasKita\app\build\20231218_9871539029967789657.compiler.options

Host: 11th Gen Intel(R) Core(TM) i3-1115G4 @ 3.00GHz, 4 cores, 7G,  Windows 11 , 64 bit Build 22621 (10.0.22621.2506)
Time: Mon Dec 18 15:33:43 2023 SE Asia Standard Time elapsed time: 17.964988 seconds (0d 0h 0m 17s)

---------------  T H R E A D  ---------------

Current thread (0x00000197217c3b10):  VMThread "VM Thread" [stack: 0x0000005b14400000,0x0000005b14500000] [id=16960]

Stack: [0x0000005b14400000,0x0000005b14500000]
Native frames: (J=compiled Java code, j=interpreted, Vv=VM code, C=native code)
V  [jvm.dll+0x683bfa]
V  [jvm.dll+0x8430a4]
V  [jvm.dll+0x8449be]
V  [jvm.dll+0x845023]
V  [jvm.dll+0x24ad2f]
V  [jvm.dll+0x680ac9]
V  [jvm.dll+0x67519a]
V  [jvm.dll+0x30b3cb]
V  [jvm.dll+0x312876]
V  [jvm.dll+0x36221e]
V  [jvm.dll+0x36244f]
V  [jvm.dll+0x2e14a8]
V  [jvm.dll+0x2df684]
V  [jvm.dll+0x2dec8c]
V  [jvm.dll+0x32382b]
V  [jvm.dll+0x8496eb]
V  [jvm.dll+0x84a424]
V  [jvm.dll+0x84a93d]
V  [jvm.dll+0x84ad14]
V  [jvm.dll+0x84ade0]
V  [jvm.dll+0x7f2aea]
V  [jvm.dll+0x682a35]
C  [ucrtbase.dll+0x29363]
C  [KERNEL32.DLL+0x1257d]
C  [ntdll.dll+0x5aa58]

VM_Operation (0x0000005b13ee94f0): G1CollectForAllocation, mode: safepoint, requested by thread 0x00000197083c5900


---------------  P R O C E S S  ---------------

Threads class SMR info:
_java_thread_list=0x000001972708abe0, length=13, elements={
0x00000197083c5900, 0x00000197217e8270, 0x00000197217e95c0, 0x00000197217f5af0,
0x00000197217f65a0, 0x00000197217f7350, 0x0000019721a48020, 0x0000019721a48c10,
0x0000019721a49cb0, 0x0000019721a7bf00, 0x0000019721bb6a00, 0x0000019721bc3180,
0x0000019727b4bc80
}

Java Threads: ( => current thread )
  0x00000197083c5900 JavaThread "main" [_thread_blocked, id=14236, stack(0x0000005b13e00000,0x0000005b13f00000)]
  0x00000197217e8270 JavaThread "Reference Handler" daemon [_thread_blocked, id=17544, stack(0x0000005b14500000,0x0000005b14600000)]
  0x00000197217e95c0 JavaThread "Finalizer" daemon [_thread_blocked, id=2060, stack(0x0000005b14600000,0x0000005b14700000)]
  0x00000197217f5af0 JavaThread "Signal Dispatcher" daemon [_thread_blocked, id=6688, stack(0x0000005b14700000,0x0000005b14800000)]
  0x00000197217f65a0 JavaThread "Attach Listener" daemon [_thread_blocked, id=12652, stack(0x0000005b14800000,0x0000005b14900000)]
  0x00000197217f7350 JavaThread "Service Thread" daemon [_thread_blocked, id=3872, stack(0x0000005b14900000,0x0000005b14a00000)]
  0x0000019721a48020 JavaThread "Monitor Deflation Thread" daemon [_thread_blocked, id=2976, stack(0x0000005b14a00000,0x0000005b14b00000)]
  0x0000019721a48c10 JavaThread "C2 CompilerThread0" daemon [_thread_blocked, id=2568, stack(0x0000005b14b00000,0x0000005b14c00000)]
  0x0000019721a49cb0 JavaThread "C1 CompilerThread0" daemon [_thread_blocked, id=15896, stack(0x0000005b14c00000,0x0000005b14d00000)]
  0x0000019721a7bf00 JavaThread "Sweeper thread" daemon [_thread_blocked, id=15452, stack(0x0000005b14d00000,0x0000005b14e00000)]
  0x0000019721bb6a00 JavaThread "Notification Thread" daemon [_thread_blocked, id=12812, stack(0x0000005b14e00000,0x0000005b14f00000)]
  0x0000019721bc3180 JavaThread "Common-Cleaner" daemon [_thread_blocked, id=6484, stack(0x0000005b15000000,0x0000005b15100000)]
  0x0000019727b4bc80 JavaThread "C2 CompilerThread1" daemon [_thread_blocked, id=2272, stack(0x0000005b15400000,0x0000005b15500000)]

Other Threads:
=>0x00000197217c3b10 VMThread "VM Thread" [stack: 0x0000005b14400000,0x0000005b14500000] [id=16960]
  0x0000019721bb6ed0 WatcherThread [stack: 0x0000005b14f00000,0x0000005b15000000] [id=3440]
  0x0000019708421760 GCTaskThread "GC Thread#0" [stack: 0x0000005b13f00000,0x0000005b14000000] [id=13392]
  0x00000197260a6a90 GCTaskThread "GC Thread#1" [stack: 0x0000005b15100000,0x0000005b15200000] [id=9020]
  0x000001972614e480 GCTaskThread "GC Thread#2" [stack: 0x0000005b15200000,0x0000005b15300000] [id=11444]
  0x00000197261dc0d0 GCTaskThread "GC Thread#3" [stack: 0x0000005b15300000,0x0000005b15400000] [id=5720]
  0x0000019708431fe0 ConcurrentGCThread "G1 Main Marker" [stack: 0x0000005b14000000,0x0000005b14100000] [id=11500]
  0x00000197084329f0 ConcurrentGCThread "G1 Conc#0" [stack: 0x0000005b14100000,0x0000005b14200000] [id=10876]
  0x00000197216204a0 ConcurrentGCThread "G1 Refine#0" [stack: 0x0000005b14200000,0x0000005b14300000] [id=7872]
  0x0000019727289040 ConcurrentGCThread "G1 Refine#1" [stack: 0x0000005b15500000,0x0000005b15600000] [id=10640]
  0x0000019721620ec0 ConcurrentGCThread "G1 Service" [stack: 0x0000005b14300000,0x0000005b14400000] [id=15688]

Threads with active compile tasks:
C2 CompilerThread1    17976 11357       4       org.jetbrains.kotlin.descriptors.impl.AbstractReceiverParameterDescriptor::substitute (94 bytes)

VM state: at safepoint (normal execution)

VM Mutex/Monitor currently owned by a thread:  ([mutex/lock_event])
[0x00000197083c1b70] Threads_lock - owner thread: 0x00000197217c3b10
[0x00000197083c23e0] Heap_lock - owner thread: 0x00000197083c5900

Heap address: 0x0000000083600000, size: 1994 MB, Compressed Oops mode: 32-bit

CDS archive(s) not mapped
Compressed class space mapped at: 0x0000000100000000-0x0000000140000000, reserved size: 1073741824
Narrow klass base: 0x0000000000000000, Narrow klass shift: 3, Narrow klass range: 0x140000000

GC Precious Log:
 CPUs: 4 total, 4 available
 Memory: 7975M
 Large Page Support: Disabled
 NUMA Support: Disabled
 Compressed Oops: Enabled (32-bit)
 Heap Region Size: 1M
 Heap Min Capacity: 8M
 Heap Initial Capacity: 126M
 Heap Max Capacity: 1994M
 Pre-touch: Disabled
 Parallel Workers: 4
 Concurrent Workers: 1
 Concurrent Refinement Workers: 4
 Periodic GC: Disabled

Heap:
 garbage-first heap   total 136192K, used 81230K [0x0000000083600000, 0x0000000100000000)
  region size 1024K, 5 young (5120K), 5 survivors (5120K)
 Metaspace       used 68310K, committed 68608K, reserved 1114112K
  class space    used 7887K, committed 8064K, reserved 1048576K

Heap Regions: E=young(eden), S=young(survivor), O=old, HS=humongous(starts), HC=humongous(continues), CS=collection set, F=free, OA=open archive, CA=closed archive, TAMS=top-at-mark-start (previous, next)
|   0|0x0000000083600000, 0x0000000083700000, 0x0000000083700000|100%|HS|  |TAMS 0x0000000083700000, 0x0000000083600000| Complete 
|   1|0x0000000083700000, 0x0000000083800000, 0x0000000083800000|100%|HC|  |TAMS 0x0000000083800000, 0x0000000083700000| Complete 
|   2|0x0000000083800000, 0x0000000083900000, 0x0000000083900000|100%|HC|  |TAMS 0x0000000083900000, 0x0000000083800000| Complete 
|   3|0x0000000083900000, 0x0000000083a00000, 0x0000000083a00000|100%|HC|  |TAMS 0x0000000083a00000, 0x0000000083900000| Complete 
|   4|0x0000000083a00000, 0x0000000083b00000, 0x0000000083b00000|100%| O|  |TAMS 0x0000000083b00000, 0x0000000083a00000| Untracked 
|   5|0x0000000083b00000, 0x0000000083c00000, 0x0000000083c00000|100%| O|  |TAMS 0x0000000083c00000, 0x0000000083b00000| Untracked 
|   6|0x0000000083c00000, 0x0000000083d00000, 0x0000000083d00000|100%| O|  |TAMS 0x0000000083d00000, 0x0000000083c00000| Untracked 
|   7|0x0000000083d00000, 0x0000000083e00000, 0x0000000083e00000|100%| O|  |TAMS 0x0000000083e00000, 0x0000000083d00000| Untracked 
|   8|0x0000000083e00000, 0x0000000083f00000, 0x0000000083f00000|100%| O|  |TAMS 0x0000000083f00000, 0x0000000083e00000| Untracked 
|   9|0x0000000083f00000, 0x0000000084000000, 0x0000000084000000|100%|HS|  |TAMS 0x0000000084000000, 0x0000000083f00000| Complete 
|  10|0x0000000084000000, 0x0000000084100000, 0x0000000084100000|100%|HC|  |TAMS 0x0000000084100000, 0x0000000084000000| Complete 
|  11|0x0000000084100000, 0x0000000084200000, 0x0000000084200000|100%| O|  |TAMS 0x0000000084200000, 0x0000000084100000| Untracked 
|  12|0x0000000084200000, 0x0000000084300000, 0x0000000084300000|100%| O|  |TAMS 0x0000000084300000, 0x0000000084200000| Untracked 
|  13|0x0000000084300000, 0x0000000084400000, 0x0000000084400000|100%| O|  |TAMS 0x0000000084400000, 0x0000000084300000| Untracked 
|  14|0x0000000084400000, 0x0000000084500000, 0x0000000084500000|100%| O|  |TAMS 0x0000000084500000, 0x0000000084400000| Untracked 
|  15|0x0000000084500000, 0x0000000084600000, 0x0000000084600000|100%| O|  |TAMS 0x0000000084600000, 0x0000000084500000| Untracked 
|  16|0x0000000084600000, 0x0000000084700000, 0x0000000084700000|100%| O|  |TAMS 0x0000000084700000, 0x0000000084600000| Untracked 
|  17|0x0000000084700000, 0x0000000084800000, 0x0000000084800000|100%| O|  |TAMS 0x0000000084800000, 0x0000000084700000| Untracked 
|  18|0x0000000084800000, 0x0000000084900000, 0x0000000084900000|100%| O|  |TAMS 0x0000000084900000, 0x0000000084800000| Untracked 
|  19|0x0000000084900000, 0x0000000084a00000, 0x0000000084a00000|100%| O|  |TAMS 0x0000000084a00000, 0x0000000084900000| Untracked 
|  20|0x0000000084a00000, 0x0000000084b00000, 0x0000000084b00000|100%| O|  |TAMS 0x0000000084b00000, 0x0000000084a00000| Untracked 
|  21|0x0000000084b00000, 0x0000000084c00000, 0x0000000084c00000|100%| O|  |TAMS 0x0000000084c00000, 0x0000000084b00000| Untracked 
|  22|0x0000000084c00000, 0x0000000084d00000, 0x0000000084d00000|100%| O|  |TAMS 0x0000000084d00000, 0x0000000084c00000| Untracked 
|  23|0x0000000084d00000, 0x0000000084e00000, 0x0000000084e00000|100%| O|  |TAMS 0x0000000084e00000, 0x0000000084d00000| Untracked 
|  24|0x0000000084e00000, 0x0000000084f00000, 0x0000000084f00000|100%| O|  |TAMS 0x0000000084f00000, 0x0000000084e00000| Untracked 
|  25|0x0000000084f00000, 0x0000000085000000, 0x0000000085000000|100%| O|  |TAMS 0x0000000085000000, 0x0000000084f00000| Untracked 
|  26|0x0000000085000000, 0x0000000085100000, 0x0000000085100000|100%| O|  |TAMS 0x0000000085100000, 0x0000000085000000| Untracked 
|  27|0x0000000085100000, 0x0000000085200000, 0x0000000085200000|100%| O|  |TAMS 0x0000000085200000, 0x0000000085100000| Untracked 
|  28|0x0000000085200000, 0x0000000085300000, 0x0000000085300000|100%| O|  |TAMS 0x0000000085300000, 0x0000000085200000| Untracked 
|  29|0x0000000085300000, 0x0000000085400000, 0x0000000085400000|100%| O|  |TAMS 0x0000000085400000, 0x0000000085300000| Untracked 
|  30|0x0000000085400000, 0x0000000085500000, 0x0000000085500000|100%| O|  |TAMS 0x0000000085500000, 0x0000000085400000| Untracked 
|  31|0x0000000085500000, 0x0000000085600000, 0x0000000085600000|100%| O|  |TAMS 0x0000000085600000, 0x0000000085500000| Untracked 
|  32|0x0000000085600000, 0x0000000085700000, 0x0000000085700000|100%| O|  |TAMS 0x0000000085700000, 0x0000000085600000| Untracked 
|  33|0x0000000085700000, 0x0000000085800000, 0x0000000085800000|100%| O|  |TAMS 0x0000000085800000, 0x0000000085700000| Untracked 
|  34|0x0000000085800000, 0x0000000085900000, 0x0000000085900000|100%| O|  |TAMS 0x0000000085900000, 0x0000000085800000| Untracked 
|  35|0x0000000085900000, 0x0000000085a00000, 0x0000000085a00000|100%| O|  |TAMS 0x0000000085a00000, 0x0000000085900000| Untracked 
|  36|0x0000000085a00000, 0x0000000085b00000, 0x0000000085b00000|100%| O|  |TAMS 0x0000000085b00000, 0x0000000085a00000| Untracked 
|  37|0x0000000085b00000, 0x0000000085c00000, 0x0000000085c00000|100%| O|  |TAMS 0x0000000085c00000, 0x0000000085b00000| Untracked 
|  38|0x0000000085c00000, 0x0000000085d00000, 0x0000000085d00000|100%| O|  |TAMS 0x0000000085d00000, 0x0000000085c00000| Untracked 
|  39|0x0000000085d00000, 0x0000000085e00000, 0x0000000085e00000|100%| O|  |TAMS 0x0000000085e00000, 0x0000000085d00000| Untracked 
|  40|0x0000000085e00000, 0x0000000085f00000, 0x0000000085f00000|100%| O|  |TAMS 0x0000000085f00000, 0x0000000085e00000| Untracked 
|  41|0x0000000085f00000, 0x0000000086000000, 0x0000000086000000|100%| O|  |TAMS 0x0000000086000000, 0x0000000085f00000| Untracked 
|  42|0x0000000086000000, 0x0000000086100000, 0x0000000086100000|100%| O|  |TAMS 0x0000000086100000, 0x0000000086000000| Untracked 
|  43|0x0000000086100000, 0x0000000086200000, 0x0000000086200000|100%| O|  |TAMS 0x0000000086200000, 0x0000000086100000| Untracked 
|  44|0x0000000086200000, 0x0000000086300000, 0x0000000086300000|100%| O|  |TAMS 0x0000000086300000, 0x0000000086200000| Untracked 
|  45|0x0000000086300000, 0x0000000086400000, 0x0000000086400000|100%| O|  |TAMS 0x0000000086400000, 0x0000000086300000| Untracked 
|  46|0x0000000086400000, 0x0000000086500000, 0x0000000086500000|100%| O|  |TAMS 0x0000000086500000, 0x0000000086400000| Untracked 
|  47|0x0000000086500000, 0x0000000086600000, 0x0000000086600000|100%| O|  |TAMS 0x0000000086600000, 0x0000000086500000| Untracked 
|  48|0x0000000086600000, 0x0000000086700000, 0x0000000086700000|100%| O|  |TAMS 0x0000000086700000, 0x0000000086600000| Untracked 
|  49|0x0000000086700000, 0x0000000086800000, 0x0000000086800000|100%| O|  |TAMS 0x0000000086800000, 0x0000000086700000| Untracked 
|  50|0x0000000086800000, 0x0000000086900000, 0x0000000086900000|100%| O|  |TAMS 0x0000000086900000, 0x0000000086800000| Untracked 
|  51|0x0000000086900000, 0x0000000086a00000, 0x0000000086a00000|100%| O|  |TAMS 0x0000000086a00000, 0x0000000086900000| Untracked 
|  52|0x0000000086a00000, 0x0000000086b00000, 0x0000000086b00000|100%| O|  |TAMS 0x0000000086b00000, 0x0000000086a00000| Untracked 
|  53|0x0000000086b00000, 0x0000000086c00000, 0x0000000086c00000|100%| O|  |TAMS 0x0000000086c00000, 0x0000000086b00000| Untracked 
|  54|0x0000000086c00000, 0x0000000086d00000, 0x0000000086d00000|100%| O|  |TAMS 0x0000000086d00000, 0x0000000086c00000| Untracked 
|  55|0x0000000086d00000, 0x0000000086e00000, 0x0000000086e00000|100%| O|  |TAMS 0x0000000086e00000, 0x0000000086d00000| Untracked 
|  56|0x0000000086e00000, 0x0000000086f00000, 0x0000000086f00000|100%| O|  |TAMS 0x0000000086f00000, 0x0000000086e00000| Untracked 
|  57|0x0000000086f00000, 0x0000000087000000, 0x0000000087000000|100%| O|  |TAMS 0x0000000087000000, 0x0000000086f00000| Untracked 
|  58|0x0000000087000000, 0x0000000087053800, 0x0000000087100000| 32%| O|  |TAMS 0x0000000087000000, 0x0000000087000000| Untracked 
|  59|0x0000000087100000, 0x0000000087200000, 0x0000000087200000|100%| O|  |TAMS 0x0000000087200000, 0x0000000087100000| Untracked 
|  60|0x0000000087200000, 0x0000000087300000, 0x0000000087300000|100%| O|  |TAMS 0x0000000087300000, 0x0000000087200000| Untracked 
|  61|0x0000000087300000, 0x0000000087400000, 0x0000000087400000|100%| O|  |TAMS 0x0000000087400000, 0x0000000087300000| Untracked 
|  62|0x0000000087400000, 0x0000000087500000, 0x0000000087500000|100%| O|  |TAMS 0x0000000087500000, 0x0000000087400000| Untracked 
|  63|0x0000000087500000, 0x0000000087600000, 0x0000000087600000|100%| O|  |TAMS 0x0000000087500000, 0x0000000087500000| Untracked 
|  64|0x0000000087600000, 0x0000000087700000, 0x0000000087700000|100%| O|  |TAMS 0x0000000087700000, 0x0000000087600000| Untracked 
|  65|0x0000000087700000, 0x0000000087800000, 0x0000000087800000|100%| O|  |TAMS 0x000000008779c600, 0x0000000087700000| Untracked 
|  66|0x0000000087800000, 0x0000000087900000, 0x0000000087900000|100%|HS|  |TAMS 0x0000000087800000, 0x0000000087800000| Complete 
|  67|0x0000000087900000, 0x0000000087a00000, 0x0000000087a00000|100%|HC|  |TAMS 0x0000000087900000, 0x0000000087900000| Complete 
|  68|0x0000000087a00000, 0x0000000087b00000, 0x0000000087b00000|100%| O|  |TAMS 0x0000000087a00000, 0x0000000087a00000| Untracked 
|  69|0x0000000087b00000, 0x0000000087c00000, 0x0000000087c00000|100%| O|  |TAMS 0x0000000087b00000, 0x0000000087b00000| Untracked 
|  70|0x0000000087c00000, 0x0000000087d00000, 0x0000000087d00000|100%| O|  |TAMS 0x0000000087c00000, 0x0000000087c00000| Untracked 
|  71|0x0000000087d00000, 0x0000000087e00000, 0x0000000087e00000|100%| O|  |TAMS 0x0000000087d00000, 0x0000000087d00000| Untracked 
|  72|0x0000000087e00000, 0x0000000087f00000, 0x0000000087f00000|100%| O|  |TAMS 0x0000000087e00000, 0x0000000087e00000| Untracked 
|  73|0x0000000087f00000, 0x0000000088000000, 0x0000000088000000|100%| O|  |TAMS 0x0000000087f00000, 0x0000000087f00000| Untracked 
|  74|0x0000000088000000, 0x0000000088100000, 0x0000000088100000|100%| O|  |TAMS 0x0000000088000000, 0x0000000088000000| Untracked 
|  75|0x0000000088100000, 0x0000000088100000, 0x0000000088200000|  0%| F|  |TAMS 0x0000000088100000, 0x0000000088100000| Untracked 
|  76|0x0000000088200000, 0x0000000088200000, 0x0000000088300000|  0%| F|  |TAMS 0x0000000088200000, 0x0000000088200000| Untracked 
|  77|0x0000000088300000, 0x0000000088300000, 0x0000000088400000|  0%| F|  |TAMS 0x0000000088300000, 0x0000000088300000| Untracked 
|  78|0x0000000088400000, 0x0000000088400000, 0x0000000088500000|  0%| F|  |TAMS 0x0000000088400000, 0x0000000088400000| Untracked 
|  79|0x0000000088500000, 0x0000000088500000, 0x0000000088600000|  0%| F|  |TAMS 0x0000000088500000, 0x0000000088500000| Untracked 
|  80|0x0000000088600000, 0x0000000088600000, 0x0000000088700000|  0%| F|  |TAMS 0x0000000088600000, 0x0000000088600000| Untracked 
|  81|0x0000000088700000, 0x0000000088700000, 0x0000000088800000|  0%| F|  |TAMS 0x0000000088700000, 0x0000000088700000| Untracked 
|  82|0x0000000088800000, 0x0000000088800000, 0x0000000088900000|  0%| F|  |TAMS 0x0000000088800000, 0x0000000088800000| Untracked 
|  83|0x0000000088900000, 0x0000000088900000, 0x0000000088a00000|  0%| F|  |TAMS 0x0000000088900000, 0x0000000088900000| Untracked 
|  84|0x0000000088a00000, 0x0000000088a00000, 0x0000000088b00000|  0%| F|  |TAMS 0x0000000088a00000, 0x0000000088a00000| Untracked 
|  85|0x0000000088b00000, 0x0000000088b00000, 0x0000000088c00000|  0%| F|  |TAMS 0x0000000088b00000, 0x0000000088b00000| Untracked 
|  86|0x0000000088c00000, 0x0000000088c00000, 0x0000000088d00000|  0%| F|  |TAMS 0x0000000088c00000, 0x0000000088c00000| Untracked 
|  87|0x0000000088d00000, 0x0000000088d00000, 0x0000000088e00000|  0%| F|  |TAMS 0x0000000088d00000, 0x0000000088d00000| Untracked 
|  88|0x0000000088e00000, 0x0000000088e00000, 0x0000000088f00000|  0%| F|  |TAMS 0x0000000088e00000, 0x0000000088e00000| Untracked 
|  89|0x0000000088f00000, 0x0000000088f00000, 0x0000000089000000|  0%| F|  |TAMS 0x0000000088f00000, 0x0000000088f00000| Untracked 
|  90|0x0000000089000000, 0x0000000089000000, 0x0000000089100000|  0%| F|  |TAMS 0x0000000089000000, 0x0000000089000000| Untracked 
|  91|0x0000000089100000, 0x0000000089100000, 0x0000000089200000|  0%| F|  |TAMS 0x0000000089100000, 0x0000000089100000| Untracked 
|  92|0x0000000089200000, 0x0000000089200000, 0x0000000089300000|  0%| F|  |TAMS 0x0000000089200000, 0x0000000089200000| Untracked 
|  93|0x0000000089300000, 0x0000000089300000, 0x0000000089400000|  0%| F|  |TAMS 0x0000000089300000, 0x0000000089300000| Untracked 
|  94|0x0000000089400000, 0x0000000089500000, 0x0000000089500000|100%| S|CS|TAMS 0x0000000089400000, 0x0000000089400000| Complete 
|  95|0x0000000089500000, 0x0000000089600000, 0x0000000089600000|100%| S|CS|TAMS 0x0000000089500000, 0x0000000089500000| Complete 
|  96|0x0000000089600000, 0x0000000089700000, 0x0000000089700000|100%| S|CS|TAMS 0x0000000089600000, 0x0000000089600000| Complete 
|  97|0x0000000089700000, 0x0000000089800000, 0x0000000089800000|100%| S|CS|TAMS 0x0000000089700000, 0x0000000089700000| Complete 
|  98|0x0000000089800000, 0x0000000089900000, 0x0000000089900000|100%| S|CS|TAMS 0x0000000089800000, 0x0000000089800000| Complete 
|  99|0x0000000089900000, 0x0000000089900000, 0x0000000089a00000|  0%| F|  |TAMS 0x0000000089900000, 0x0000000089900000| Untracked 
| 100|0x0000000089a00000, 0x0000000089a00000, 0x0000000089b00000|  0%| F|  |TAMS 0x0000000089a00000, 0x0000000089a00000| Untracked 
| 101|0x0000000089b00000, 0x0000000089b00000, 0x0000000089c00000|  0%| F|  |TAMS 0x0000000089b00000, 0x0000000089b00000| Untracked 
| 102|0x0000000089c00000, 0x0000000089c00000, 0x0000000089d00000|  0%| F|  |TAMS 0x0000000089c00000, 0x0000000089c00000| Untracked 
| 103|0x0000000089d00000, 0x0000000089d00000, 0x0000000089e00000|  0%| F|  |TAMS 0x0000000089d00000, 0x0000000089d00000| Untracked 
| 104|0x0000000089e00000, 0x0000000089e00000, 0x0000000089f00000|  0%| F|  |TAMS 0x0000000089e00000, 0x0000000089e00000| Untracked 
| 105|0x0000000089f00000, 0x0000000089f00000, 0x000000008a000000|  0%| F|  |TAMS 0x0000000089f00000, 0x0000000089f00000| Untracked 
| 106|0x000000008a000000, 0x000000008a000000, 0x000000008a100000|  0%| F|  |TAMS 0x000000008a000000, 0x000000008a000000| Untracked 
| 107|0x000000008a100000, 0x000000008a100000, 0x000000008a200000|  0%| F|  |TAMS 0x000000008a100000, 0x000000008a100000| Untracked 
| 108|0x000000008a200000, 0x000000008a200000, 0x000000008a300000|  0%| F|  |TAMS 0x000000008a200000, 0x000000008a200000| Untracked 
| 109|0x000000008a300000, 0x000000008a300000, 0x000000008a400000|  0%| F|  |TAMS 0x000000008a300000, 0x000000008a300000| Untracked 
| 110|0x000000008a400000, 0x000000008a400000, 0x000000008a500000|  0%| F|  |TAMS 0x000000008a400000, 0x000000008a400000| Untracked 
| 111|0x000000008a500000, 0x000000008a500000, 0x000000008a600000|  0%| F|  |TAMS 0x000000008a500000, 0x000000008a500000| Untracked 
| 112|0x000000008a600000, 0x000000008a600000, 0x000000008a700000|  0%| F|  |TAMS 0x000000008a600000, 0x000000008a600000| Untracked 
| 113|0x000000008a700000, 0x000000008a700000, 0x000000008a800000|  0%| F|  |TAMS 0x000000008a700000, 0x000000008a700000| Untracked 
| 114|0x000000008a800000, 0x000000008a800000, 0x000000008a900000|  0%| F|  |TAMS 0x000000008a800000, 0x000000008a800000| Untracked 
| 115|0x000000008a900000, 0x000000008a900000, 0x000000008aa00000|  0%| F|  |TAMS 0x000000008a900000, 0x000000008a900000| Untracked 
| 116|0x000000008aa00000, 0x000000008aa00000, 0x000000008ab00000|  0%| F|  |TAMS 0x000000008aa00000, 0x000000008aa00000| Untracked 
| 117|0x000000008ab00000, 0x000000008ab00000, 0x000000008ac00000|  0%| F|  |TAMS 0x000000008ab00000, 0x000000008ab00000| Untracked 
| 118|0x000000008ac00000, 0x000000008ac00000, 0x000000008ad00000|  0%| F|  |TAMS 0x000000008ac00000, 0x000000008ac00000| Untracked 
| 119|0x000000008ad00000, 0x000000008ad00000, 0x000000008ae00000|  0%| F|  |TAMS 0x000000008ad00000, 0x000000008ad00000| Untracked 
| 120|0x000000008ae00000, 0x000000008ae00000, 0x000000008af00000|  0%| F|  |TAMS 0x000000008ae00000, 0x000000008ae00000| Untracked 
| 121|0x000000008af00000, 0x000000008af00000, 0x000000008b000000|  0%| F|  |TAMS 0x000000008af00000, 0x000000008af00000| Untracked 
| 122|0x000000008b000000, 0x000000008b000000, 0x000000008b100000|  0%| F|  |TAMS 0x000000008b000000, 0x000000008b000000| Untracked 
| 123|0x000000008b100000, 0x000000008b100000, 0x000000008b200000|  0%| F|  |TAMS 0x000000008b100000, 0x000000008b100000| Untracked 
| 124|0x000000008b200000, 0x000000008b200000, 0x000000008b300000|  0%| F|  |TAMS 0x000000008b200000, 0x000000008b200000| Untracked 
| 125|0x000000008b300000, 0x000000008b300000, 0x000000008b400000|  0%| F|  |TAMS 0x000000008b300000, 0x000000008b300000| Untracked 
| 126|0x000000008b400000, 0x000000008b400000, 0x000000008b500000|  0%| F|  |TAMS 0x000000008b400000, 0x000000008b400000| Untracked 
| 127|0x000000008b500000, 0x000000008b500000, 0x000000008b600000|  0%| F|  |TAMS 0x000000008b500000, 0x000000008b500000| Untracked 
| 128|0x000000008b600000, 0x000000008b600000, 0x000000008b700000|  0%| F|  |TAMS 0x000000008b600000, 0x000000008b600000| Untracked 
| 129|0x000000008b700000, 0x000000008b700000, 0x000000008b800000|  0%| F|  |TAMS 0x000000008b700000, 0x000000008b700000| Untracked 
| 130|0x000000008b800000, 0x000000008b800000, 0x000000008b900000|  0%| F|  |TAMS 0x000000008b800000, 0x000000008b800000| Untracked 
| 131|0x000000008b900000, 0x000000008b900000, 0x000000008ba00000|  0%| F|  |TAMS 0x000000008b900000, 0x000000008b900000| Untracked 
| 132|0x000000008ba00000, 0x000000008ba00000, 0x000000008bb00000|  0%| F|  |TAMS 0x000000008ba00000, 0x000000008ba00000| Untracked 

Card table byte_map: [0x000001971ac90000,0x000001971b080000] _byte_map_base: 0x000001971a875000

Marking Bits (Prev, Next): (CMBitMap*) 0x0000019708421db0, (CMBitMap*) 0x0000019708421d70
 Prev Bits: [0x000001971d3a0000, 0x000001971f2c8000)
 Next Bits: [0x000001971b470000, 0x000001971d398000)

Polling page: 0x0000019707b90000

Metaspace:

Usage:
  Non-class:     59.01 MB used.
      Class:      7.70 MB used.
       Both:     66.71 MB used.

Virtual space:
  Non-class space:       64.00 MB reserved,      59.12 MB ( 92%) committed,  1 nodes.
      Class space:        1.00 GB reserved,       7.88 MB ( <1%) committed,  1 nodes.
             Both:        1.06 GB reserved,      67.00 MB (  6%) committed. 

Chunk freelists:
   Non-Class:  4.71 MB
       Class:  8.17 MB
        Both:  12.88 MB

MaxMetaspaceSize: unlimited
CompressedClassSpaceSize: 1.00 GB
Initial GC threshold: 21.00 MB
Current GC threshold: 102.75 MB
CDS: off
MetaspaceReclaimPolicy: balanced
 - commit_granule_bytes: 65536.
 - commit_granule_words: 8192.
 - virtual_space_node_default_size: 8388608.
 - enlarge_chunks_in_place: 1.
 - new_chunks_are_fully_committed: 0.
 - uncommit_free_chunks: 1.
 - use_allocation_guard: 0.
 - handle_deallocations: 1.


Internal statistics:

num_allocs_failed_limit: 6.
num_arena_births: 322.
num_arena_deaths: 0.
num_vsnodes_births: 2.
num_vsnodes_deaths: 0.
num_space_committed: 1070.
num_space_uncommitted: 0.
num_chunks_returned_to_freelist: 6.
num_chunks_taken_from_freelist: 2545.
num_chunk_merges: 6.
num_chunk_splits: 2025.
num_chunks_enlarged: 1765.
num_inconsistent_stats: 0.

CodeHeap 'non-profiled nmethods': size=120000Kb used=5410Kb max_used=5925Kb free=114589Kb
 bounds [0x0000019713370000, 0x0000019713950000, 0x000001971a8a0000]
CodeHeap 'profiled nmethods': size=120000Kb used=25764Kb max_used=25975Kb free=94235Kb
 bounds [0x000001970b8a0000, 0x000001970d230000, 0x0000019712dd0000]
CodeHeap 'non-nmethods': size=5760Kb used=1317Kb max_used=1396Kb free=4442Kb
 bounds [0x0000019712dd0000, 0x0000019713040000, 0x0000019713370000]
 total_blobs=9805 nmethods=9189 adapters=526
 compilation: enabled
              stopped_count=0, restarted_count=0
 full_count=0

Compilation events (20 events):
Event: 17.922 Thread 0x0000019721a49cb0 nmethod 11359 0x000001970c33a290 code [0x000001970c33a5c0, 0x000001970c33b678]
Event: 17.923 Thread 0x0000019721a49cb0 11360       3       org.jetbrains.kotlin.resolve.scopes.LexicalScopeImpl$InitializeHandler::addVariableDescriptor (18 bytes)
Event: 17.923 Thread 0x0000019721a49cb0 nmethod 11360 0x000001970c336f90 code [0x000001970c3371c0, 0x000001970c337888]
Event: 17.924 Thread 0x0000019727b4bc80 nmethod 11356 0x000001971386b290 code [0x000001971386b480, 0x000001971386bf18]
Event: 17.924 Thread 0x0000019727b4bc80 11357       4       org.jetbrains.kotlin.descriptors.impl.AbstractReceiverParameterDescriptor::substitute (94 bytes)
Event: 17.926 Thread 0x0000019721a49cb0 11361       3       org.jetbrains.kotlin.descriptors.impl.PropertyDescriptorImpl::getContextReceiverParameters (14 bytes)
Event: 17.926 Thread 0x0000019721a49cb0 nmethod 11361 0x000001970c33cf90 code [0x000001970c33d140, 0x000001970c33d2c8]
Event: 17.928 Thread 0x0000019721a49cb0 11362       3       org.jetbrains.kotlin.resolve.calls.tower.MemberScopeTowerLevel$getVariables$1::invoke (40 bytes)
Event: 17.929 Thread 0x0000019721a49cb0 nmethod 11362 0x000001970cab0310 code [0x000001970cab0540, 0x000001970cab0c28]
Event: 17.937 Thread 0x0000019721a49cb0 11363       3       org.jetbrains.kotlin.resolve.DelegatingBindingTrace::recordType (64 bytes)
Event: 17.938 Thread 0x0000019721a49cb0 nmethod 11363 0x000001970c321210 code [0x000001970c3214c0, 0x000001970c322108]
Event: 17.939 Thread 0x0000019721a49cb0 11364       3       org.jetbrains.kotlin.parsing.SemanticWhitespaceAwarePsiBuilderImpl::getJoinedTokenType (64 bytes)
Event: 17.939 Thread 0x0000019721a49cb0 nmethod 11364 0x000001970bf48e90 code [0x000001970bf49080, 0x000001970bf496d8]
Event: 17.944 Thread 0x0000019721a49cb0 11365       3       org.jetbrains.kotlin.descriptors.impl.PropertyGetterDescriptorImpl::getOriginal (14 bytes)
Event: 17.944 Thread 0x0000019721a49cb0 nmethod 11365 0x000001970c933790 code [0x000001970c933940, 0x000001970c933ac8]
Event: 17.944 Thread 0x0000019721a49cb0 11366       3       kotlin.sequences.FilteringSequence$iterator$1::hasNext (26 bytes)
Event: 17.944 Thread 0x0000019721a49cb0 nmethod 11366 0x000001970c311890 code [0x000001970c311a40, 0x000001970c311c28]
Event: 17.946 Thread 0x0000019721a49cb0 11367       3       org.jetbrains.kotlin.load.java.structure.impl.JavaClassifierImpl::findAnnotation (14 bytes)
Event: 17.947 Thread 0x0000019721a49cb0 nmethod 11367 0x000001970c950a10 code [0x000001970c950bc0, 0x000001970c950d78]
Event: 17.952 Thread 0x0000019721a48c10 nmethod 11353 0x000001971389d310 code [0x000001971389d6c0, 0x000001971389f128]

GC Heap History (20 events):
Event: 10.709 GC heap after
{Heap after GC invocations=17 (full 0):
 garbage-first heap   total 108544K, used 54272K [0x0000000083600000, 0x0000000100000000)
  region size 1024K, 5 young (5120K), 5 survivors (5120K)
 Metaspace       used 57562K, committed 57792K, reserved 1114112K
  class space    used 6671K, committed 6784K, reserved 1048576K
}
Event: 11.171 GC heap before
{Heap before GC invocations=17 (full 0):
 garbage-first heap   total 108544K, used 82944K [0x0000000083600000, 0x0000000100000000)
  region size 1024K, 33 young (33792K), 5 survivors (5120K)
 Metaspace       used 57680K, committed 57920K, reserved 1114112K
  class space    used 6671K, committed 6784K, reserved 1048576K
}
Event: 11.196 GC heap after
{Heap after GC invocations=18 (full 0):
 garbage-first heap   total 108544K, used 59904K [0x0000000083600000, 0x0000000100000000)
  region size 1024K, 5 young (5120K), 5 survivors (5120K)
 Metaspace       used 57680K, committed 57920K, reserved 1114112K
  class space    used 6671K, committed 6784K, reserved 1048576K
}
Event: 11.650 GC heap before
{Heap before GC invocations=19 (full 0):
 garbage-first heap   total 108544K, used 84480K [0x0000000083600000, 0x0000000100000000)
  region size 1024K, 29 young (29696K), 5 survivors (5120K)
 Metaspace       used 57685K, committed 57920K, reserved 1114112K
  class space    used 6671K, committed 6784K, reserved 1048576K
}
Event: 11.667 GC heap after
{Heap after GC invocations=20 (full 0):
 garbage-first heap   total 108544K, used 64512K [0x0000000083600000, 0x0000000100000000)
  region size 1024K, 4 young (4096K), 4 survivors (4096K)
 Metaspace       used 57685K, committed 57920K, reserved 1114112K
  class space    used 6671K, committed 6784K, reserved 1048576K
}
Event: 11.680 GC heap before
{Heap before GC invocations=20 (full 0):
 garbage-first heap   total 108544K, used 65536K [0x0000000083600000, 0x0000000100000000)
  region size 1024K, 5 young (5120K), 4 survivors (4096K)
 Metaspace       used 57685K, committed 57920K, reserved 1114112K
  class space    used 6671K, committed 6784K, reserved 1048576K
}
Event: 11.690 GC heap after
{Heap after GC invocations=21 (full 0):
 garbage-first heap   total 136192K, used 65369K [0x0000000083600000, 0x0000000100000000)
  region size 1024K, 1 young (1024K), 1 survivors (1024K)
 Metaspace       used 57685K, committed 57920K, reserved 1114112K
  class space    used 6671K, committed 6784K, reserved 1048576K
}
Event: 11.972 GC heap before
{Heap before GC invocations=21 (full 0):
 garbage-first heap   total 136192K, used 103257K [0x0000000083600000, 0x0000000100000000)
  region size 1024K, 38 young (38912K), 1 survivors (1024K)
 Metaspace       used 57796K, committed 57984K, reserved 1114112K
  class space    used 6693K, committed 6784K, reserved 1048576K
}
Event: 11.978 GC heap after
{Heap after GC invocations=22 (full 0):
 garbage-first heap   total 136192K, used 67038K [0x0000000083600000, 0x0000000100000000)
  region size 1024K, 3 young (3072K), 3 survivors (3072K)
 Metaspace       used 57796K, committed 57984K, reserved 1114112K
  class space    used 6693K, committed 6784K, reserved 1048576K
}
Event: 12.218 GC heap before
{Heap before GC invocations=23 (full 0):
 garbage-first heap   total 136192K, used 104926K [0x0000000083600000, 0x0000000100000000)
  region size 1024K, 40 young (40960K), 3 survivors (3072K)
 Metaspace       used 57802K, committed 58048K, reserved 1114112K
  class space    used 6693K, committed 6784K, reserved 1048576K
}
Event: 12.222 GC heap after
{Heap after GC invocations=24 (full 0):
 garbage-first heap   total 136192K, used 67124K [0x0000000083600000, 0x0000000100000000)
  region size 1024K, 3 young (3072K), 3 survivors (3072K)
 Metaspace       used 57802K, committed 58048K, reserved 1114112K
  class space    used 6693K, committed 6784K, reserved 1048576K
}
Event: 12.236 GC heap before
{Heap before GC invocations=24 (full 0):
 garbage-first heap   total 136192K, used 70196K [0x0000000083600000, 0x0000000100000000)
  region size 1024K, 6 young (6144K), 3 survivors (3072K)
 Metaspace       used 57802K, committed 58048K, reserved 1114112K
  class space    used 6693K, committed 6784K, reserved 1048576K
}
Event: 12.240 GC heap after
{Heap after GC invocations=25 (full 0):
 garbage-first heap   total 136192K, used 66623K [0x0000000083600000, 0x0000000100000000)
  region size 1024K, 1 young (1024K), 1 survivors (1024K)
 Metaspace       used 57802K, committed 58048K, reserved 1114112K
  class space    used 6693K, committed 6784K, reserved 1048576K
}
Event: 13.380 GC heap before
{Heap before GC invocations=25 (full 0):
 garbage-first heap   total 136192K, used 106559K [0x0000000083600000, 0x0000000100000000)
  region size 1024K, 40 young (40960K), 1 survivors (1024K)
 Metaspace       used 62487K, committed 62784K, reserved 1114112K
  class space    used 7382K, committed 7552K, reserved 1048576K
}
Event: 13.384 GC heap after
{Heap after GC invocations=26 (full 0):
 garbage-first heap   total 136192K, used 67265K [0x0000000083600000, 0x0000000100000000)
  region size 1024K, 2 young (2048K), 2 survivors (2048K)
 Metaspace       used 62487K, committed 62784K, reserved 1114112K
  class space    used 7382K, committed 7552K, reserved 1048576K
}
Event: 16.247 GC heap before
{Heap before GC invocations=27 (full 0):
 garbage-first heap   total 136192K, used 110273K [0x0000000083600000, 0x0000000100000000)
  region size 1024K, 42 young (43008K), 2 survivors (2048K)
 Metaspace       used 66842K, committed 67136K, reserved 1114112K
  class space    used 7784K, committed 7936K, reserved 1048576K
}
Event: 16.260 GC heap after
{Heap after GC invocations=28 (full 0):
 garbage-first heap   total 136192K, used 75669K [0x0000000083600000, 0x0000000100000000)
  region size 1024K, 6 young (6144K), 6 survivors (6144K)
 Metaspace       used 66842K, committed 67136K, reserved 1114112K
  class space    used 7784K, committed 7936K, reserved 1048576K
}
Event: 16.291 GC heap before
{Heap before GC invocations=28 (full 0):
 garbage-first heap   total 136192K, used 76693K [0x0000000083600000, 0x0000000100000000)
  region size 1024K, 7 young (7168K), 6 survivors (6144K)
 Metaspace       used 66878K, committed 67200K, reserved 1114112K
  class space    used 7784K, committed 7936K, reserved 1048576K
}
Event: 16.302 GC heap after
{Heap after GC invocations=29 (full 0):
 garbage-first heap   total 136192K, used 76108K [0x0000000083600000, 0x0000000100000000)
  region size 1024K, 1 young (1024K), 1 survivors (1024K)
 Metaspace       used 66878K, committed 67200K, reserved 1114112K
  class space    used 7784K, committed 7936K, reserved 1048576K
}
Event: 17.954 GC heap before
{Heap before GC invocations=29 (full 0):
 garbage-first heap   total 136192K, used 109900K [0x0000000083600000, 0x0000000100000000)
  region size 1024K, 34 young (34816K), 1 survivors (1024K)
 Metaspace       used 68310K, committed 68608K, reserved 1114112K
  class space    used 7887K, committed 8064K, reserved 1048576K
}

Dll operation events (2 events):
Event: 0.011 Loaded shared library D:\Android Studio\jbr\bin\java.dll
Event: 1.951 Loaded shared library D:\Android Studio\jbr\bin\verify.dll

Deoptimization events (20 events):
Event: 17.695 Thread 0x00000197083c5900 DEOPT PACKING pc=0x000001971372a688 sp=0x0000005b13ef1aa0
Event: 17.695 Thread 0x00000197083c5900 DEOPT UNPACKING pc=0x0000019712e2a1a3 sp=0x0000005b13ef1978 mode 2
Event: 17.696 Thread 0x00000197083c5900 Uncommon trap: trap_request=0xffffff45 fr.pc=0x00000197138b3a38 relative=0x0000000000001038
Event: 17.696 Thread 0x00000197083c5900 Uncommon trap: reason=unstable_if action=reinterpret pc=0x00000197138b3a38 method=org.jetbrains.kotlin.types.AbstractStrictEqualityTypeChecker.strictEqualSimpleTypes(Lorg/jetbrains/kotlin/types/model/TypeSystemContext;Lorg/jetbrains/kotlin/types/model/Sim
Event: 17.696 Thread 0x00000197083c5900 DEOPT PACKING pc=0x00000197138b3a38 sp=0x0000005b13ef1490
Event: 17.696 Thread 0x00000197083c5900 DEOPT UNPACKING pc=0x0000019712e2a1a3 sp=0x0000005b13ef1250 mode 2
Event: 17.735 Thread 0x00000197083c5900 DEOPT PACKING pc=0x000001970ca33676 sp=0x0000005b13ef27c0
Event: 17.735 Thread 0x00000197083c5900 DEOPT UNPACKING pc=0x0000019712e2ace3 sp=0x0000005b13ef1cc8 mode 0
Event: 17.746 Thread 0x00000197083c5900 Uncommon trap: trap_request=0xffffffc6 fr.pc=0x0000019713672108 relative=0x00000000000011a8
Event: 17.746 Thread 0x00000197083c5900 Uncommon trap: reason=bimorphic_or_optimized_type_check action=maybe_recompile pc=0x0000019713672108 method=gnu.trove.TObjectHash.insertionIndex(Ljava/lang/Object;)I @ 75 c2
Event: 17.746 Thread 0x00000197083c5900 DEOPT PACKING pc=0x0000019713672108 sp=0x0000005b13ef2450
Event: 17.746 Thread 0x00000197083c5900 DEOPT UNPACKING pc=0x0000019712e2a1a3 sp=0x0000005b13ef23e8 mode 2
Event: 17.941 Thread 0x00000197083c5900 Uncommon trap: trap_request=0xffffffc6 fr.pc=0x000001971391dac8 relative=0x0000000000000188
Event: 17.941 Thread 0x00000197083c5900 Uncommon trap: reason=bimorphic_or_optimized_type_check action=maybe_recompile pc=0x000001971391dac8 method=kotlin.collections.CollectionsKt___CollectionsKt.singleOrNull(Ljava/lang/Iterable;)Ljava/lang/Object; @ 17 c2
Event: 17.941 Thread 0x00000197083c5900 DEOPT PACKING pc=0x000001971391dac8 sp=0x0000005b13eed640
Event: 17.941 Thread 0x00000197083c5900 DEOPT UNPACKING pc=0x0000019712e2a1a3 sp=0x0000005b13eed5c8 mode 2
Event: 17.942 Thread 0x00000197083c5900 Uncommon trap: trap_request=0xffffff45 fr.pc=0x000001971367d8f8 relative=0x00000000000001d8
Event: 17.942 Thread 0x00000197083c5900 Uncommon trap: reason=unstable_if action=reinterpret pc=0x000001971367d8f8 method=kotlin.sequences.FilteringSequence$iterator$1.hasNext()Z @ 5 c2
Event: 17.942 Thread 0x00000197083c5900 DEOPT PACKING pc=0x000001971367d8f8 sp=0x0000005b13eeb6f0
Event: 17.942 Thread 0x00000197083c5900 DEOPT UNPACKING pc=0x0000019712e2a1a3 sp=0x0000005b13eeb6b0 mode 2

Classes unloaded (0 events):
No events

Classes redefined (0 events):
No events

Internal exceptions (20 events):
Event: 13.916 Thread 0x00000197083c5900 Exception <a 'java/lang/NoSuchMethodError'{0x000000008b25b200}: 'java.lang.Object java.lang.invoke.Invokers$Holder.linkToTargetMethod(java.lang.Object, java.lang.Object, java.lang.Object, java.lang.Object, java.lang.Object, java.lang.Object, java.lang.Object)'> (0x000000008b25b200) 
thrown [s\src\hotspot\share\interpreter\linkResolver.cpp, line 771]
Event: 14.248 Thread 0x00000197083c5900 Implicit null exception at 0x0000019713607b18 to 0x000001971360b83c
Event: 14.248 Thread 0x00000197083c5900 Implicit null exception at 0x0000019713607b18 to 0x000001971360b83c
Event: 14.248 Thread 0x00000197083c5900 Implicit null exception at 0x0000019713607b18 to 0x000001971360b83c
Event: 14.248 Thread 0x00000197083c5900 Implicit null exception at 0x0000019713607b18 to 0x000001971360b83c
Event: 14.248 Thread 0x00000197083c5900 Implicit null exception at 0x0000019713607b18 to 0x000001971360b83c
Event: 14.248 Thread 0x00000197083c5900 Implicit null exception at 0x0000019713607b18 to 0x000001971360b83c
Event: 14.248 Thread 0x00000197083c5900 Implicit null exception at 0x0000019713607b18 to 0x000001971360b83c
Event: 14.248 Thread 0x00000197083c5900 Implicit null exception at 0x0000019713607b18 to 0x000001971360b83c
Event: 14.248 Thread 0x00000197083c5900 Implicit null exception at 0x0000019713607b18 to 0x000001971360b83c
Event: 14.248 Thread 0x00000197083c5900 Implicit null exception at 0x0000019713607b18 to 0x000001971360b83c
Event: 14.248 Thread 0x00000197083c5900 Implicit null exception at 0x0000019713607b18 to 0x000001971360b83c
Event: 14.249 Thread 0x00000197083c5900 Implicit null exception at 0x00000197136606b5 to 0x00000197136698b8
Event: 14.250 Thread 0x00000197083c5900 Implicit null exception at 0x0000019713653342 to 0x00000197136535f4
Event: 14.274 Thread 0x00000197083c5900 Exception <a 'java/lang/NoSuchMethodError'{0x000000008aead1c0}: 'java.lang.Object java.lang.invoke.DirectMethodHandle$Holder.invokeInterface(java.lang.Object, java.lang.Object, java.lang.Object)'> (0x000000008aead1c0) 
thrown [s\src\hotspot\share\interpreter\linkResolver.cpp, line 771]
Event: 14.274 Thread 0x00000197083c5900 Exception <a 'java/lang/IncompatibleClassChangeError'{0x000000008aeb0b30}: Found class java.lang.Object, but interface was expected> (0x000000008aeb0b30) 
thrown [s\src\hotspot\share\interpreter\linkResolver.cpp, line 838]
Event: 14.738 Thread 0x00000197083c5900 Implicit null exception at 0x00000197136c33bc to 0x00000197136c40bc
Event: 15.822 Thread 0x00000197083c5900 Exception <a 'java/lang/NoSuchMethodError'{0x0000000089901dc8}: 'java.lang.Object java.lang.invoke.DirectMethodHandle$Holder.newInvokeSpecial(java.lang.Object, int, java.lang.Object, java.lang.Object)'> (0x0000000089901dc8) 
thrown [s\src\hotspot\share\interpreter\linkResolver.cpp, line 771]
Event: 16.089 Thread 0x00000197083c5900 Implicit null exception at 0x000001971369e0be to 0x000001971369e630
Event: 16.586 Thread 0x00000197083c5900 Implicit null exception at 0x000001971389d607 to 0x000001971389eddc

VM Operations (20 events):
Event: 17.122 Executing VM operation: HandshakeAllThreads done
Event: 17.122 Executing VM operation: HandshakeAllThreads
Event: 17.122 Executing VM operation: HandshakeAllThreads done
Event: 17.123 Executing VM operation: HandshakeAllThreads
Event: 17.123 Executing VM operation: HandshakeAllThreads done
Event: 17.132 Executing VM operation: ICBufferFull
Event: 17.134 Executing VM operation: ICBufferFull done
Event: 17.146 Executing VM operation: HandshakeAllThreads
Event: 17.146 Executing VM operation: HandshakeAllThreads done
Event: 17.170 Executing VM operation: HandshakeAllThreads
Event: 17.170 Executing VM operation: HandshakeAllThreads done
Event: 17.271 Executing VM operation: ICBufferFull
Event: 17.271 Executing VM operation: ICBufferFull done
Event: 17.604 Executing VM operation: HandshakeAllThreads
Event: 17.605 Executing VM operation: HandshakeAllThreads done
Event: 17.659 Executing VM operation: ICBufferFull
Event: 17.659 Executing VM operation: ICBufferFull done
Event: 17.942 Executing VM operation: ICBufferFull
Event: 17.942 Executing VM operation: ICBufferFull done
Event: 17.954 Executing VM operation: G1CollectForAllocation

Events (20 events):
Event: 17.182 Thread 0x0000019721a7bf00 flushing nmethod 0x000001970c9fae10
Event: 17.182 Thread 0x0000019721a7bf00 flushing nmethod 0x000001970ca2b190
Event: 17.183 Thread 0x0000019721a7bf00 flushing nmethod 0x000001970ca77090
Event: 17.183 Thread 0x0000019721a7bf00 flushing nmethod 0x000001970ca84b10
Event: 17.183 Thread 0x0000019721a7bf00 flushing nmethod 0x000001970caafc90
Event: 17.183 Thread 0x0000019721a7bf00 flushing nmethod 0x000001970cab9e90
Event: 17.183 Thread 0x0000019721a7bf00 flushing nmethod 0x000001970cac9d10
Event: 17.183 Thread 0x0000019721a7bf00 flushing nmethod 0x000001970cb1b590
Event: 17.183 Thread 0x0000019721a7bf00 flushing nmethod 0x000001970cb74190
Event: 17.183 Thread 0x0000019721a7bf00 flushing nmethod 0x000001970cb75090
Event: 17.183 Thread 0x0000019721a7bf00 flushing nmethod 0x000001970cb7bd90
Event: 17.183 Thread 0x0000019721a7bf00 flushing nmethod 0x000001970cb89f90
Event: 17.185 Thread 0x0000019721a7bf00 flushing nmethod 0x000001970ce28b90
Event: 17.185 Thread 0x0000019721a7bf00 flushing nmethod 0x000001970ce81310
Event: 17.185 Thread 0x0000019721a7bf00 flushing nmethod 0x000001970ce88a10
Event: 17.186 Thread 0x0000019721a7bf00 flushing nmethod 0x000001970cfd7710
Event: 17.186 Thread 0x0000019721a7bf00 flushing nmethod 0x000001970d04bd90
Event: 17.186 Thread 0x0000019721a7bf00 flushing nmethod 0x000001970d056b90
Event: 17.186 Thread 0x0000019721a7bf00 flushing nmethod 0x000001970d171c10
Event: 17.186 Thread 0x0000019721a7bf00 flushing nmethod 0x000001970d188010


Dynamic libraries:
0x00007ff7a6350000 - 0x00007ff7a635a000 	D:\Android Studio\jbr\bin\java.exe
0x00007ff9279b0000 - 0x00007ff927bc7000 	C:\WINDOWS\SYSTEM32\ntdll.dll
0x00007ff926700000 - 0x00007ff9267c4000 	C:\WINDOWS\System32\KERNEL32.DLL
0x00007ff924e60000 - 0x00007ff925206000 	C:\WINDOWS\System32\KERNELBASE.dll
0x00007ff9254a0000 - 0x00007ff9255b1000 	C:\WINDOWS\System32\ucrtbase.dll
0x00007ff8f6d80000 - 0x00007ff8f6d97000 	D:\Android Studio\jbr\bin\jli.dll
0x00007ff926550000 - 0x00007ff9266fe000 	C:\WINDOWS\System32\USER32.dll
0x00007ff9256d0000 - 0x00007ff9256f6000 	C:\WINDOWS\System32\win32u.dll
0x00007ff926410000 - 0x00007ff926439000 	C:\WINDOWS\System32\GDI32.dll
0x00007ff925210000 - 0x00007ff925328000 	C:\WINDOWS\System32\gdi32full.dll
0x00007ff9255c0000 - 0x00007ff92565a000 	C:\WINDOWS\System32\msvcp_win.dll
0x00007ff8f70b0000 - 0x00007ff8f70cb000 	D:\Android Studio\jbr\bin\VCRUNTIME140.dll
0x00007ff90e450000 - 0x00007ff90e6e3000 	C:\WINDOWS\WinSxS\amd64_microsoft.windows.common-controls_6595b64144ccf1df_6.0.22621.2506_none_270c5ae97388e100\COMCTL32.dll
0x00007ff926b60000 - 0x00007ff926c07000 	C:\WINDOWS\System32\msvcrt.dll
0x00007ff9262f0000 - 0x00007ff926321000 	C:\WINDOWS\System32\IMM32.DLL
0x00007ff91fe30000 - 0x00007ff91fe3c000 	D:\Android Studio\jbr\bin\vcruntime140_1.dll
0x00007ff8f6cb0000 - 0x00007ff8f6d3d000 	D:\Android Studio\jbr\bin\msvcp140.dll
0x00007ff880b00000 - 0x00007ff881780000 	D:\Android Studio\jbr\bin\server\jvm.dll
0x00007ff9277a0000 - 0x00007ff927851000 	C:\WINDOWS\System32\ADVAPI32.dll
0x00007ff925b90000 - 0x00007ff925c35000 	C:\WINDOWS\System32\sechost.dll
0x00007ff9261d0000 - 0x00007ff9262e7000 	C:\WINDOWS\System32\RPCRT4.dll
0x00007ff91fe40000 - 0x00007ff91fe49000 	C:\WINDOWS\SYSTEM32\WSOCK32.dll
0x00007ff926330000 - 0x00007ff9263a1000 	C:\WINDOWS\System32\WS2_32.dll
0x00007ff91c740000 - 0x00007ff91c774000 	C:\WINDOWS\SYSTEM32\WINMM.dll
0x00007ff911db0000 - 0x00007ff911dba000 	C:\WINDOWS\SYSTEM32\VERSION.dll
0x00007ff923e10000 - 0x00007ff923e28000 	C:\WINDOWS\SYSTEM32\kernel.appcore.dll
0x00007ff91d270000 - 0x00007ff91d27a000 	D:\Android Studio\jbr\bin\jimage.dll
0x00007ff916a50000 - 0x00007ff916c83000 	C:\WINDOWS\SYSTEM32\DBGHELP.DLL
0x00007ff9267d0000 - 0x00007ff926b59000 	C:\WINDOWS\System32\combase.dll
0x00007ff926d60000 - 0x00007ff926e37000 	C:\WINDOWS\System32\OLEAUT32.dll
0x00007ff8f2e50000 - 0x00007ff8f2e82000 	C:\WINDOWS\SYSTEM32\dbgcore.DLL
0x00007ff924de0000 - 0x00007ff924e5a000 	C:\WINDOWS\System32\bcryptPrimitives.dll
0x00007ff90da30000 - 0x00007ff90da55000 	D:\Android Studio\jbr\bin\java.dll
0x00007ff90da10000 - 0x00007ff90da28000 	D:\Android Studio\jbr\bin\zip.dll
0x00007ff926e40000 - 0x00007ff92769a000 	C:\WINDOWS\System32\SHELL32.dll
0x00007ff922c40000 - 0x00007ff923536000 	C:\WINDOWS\SYSTEM32\windows.storage.dll
0x00007ff922b00000 - 0x00007ff922c3e000 	C:\WINDOWS\SYSTEM32\wintypes.dll
0x00007ff926c60000 - 0x00007ff926d53000 	C:\WINDOWS\System32\SHCORE.dll
0x00007ff9263b0000 - 0x00007ff92640e000 	C:\WINDOWS\System32\shlwapi.dll
0x00007ff924c50000 - 0x00007ff924c76000 	C:\WINDOWS\SYSTEM32\profapi.dll
0x00007ff90d780000 - 0x00007ff90d799000 	D:\Android Studio\jbr\bin\net.dll
0x00007ff91f3b0000 - 0x00007ff91f4e7000 	C:\WINDOWS\SYSTEM32\WINHTTP.dll
0x00007ff924290000 - 0x00007ff9242f9000 	C:\WINDOWS\system32\mswsock.dll
0x00007ff90d760000 - 0x00007ff90d776000 	D:\Android Studio\jbr\bin\nio.dll
0x00007ff90d750000 - 0x00007ff90d760000 	D:\Android Studio\jbr\bin\verify.dll

dbghelp: loaded successfully - version: 4.0.5 - missing functions: none
symbol engine: initialized successfully - sym options: 0x614 - pdb path: .;D:\Android Studio\jbr\bin;C:\WINDOWS\SYSTEM32;C:\WINDOWS\WinSxS\amd64_microsoft.windows.common-controls_6595b64144ccf1df_6.0.22621.2506_none_270c5ae97388e100;D:\Android Studio\jbr\bin\server

VM Arguments:
java_command: org.jetbrains.kotlin.cli.jvm.K2JVMCompiler @D:\PasKita\app\build\20231218_9871539029967789657.compiler.options
java_class_path (initial): D:\Afone\My Project\BimbingansKu\BimbingansKu\caches\modules-2\files-2.1\org.jetbrains.kotlin\kotlin-compiler-embeddable\1.9.0\2c8c3a7402becca891f12739b3e9fd2dc2adbd7a\kotlin-compiler-embeddable-1.9.0.jar;D:\Afone\My Project\BimbingansKu\BimbingansKu\caches\modules-2\files-2.1\org.jetbrains.kotlin\kotlin-stdlib\1.9.0\8ee15ef0c67dc83d874f412d84378d7f0eb50b63\kotlin-stdlib-1.9.0.jar;D:\Afone\My Project\BimbingansKu\BimbingansKu\caches\modules-2\files-2.1\org.jetbrains.kotlin\kotlin-script-runtime\1.9.0\4b3102cbbb7e1b58d9d1adf89563f00069ffa7d1\kotlin-script-runtime-1.9.0.jar;D:\Afone\My Project\BimbingansKu\BimbingansKu\caches\modules-2\files-2.1\org.jetbrains.kotlin\kotlin-reflect\1.6.10\1cbe9c92c12a94eea200d23c2bbaedaf3daf5132\kotlin-reflect-1.6.10.jar;D:\Afone\My Project\BimbingansKu\BimbingansKu\caches\modules-2\files-2.1\org.jetbrains.kotlin\kotlin-daemon-embeddable\1.9.0\186543f5e28cf8d9a0290fecc2cf34301c40a65c\kotlin-daemon-embeddable-1.9.0.jar;D:\Afone\My Project\BimbingansKu\BimbingansKu\caches\modules-2\files-2.1\org.jetbrains.intellij.deps\trove4j\1.0.20200330\3afb14d5f9ceb459d724e907a21145e8ff394f02\trove4j-1.0.20200330.jar;D:\Afone\My Project\BimbingansKu\BimbingansKu\caches\modules-2\files-2.1\org.jetbrains.kotlin\kotlin-stdlib-common\1.9.0\cd65c21cfd1eec4d44ef09f9f52b6d9f8a720636\kotlin-stdlib-common-1.9.0.jar;D:\Afone\My Project\BimbingansKu\BimbingansKu\caches\modules-2\files-2.1\org.jetbrains\annotations\13.0\919f0dfe192fb4e063e7dacadee7f8bb9a2672a9\annotations-13.0.jar
Launcher Type: SUN_STANDARD

[Global flags]
     intx CICompilerCount                          = 3                                         {product} {ergonomic}
     uint ConcGCThreads                            = 1                                         {product} {ergonomic}
     uint G1ConcRefinementThreads                  = 4                                         {product} {ergonomic}
   size_t G1HeapRegionSize                         = 1048576                                   {product} {ergonomic}
    uintx GCDrainStackTargetSize                   = 64                                        {product} {ergonomic}
   size_t InitialHeapSize                          = 132120576                                 {product} {ergonomic}
   size_t MarkStackSize                            = 4194304                                   {product} {ergonomic}
   size_t MaxHeapSize                              = 2090860544                                {product} {ergonomic}
   size_t MaxNewSize                               = 1254096896                                {product} {ergonomic}
   size_t MinHeapDeltaBytes                        = 1048576                                   {product} {ergonomic}
   size_t MinHeapSize                              = 8388608                                   {product} {ergonomic}
    uintx NonNMethodCodeHeapSize                   = 5832780                                {pd product} {ergonomic}
    uintx NonProfiledCodeHeapSize                  = 122912730                              {pd product} {ergonomic}
    uintx ProfiledCodeHeapSize                     = 122912730                              {pd product} {ergonomic}
    uintx ReservedCodeCacheSize                    = 251658240                              {pd product} {ergonomic}
     bool SegmentedCodeCache                       = true                                      {product} {ergonomic}
   size_t SoftMaxHeapSize                          = 2090860544                             {manageable} {ergonomic}
     bool UseCompressedClassPointers               = true                           {product lp64_product} {ergonomic}
     bool UseCompressedOops                        = true                           {product lp64_product} {ergonomic}
     bool UseG1GC                                  = true                                      {product} {ergonomic}
     bool UseLargePagesIndividualAllocation        = false                                  {pd product} {ergonomic}

Logging:
Log output configuration:
 #0: stdout all=warning uptime,level,tags
 #1: stderr all=off uptime,level,tags

Environment Variables:
JAVA_HOME=C:\Program Files\Zulu\zulu-8
PATH=C:\Program Files\Zulu\zulu-8\bin\;C:\Program Files (x86)\Common Files\Oracle\Java\javapath;C:\ProgramData\Oracle\Java\javapath;C:\WINDOWS\system32;C:\WINDOWS;C:\WINDOWS\System32\Wbem;C:\WINDOWS\System32\WindowsPowerShell\v1.0\;C:\WINDOWS\System32\OpenSSH\;D:\Java\bin;C:\Program Files\Git\cmd;D:\Tools\gradle-7.3\bin;D:\Xampp\php;D:\flutter\bin;C:\Users\User\AppData\Local\Programs\Python\Python39\Scripts\;C:\Users\User\AppData\Local\Programs\Python\Python39\;C:\Users\User\AppData\Local\Microsoft\WindowsApps;D:\IntelliJ IDEA Community Edition 2023.2\bin;;D:\Microsoft VS Code\bin;C:\Users\User\AppData\Local\GitHubDesktop\bin
USERNAME=Afwaans
OS=Windows_NT
PROCESSOR_IDENTIFIER=Intel64 Family 6 Model 140 Stepping 1, GenuineIntel
TMP=C:\Users\User\AppData\Local\Temp
TEMP=C:\Users\User\AppData\Local\Temp


JNI global refs:
JNI global refs: 9, weak refs: 0

JNI global refs memory usage: 843, weak refs: 841

OOME stack traces (most recent first):
Classloader memory used:
Loader jdk.internal.loader.ClassLoaders$AppClassLoader                                 : 7126K
Loader bootstrap                                                                       : 1372K
Loader jdk.internal.reflect.DelegatingClassLoader                                      : 23159B
Loader java.net.URLClassLoader                                                         : 17043B


---------------  S Y S T E M  ---------------

OS:
 Windows 11 , 64 bit Build 22621 (10.0.22621.2506)
OS uptime: 0 days 6:14 hours

CPU: total 4 (initial active 4) (2 cores per cpu, 2 threads per core) family 6 model 140 stepping 1 microcode 0x86, cx8, cmov, fxsr, ht, mmx, 3dnowpref, sse, sse2, sse3, ssse3, sse4.1, sse4.2, popcnt, lzcnt, tsc, tscinvbit, avx, avx2, aes, erms, clmul, bmi1, bmi2, adx, avx512f, avx512dq, avx512cd, avx512bw, avx512vl, sha, fma, vzeroupper, avx512_vpopcntdq, avx512_vpclmulqdq, avx512_vaes, avx512_vnni, clflush, clflushopt, clwb, avx512_vbmi2, avx512_vbmi

Memory: 4k page, system-wide physical 7975M (634M free)
TotalPageFile size 18323M (AvailPageFile size 142M)
current process WorkingSet (physical memory assigned to process): 329M, peak: 339M
current process commit charge ("private bytes"): 357M, peak: 623M

vm_info: OpenJDK 64-Bit Server VM (17.0.7+0-b2043.56-10550314) for windows-amd64 JRE (17.0.7+0-b2043.56-10550314), built on Jul 24 2023 18:27:45 by "androidbuild" with MS VC++ 16.10 / 16.11 (VS2019)

END.
