#
# There is insufficient memory for the Java Runtime Environment to continue.
# Native memory allocation (mmap) failed to map 132120576 bytes for G1 virtual space
# Possible reasons:
#   The system is out of physical RAM or swap space
#   The process is running with CompressedOops enabled, and the Java Heap may be blocking the growth of the native heap
# Possible solutions:
#   Reduce memory load on the system
#   Increase physical memory or swap space
#   Check if swap backing store is full
#   Decrease Java heap size (-Xmx/-Xms)
#   Decrease number of Java threads
#   Decrease Java thread stack sizes (-Xss)
#   Set larger code cache with -XX:ReservedCodeCacheSize=
#   JVM is running with Unscaled Compressed Oops mode in which the Java heap is
#     placed in the first 4GB address space. The Java Heap base address is the
#     maximum limit for the native heap growth. Please use -XX:HeapBaseMinAddress
#     to set the Java Heap base and to place the Java Heap above 4GB virtual address.
# This output file may be truncated or incomplete.
#
#  Out of Memory Error (os_windows.cpp:3771), pid=936, tid=15352
#
# JRE version:  (17.0.7) (build )
# Java VM: OpenJDK 64-Bit Server VM (17.0.7+0-b2043.56-10550314, mixed mode, sharing, tiered, compressed oops, compressed class ptrs, g1 gc, windows-amd64)
# No core dump will be written. Minidumps are not enabled by default on client versions of Windows
#

---------------  S U M M A R Y ------------

Command Line: org.jetbrains.kotlin.cli.jvm.K2JVMCompiler @D:\PasKita\app\build\20231211_127233193909178556.compiler.options

Host: 11th Gen Intel(R) Core(TM) i3-1115G4 @ 3.00GHz, 4 cores, 7G,  Windows 11 , 64 bit Build 22621 (10.0.22621.2506)
Time: Mon Dec 11 13:17:00 2023 SE Asia Standard Time elapsed time: 0.009869 seconds (0d 0h 0m 0s)

---------------  T H R E A D  ---------------

Current thread (0x000001f2cc548810):  JavaThread "Unknown thread" [_thread_in_vm, id=15352, stack(0x00000029f0700000,0x00000029f0800000)]

Stack: [0x00000029f0700000,0x00000029f0800000]
Native frames: (J=compiled Java code, j=interpreted, Vv=VM code, C=native code)
V  [jvm.dll+0x683bfa]
V  [jvm.dll+0x8430a4]
V  [jvm.dll+0x8449be]
V  [jvm.dll+0x845023]
V  [jvm.dll+0x24ad2f]
V  [jvm.dll+0x680ac9]
V  [jvm.dll+0x67519a]
V  [jvm.dll+0x30b3cb]
V  [jvm.dll+0x312876]
V  [jvm.dll+0x36221e]
V  [jvm.dll+0x36244f]
V  [jvm.dll+0x2e14a8]
V  [jvm.dll+0x2e2414]
V  [jvm.dll+0x814391]
V  [jvm.dll+0x36ffe1]
V  [jvm.dll+0x7f396c]
V  [jvm.dll+0x3f305f]
V  [jvm.dll+0x3f4b91]
C  [jli.dll+0x528f]
C  [ucrtbase.dll+0x29363]
C  [KERNEL32.DLL+0x1257d]
C  [ntdll.dll+0x5aa58]


---------------  P R O C E S S  ---------------

Threads class SMR info:
_java_thread_list=0x00007ffefff7d098, length=0, elements={
}

Java Threads: ( => current thread )

Other Threads:
  0x000001f2cc5a32f0 GCTaskThread "GC Thread#0" [stack: 0x00000029f0800000,0x00000029f0900000] [id=11428]
  0x000001f2cc5b3b80 ConcurrentGCThread "G1 Main Marker" [stack: 0x00000029f0900000,0x00000029f0a00000] [id=15844]
  0x000001f2cc5b4d30 ConcurrentGCThread "G1 Conc#0" [stack: 0x00000029f0a00000,0x00000029f0b00000] [id=6340]

[error occurred during error reporting (printing all threads), id 0xc0000005, EXCEPTION_ACCESS_VIOLATION (0xc0000005) at pc=0x00007ffeff732087]

VM state: not at safepoint (not fully initialized)

VM Mutex/Monitor currently owned by a thread:  ([mutex/lock_event])
[0x000001f2cc543190] Heap_lock - owner thread: 0x000001f2cc548810

Heap address: 0x0000000083600000, size: 1994 MB, Compressed Oops mode: 32-bit

CDS archive(s) mapped at: [0x0000000000000000-0x0000000000000000-0x0000000000000000), size 0, SharedBaseAddress: 0x0000000800000000, ArchiveRelocationMode: 0.
Narrow klass base: 0x0000000000000000, Narrow klass shift: 0, Narrow klass range: 0x0

GC Precious Log:
<Empty>

Heap:
 garbage-first heap   total 0K, used 0K [0x0000000083600000, 0x0000000100000000)
  region size 1024K, 0 young (0K), 0 survivors (0K)
 Metaspace       used 0K, committed 0K, reserved 0K
  class space    used 0K, committed 0K, reserved 0K

Heap Regions: E=young(eden), S=young(survivor), O=old, HS=humongous(starts), HC=humongous(continues), CS=collection set, F=free, OA=open archive, CA=closed archive, TAMS=top-at-mark-start (previous, next)

Card table byte_map: [0x000001f2dee10000,0x000001f2df200000] _byte_map_base: 0x000001f2de9f5000

Marking Bits (Prev, Next): (CMBitMap*) 0x000001f2cc5a3900, (CMBitMap*) 0x000001f2cc5a3940
 Prev Bits: [0x000001f2df5f0000, 0x000001f2e1518000)
 Next Bits: [0x000001f2e1520000, 0x000001f2e3448000)

GC Heap History (0 events):
No events

Dll operation events (1 events):
Event: 0.007 Loaded shared library D:\Android Studio\jbr\bin\java.dll

Deoptimization events (0 events):
No events

Classes unloaded (0 events):
No events

Classes redefined (0 events):
No events

Internal exceptions (0 events):
No events

VM Operations (0 events):
No events

Events (0 events):
No events


Dynamic libraries:
0x00007ff739e40000 - 0x00007ff739e4a000 	D:\Android Studio\jbr\bin\java.exe
0x00007fff84b30000 - 0x00007fff84d47000 	C:\WINDOWS\SYSTEM32\ntdll.dll
0x00007fff834b0000 - 0x00007fff83574000 	C:\WINDOWS\System32\KERNEL32.DLL
0x00007fff82300000 - 0x00007fff826a6000 	C:\WINDOWS\System32\KERNELBASE.dll
0x00007fff82760000 - 0x00007fff82871000 	C:\WINDOWS\System32\ucrtbase.dll
0x00007fff54170000 - 0x00007fff5418b000 	D:\Android Studio\jbr\bin\VCRUNTIME140.dll
0x00007fff6fcf0000 - 0x00007fff6fd07000 	D:\Android Studio\jbr\bin\jli.dll
0x00007fff82a90000 - 0x00007fff82c3e000 	C:\WINDOWS\System32\USER32.dll
0x00007fff826b0000 - 0x00007fff826d6000 	C:\WINDOWS\System32\win32u.dll
0x00007fff6b0c0000 - 0x00007fff6b353000 	C:\WINDOWS\WinSxS\amd64_microsoft.windows.common-controls_6595b64144ccf1df_6.0.22621.2506_none_270c5ae97388e100\COMCTL32.dll
0x00007fff83980000 - 0x00007fff83a27000 	C:\WINDOWS\System32\msvcrt.dll
0x00007fff83840000 - 0x00007fff83869000 	C:\WINDOWS\System32\GDI32.dll
0x00007fff82170000 - 0x00007fff82288000 	C:\WINDOWS\System32\gdi32full.dll
0x00007fff820d0000 - 0x00007fff8216a000 	C:\WINDOWS\System32\msvcp_win.dll
0x00007fff82e30000 - 0x00007fff82e61000 	C:\WINDOWS\System32\IMM32.DLL
0x00007fff60930000 - 0x00007fff6093c000 	D:\Android Studio\jbr\bin\vcruntime140_1.dll
0x00007fff488c0000 - 0x00007fff4894d000 	D:\Android Studio\jbr\bin\msvcp140.dll
0x00007ffeff440000 - 0x00007fff000c0000 	D:\Android Studio\jbr\bin\server\jvm.dll
0x00007fff84a30000 - 0x00007fff84ae1000 	C:\WINDOWS\System32\ADVAPI32.dll
0x00007fff83400000 - 0x00007fff834a5000 	C:\WINDOWS\System32\sechost.dll
0x00007fff83720000 - 0x00007fff83837000 	C:\WINDOWS\System32\RPCRT4.dll
0x00007fff7d0f0000 - 0x00007fff7d0f9000 	C:\WINDOWS\SYSTEM32\WSOCK32.dll
0x00007fff82f00000 - 0x00007fff82f71000 	C:\WINDOWS\System32\WS2_32.dll
0x00007fff70400000 - 0x00007fff70434000 	C:\WINDOWS\SYSTEM32\WINMM.dll
0x00007fff6ecd0000 - 0x00007fff6ecda000 	C:\WINDOWS\SYSTEM32\VERSION.dll
0x00007fff80f90000 - 0x00007fff80fa8000 	C:\WINDOWS\SYSTEM32\kernel.appcore.dll
0x00007fff7cba0000 - 0x00007fff7cbaa000 	D:\Android Studio\jbr\bin\jimage.dll
0x00007fff7ef60000 - 0x00007fff7f193000 	C:\WINDOWS\SYSTEM32\DBGHELP.DLL
0x00007fff846a0000 - 0x00007fff84a29000 	C:\WINDOWS\System32\combase.dll
0x00007fff82990000 - 0x00007fff82a67000 	C:\WINDOWS\System32\OLEAUT32.dll
0x00007fff52930000 - 0x00007fff52962000 	C:\WINDOWS\SYSTEM32\dbgcore.DLL
0x00007fff826e0000 - 0x00007fff8275a000 	C:\WINDOWS\System32\bcryptPrimitives.dll
0x00007fff7cac0000 - 0x00007fff7cae5000 	D:\Android Studio\jbr\bin\java.dll

dbghelp: loaded successfully - version: 4.0.5 - missing functions: none
symbol engine: initialized successfully - sym options: 0x614 - pdb path: .;D:\Android Studio\jbr\bin;C:\WINDOWS\SYSTEM32;C:\WINDOWS\WinSxS\amd64_microsoft.windows.common-controls_6595b64144ccf1df_6.0.22621.2506_none_270c5ae97388e100;D:\Android Studio\jbr\bin\server

VM Arguments:
java_command: org.jetbrains.kotlin.cli.jvm.K2JVMCompiler @D:\PasKita\app\build\20231211_127233193909178556.compiler.options
java_class_path (initial): D:\Afone\My Project\BimbingansKu\BimbingansKu\caches\modules-2\files-2.1\org.jetbrains.kotlin\kotlin-compiler-embeddable\1.9.0\2c8c3a7402becca891f12739b3e9fd2dc2adbd7a\kotlin-compiler-embeddable-1.9.0.jar;D:\Afone\My Project\BimbingansKu\BimbingansKu\caches\modules-2\files-2.1\org.jetbrains.kotlin\kotlin-stdlib\1.9.0\8ee15ef0c67dc83d874f412d84378d7f0eb50b63\kotlin-stdlib-1.9.0.jar;D:\Afone\My Project\BimbingansKu\BimbingansKu\caches\modules-2\files-2.1\org.jetbrains.kotlin\kotlin-script-runtime\1.9.0\4b3102cbbb7e1b58d9d1adf89563f00069ffa7d1\kotlin-script-runtime-1.9.0.jar;D:\Afone\My Project\BimbingansKu\BimbingansKu\caches\modules-2\files-2.1\org.jetbrains.kotlin\kotlin-reflect\1.6.10\1cbe9c92c12a94eea200d23c2bbaedaf3daf5132\kotlin-reflect-1.6.10.jar;D:\Afone\My Project\BimbingansKu\BimbingansKu\caches\modules-2\files-2.1\org.jetbrains.kotlin\kotlin-daemon-embeddable\1.9.0\186543f5e28cf8d9a0290fecc2cf34301c40a65c\kotlin-daemon-embeddable-1.9.0.jar;D:\Afone\My Project\BimbingansKu\BimbingansKu\caches\modules-2\files-2.1\org.jetbrains.intellij.deps\trove4j\1.0.20200330\3afb14d5f9ceb459d724e907a21145e8ff394f02\trove4j-1.0.20200330.jar;D:\Afone\My Project\BimbingansKu\BimbingansKu\caches\modules-2\files-2.1\org.jetbrains.kotlin\kotlin-stdlib-common\1.9.0\cd65c21cfd1eec4d44ef09f9f52b6d9f8a720636\kotlin-stdlib-common-1.9.0.jar;D:\Afone\My Project\BimbingansKu\BimbingansKu\caches\modules-2\files-2.1\org.jetbrains\annotations\13.0\919f0dfe192fb4e063e7dacadee7f8bb9a2672a9\annotations-13.0.jar
Launcher Type: SUN_STANDARD

[Global flags]
     intx CICompilerCount                          = 3                                         {product} {ergonomic}
     uint ConcGCThreads                            = 1                                         {product} {ergonomic}
     uint G1ConcRefinementThreads                  = 4                                         {product} {ergonomic}
   size_t G1HeapRegionSize                         = 1048576                                   {product} {ergonomic}
    uintx GCDrainStackTargetSize                   = 64                                        {product} {ergonomic}
   size_t InitialHeapSize                          = 132120576                                 {product} {ergonomic}
   size_t MarkStackSize                            = 4194304                                   {product} {ergonomic}
   size_t MaxHeapSize                              = 2090860544                                {product} {ergonomic}
   size_t MinHeapDeltaBytes                        = 1048576                                   {product} {ergonomic}
   size_t MinHeapSize                              = 8388608                                   {product} {ergonomic}
    uintx NonNMethodCodeHeapSize                   = 5832780                                {pd product} {ergonomic}
    uintx NonProfiledCodeHeapSize                  = 122912730                              {pd product} {ergonomic}
    uintx ProfiledCodeHeapSize                     = 122912730                              {pd product} {ergonomic}
    uintx ReservedCodeCacheSize                    = 251658240                              {pd product} {ergonomic}
     bool SegmentedCodeCache                       = true                                      {product} {ergonomic}
   size_t SoftMaxHeapSize                          = 2090860544                             {manageable} {ergonomic}
     bool UseCompressedClassPointers               = true                           {product lp64_product} {ergonomic}
     bool UseCompressedOops                        = true                           {product lp64_product} {ergonomic}
     bool UseG1GC                                  = true                                      {product} {ergonomic}
     bool UseLargePagesIndividualAllocation        = false                                  {pd product} {ergonomic}

Logging:
Log output configuration:
 #0: stdout all=warning uptime,level,tags
 #1: stderr all=off uptime,level,tags

Environment Variables:
JAVA_HOME=C:\Program Files\Zulu\zulu-8
PATH=C:\Program Files\Zulu\zulu-8\bin\;C:\Program Files (x86)\Common Files\Oracle\Java\javapath;C:\ProgramData\Oracle\Java\javapath;C:\WINDOWS\system32;C:\WINDOWS;C:\WINDOWS\System32\Wbem;C:\WINDOWS\System32\WindowsPowerShell\v1.0\;C:\WINDOWS\System32\OpenSSH\;D:\Java\bin;C:\Program Files\Git\cmd;D:\Tools\gradle-7.3\bin;D:\Xampp\php;D:\flutter\bin;C:\Users\User\AppData\Local\Programs\Python\Python39\Scripts\;C:\Users\User\AppData\Local\Programs\Python\Python39\;C:\Users\User\AppData\Local\Microsoft\WindowsApps;D:\IntelliJ IDEA Community Edition 2023.2\bin;;D:\Microsoft VS Code\bin;C:\Users\User\AppData\Local\GitHubDesktop\bin
USERNAME=Afwaans
OS=Windows_NT
PROCESSOR_IDENTIFIER=Intel64 Family 6 Model 140 Stepping 1, GenuineIntel
TMP=C:\Users\User\AppData\Local\Temp
TEMP=C:\Users\User\AppData\Local\Temp


JNI global refs:
JNI global refs: 0, weak refs: 0

JNI global refs memory usage: 0, weak refs: 0

OOME stack traces (most recent first):
Classloader memory used:


---------------  S Y S T E M  ---------------

OS:
 Windows 11 , 64 bit Build 22621 (10.0.22621.2506)
OS uptime: 0 days 4:46 hours

CPU: total 4 (initial active 4) (2 cores per cpu, 2 threads per core) family 6 model 140 stepping 1 microcode 0x86, cx8, cmov, fxsr, ht, mmx, 3dnowpref, sse, sse2, sse3, ssse3, sse4.1, sse4.2, popcnt, lzcnt, tsc, tscinvbit, avx, avx2, aes, erms, clmul, bmi1, bmi2, adx, avx512f, avx512dq, avx512cd, avx512bw, avx512vl, sha, fma, vzeroupper, avx512_vpopcntdq, avx512_vpclmulqdq, avx512_vaes, avx512_vnni, clflush, clflushopt, clwb, avx512_vbmi2, avx512_vbmi

Memory: 4k page, system-wide physical 7975M (399M free)
TotalPageFile size 11461M (AvailPageFile size 28M)
current process WorkingSet (physical memory assigned to process): 11M, peak: 11M
current process commit charge ("private bytes"): 51M, peak: 177M

vm_info: OpenJDK 64-Bit Server VM (17.0.7+0-b2043.56-10550314) for windows-amd64 JRE (17.0.7+0-b2043.56-10550314), built on Jul 24 2023 18:27:45 by "androidbuild" with MS VC++ 16.10 / 16.11 (VS2019)

END.
