#
# There is insufficient memory for the Java Runtime Environment to continue.
# Native memory allocation (malloc) failed to allocate 1991632 bytes for Chunk::new
# Possible reasons:
#   The system is out of physical RAM or swap space
#   The process is running with CompressedOops enabled, and the Java Heap may be blocking the growth of the native heap
# Possible solutions:
#   Reduce memory load on the system
#   Increase physical memory or swap space
#   Check if swap backing store is full
#   Decrease Java heap size (-Xmx/-Xms)
#   Decrease number of Java threads
#   Decrease Java thread stack sizes (-Xss)
#   Set larger code cache with -XX:ReservedCodeCacheSize=
#   JVM is running with Unscaled Compressed Oops mode in which the Java heap is
#     placed in the first 4GB address space. The Java Heap base address is the
#     maximum limit for the native heap growth. Please use -XX:HeapBaseMinAddress
#     to set the Java Heap base and to place the Java Heap above 4GB virtual address.
# This output file may be truncated or incomplete.
#
#  Out of Memory Error (arena.cpp:189), pid=5204, tid=6248
#
# JRE version: OpenJDK Runtime Environment (17.0.7) (build 17.0.7+0-b2043.56-10550314)
# Java VM: OpenJDK 64-Bit Server VM (17.0.7+0-b2043.56-10550314, mixed mode, tiered, compressed oops, compressed class ptrs, g1 gc, windows-amd64)
# No core dump will be written. Minidumps are not enabled by default on client versions of Windows
#

---------------  S U M M A R Y ------------

Command Line: --add-opens=java.base/java.util=ALL-UNNAMED --add-opens=java.base/java.lang=ALL-UNNAMED --add-opens=java.base/java.lang.invoke=ALL-UNNAMED --add-opens=java.prefs/java.util.prefs=ALL-UNNAMED --add-opens=java.base/java.nio.charset=ALL-UNNAMED --add-opens=java.base/java.net=ALL-UNNAMED --add-opens=java.base/java.util.concurrent.atomic=ALL-UNNAMED -Xmx2048m -Dfile.encoding=UTF-8 -Duser.country=ID -Duser.language=en -Duser.variant -javaagent:D:\Afone\My Project\BimbingansKu\BimbingansKu\wrapper\dists\gradle-8.2-bin\bbg7u40eoinfdyxsxr3z4i7ta\gradle-8.2\lib\agents\gradle-instrumentation-agent-8.2.jar org.gradle.launcher.daemon.bootstrap.GradleDaemon 8.2

Host: 11th Gen Intel(R) Core(TM) i3-1115G4 @ 3.00GHz, 4 cores, 7G,  Windows 11 , 64 bit Build 22621 (10.0.22621.2506)
Time: Mon Dec 11 13:23:58 2023 SE Asia Standard Time elapsed time: 6.263817 seconds (0d 0h 0m 6s)

---------------  T H R E A D  ---------------

Current thread (0x000001a1fd022690):  JavaThread "C2 CompilerThread0" daemon [_thread_in_native, id=6248, stack(0x0000000101300000,0x0000000101400000)]


Current CompileTask:
C2:   6264 4509       4       java.lang.Class::annotationData (44 bytes)

Stack: [0x0000000101300000,0x0000000101400000]
Native frames: (J=compiled Java code, j=interpreted, Vv=VM code, C=native code)
V  [jvm.dll+0x683bfa]
V  [jvm.dll+0x8430a4]
V  [jvm.dll+0x8449be]
V  [jvm.dll+0x845023]
V  [jvm.dll+0x24ad2f]
V  [jvm.dll+0xac25c]
V  [jvm.dll+0xac82c]
V  [jvm.dll+0x36a187]
V  [jvm.dll+0x334821]
V  [jvm.dll+0x333cca]
V  [jvm.dll+0x21d251]
V  [jvm.dll+0x21c671]
V  [jvm.dll+0x1a605d]
V  [jvm.dll+0x22c148]
V  [jvm.dll+0x22a209]
V  [jvm.dll+0x7f858c]
V  [jvm.dll+0x7f2aea]
V  [jvm.dll+0x682a35]
C  [ucrtbase.dll+0x29363]
C  [KERNEL32.DLL+0x1257d]
C  [ntdll.dll+0x5aa58]


---------------  P R O C E S S  ---------------

Threads class SMR info:
_java_thread_list=0x000001a1fddd1e90, length=41, elements={
0x000001a1ee719f50, 0x000001a1f8cebc30, 0x000001a1f8d1ee90, 0x000001a1fd0144c0,
0x000001a1fd014d80, 0x000001a1fd019ff0, 0x000001a1fd01ce40, 0x000001a1fd022690,
0x000001a1fd023820, 0x000001a1fd024dc0, 0x000001a1fd15a1b0, 0x000001a1fd295c20,
0x000001a1cf14e9b0, 0x000001a1feab6650, 0x000001a1fecf3b20, 0x000001a1fe7dc470,
0x000001a1fe1f2010, 0x000001a1fe2ce330, 0x000001a1fed111c0, 0x000001a1fea2a590,
0x000001a1fea2a0c0, 0x000001a1fea2b400, 0x000001a1fea2b8d0, 0x000001a1fea2aa60,
0x000001a1fea2bda0, 0x000001a1fea28d80, 0x000001a1fea2c740, 0x000001a1fea29250,
0x000001a1fea29720, 0x000001a1fea29bf0, 0x000001a1cfac1250, 0x000001a1cfac85d0,
0x000001a1cfac5f50, 0x000001a1d0844030, 0x000001a1cfac5a80, 0x000001a1cfac68f0,
0x000001a1cfac4270, 0x000001a1cfac1bf0, 0x000001a1cfac1720, 0x000001a1cfac4c10,
0x000001a1cfac8aa0
}

Java Threads: ( => current thread )
  0x000001a1ee719f50 JavaThread "main" [_thread_blocked, id=12612, stack(0x0000000100600000,0x0000000100700000)]
  0x000001a1f8cebc30 JavaThread "Reference Handler" daemon [_thread_blocked, id=14124, stack(0x0000000100d00000,0x0000000100e00000)]
  0x000001a1f8d1ee90 JavaThread "Finalizer" daemon [_thread_blocked, id=2684, stack(0x0000000100e00000,0x0000000100f00000)]
  0x000001a1fd0144c0 JavaThread "Signal Dispatcher" daemon [_thread_blocked, id=5200, stack(0x0000000100f00000,0x0000000101000000)]
  0x000001a1fd014d80 JavaThread "Attach Listener" daemon [_thread_blocked, id=224, stack(0x0000000101000000,0x0000000101100000)]
  0x000001a1fd019ff0 JavaThread "Service Thread" daemon [_thread_blocked, id=14672, stack(0x0000000101100000,0x0000000101200000)]
  0x000001a1fd01ce40 JavaThread "Monitor Deflation Thread" daemon [_thread_blocked, id=7196, stack(0x0000000101200000,0x0000000101300000)]
=>0x000001a1fd022690 JavaThread "C2 CompilerThread0" daemon [_thread_in_native, id=6248, stack(0x0000000101300000,0x0000000101400000)]
  0x000001a1fd023820 JavaThread "C1 CompilerThread0" daemon [_thread_in_native, id=6420, stack(0x0000000101400000,0x0000000101500000)]
  0x000001a1fd024dc0 JavaThread "Sweeper thread" daemon [_thread_blocked, id=12876, stack(0x0000000101500000,0x0000000101600000)]
  0x000001a1fd15a1b0 JavaThread "Common-Cleaner" daemon [_thread_blocked, id=16220, stack(0x0000000101600000,0x0000000101700000)]
  0x000001a1fd295c20 JavaThread "Notification Thread" daemon [_thread_blocked, id=13016, stack(0x0000000101700000,0x0000000101800000)]
  0x000001a1cf14e9b0 JavaThread "Daemon health stats" [_thread_blocked, id=3248, stack(0x0000000101d00000,0x0000000101e00000)]
  0x000001a1feab6650 JavaThread "Incoming local TCP Connector on port 52988" [_thread_in_native, id=16368, stack(0x0000000101e00000,0x0000000101f00000)]
  0x000001a1fecf3b20 JavaThread "Daemon periodic checks" [_thread_blocked, id=14252, stack(0x0000000101f00000,0x0000000102000000)]
  0x000001a1fe7dc470 JavaThread "Daemon" [_thread_blocked, id=3924, stack(0x0000000102000000,0x0000000102100000)]
  0x000001a1fe1f2010 JavaThread "Handler for socket connection from /127.0.0.1:52988 to /127.0.0.1:52989" [_thread_in_native, id=12316, stack(0x0000000102100000,0x0000000102200000)]
  0x000001a1fe2ce330 JavaThread "Cancel handler" [_thread_blocked, id=11244, stack(0x0000000102200000,0x0000000102300000)]
  0x000001a1fed111c0 JavaThread "Daemon worker" [_thread_in_Java, id=3904, stack(0x0000000102300000,0x0000000102400000)]
  0x000001a1fea2a590 JavaThread "Asynchronous log dispatcher for DefaultDaemonConnection: socket connection from /127.0.0.1:52988 to /127.0.0.1:52989" [_thread_blocked, id=11596, stack(0x0000000102400000,0x0000000102500000)]
  0x000001a1fea2a0c0 JavaThread "Stdin handler" [_thread_blocked, id=8400, stack(0x0000000102500000,0x0000000102600000)]
  0x000001a1fea2b400 JavaThread "Daemon client event forwarder" [_thread_blocked, id=912, stack(0x0000000102600000,0x0000000102700000)]
  0x000001a1fea2b8d0 JavaThread "Cache worker for journal cache (D:\Afone\My Project\BimbingansKu\BimbingansKu\caches\journal-1)" [_thread_blocked, id=13196, stack(0x0000000102700000,0x0000000102800000)]
  0x000001a1fea2aa60 JavaThread "File lock request listener" [_thread_in_native, id=3260, stack(0x0000000102800000,0x0000000102900000)]
  0x000001a1fea2bda0 JavaThread "Cache worker for file hash cache (D:\Afone\My Project\BimbingansKu\BimbingansKu\caches\8.2\fileHashes)" [_thread_blocked, id=4508, stack(0x0000000102900000,0x0000000102a00000)]
  0x000001a1fea28d80 JavaThread "File watcher server" daemon [_thread_in_native, id=13348, stack(0x0000000101900000,0x0000000101a00000)]
  0x000001a1fea2c740 JavaThread "File watcher consumer" daemon [_thread_blocked, id=9324, stack(0x0000000102a00000,0x0000000102b00000)]
  0x000001a1fea29250 JavaThread "Cache worker for checksums cache (D:\PasKita\.gradle\8.2\checksums)" [_thread_blocked, id=900, stack(0x0000000102b00000,0x0000000102c00000)]
  0x000001a1fea29720 JavaThread "Cache worker for cache directory md-rule (D:\Afone\My Project\BimbingansKu\BimbingansKu\caches\8.2\md-rule)" [_thread_blocked, id=2336, stack(0x0000000102c00000,0x0000000102d00000)]
  0x000001a1fea29bf0 JavaThread "Cache worker for file content cache (D:\Afone\My Project\BimbingansKu\BimbingansKu\caches\8.2\fileContent)" [_thread_blocked, id=12692, stack(0x0000000102d00000,0x0000000102e00000)]
  0x000001a1cfac1250 JavaThread "Cache worker for file hash cache (D:\PasKita\.gradle\8.2\fileHashes)" [_thread_blocked, id=16364, stack(0x0000000102e00000,0x0000000102f00000)]
  0x000001a1cfac85d0 JavaThread "Cache worker for cache directory md-supplier (D:\Afone\My Project\BimbingansKu\BimbingansKu\caches\8.2\md-supplier)" [_thread_blocked, id=8060, stack(0x0000000102f00000,0x0000000103000000)]
  0x000001a1cfac5f50 JavaThread "Cache worker for execution history cache (D:\Afone\My Project\BimbingansKu\BimbingansKu\caches\8.2\executionHistory)" [_thread_blocked, id=13784, stack(0x0000000103000000,0x0000000103100000)]
  0x000001a1d0844030 JavaThread "C2 CompilerThread1" daemon [_thread_in_native, id=6300, stack(0x0000000103100000,0x0000000103200000)]
  0x000001a1cfac5a80 JavaThread "jar transforms" [_thread_blocked, id=5968, stack(0x0000000103200000,0x0000000103300000)]
  0x000001a1cfac68f0 JavaThread "jar transforms Thread 2" [_thread_blocked, id=13180, stack(0x0000000103300000,0x0000000103400000)]
  0x000001a1cfac4270 JavaThread "Cache worker for kotlin-dsl (D:\Afone\My Project\BimbingansKu\BimbingansKu\caches\8.2\kotlin-dsl)" [_thread_blocked, id=3640, stack(0x0000000103400000,0x0000000103500000)]
  0x000001a1cfac1bf0 JavaThread "jar transforms Thread 3" [_thread_blocked, id=15552, stack(0x0000000103500000,0x0000000103600000)]
  0x000001a1cfac1720 JavaThread "jar transforms Thread 4" [_thread_blocked, id=1916, stack(0x0000000103600000,0x0000000103700000)]
  0x000001a1cfac4c10 JavaThread "Cache worker for dependencies-accessors (D:\PasKita\.gradle\8.2\dependencies-accessors)" [_thread_blocked, id=13816, stack(0x0000000103700000,0x0000000103800000)]
  0x000001a1cfac8aa0 JavaThread "Cache worker for Build Output Cleanup Cache (D:\PasKita\.gradle\buildOutputCleanup)" [_thread_blocked, id=3932, stack(0x0000000103800000,0x0000000103900000)]

Other Threads:
  0x000001a1f8ce4f40 VMThread "VM Thread" [stack: 0x0000000100c00000,0x0000000100d00000] [id=9912]
  0x000001a1ee71adc0 WatcherThread [stack: 0x0000000101800000,0x0000000101900000] [id=3728]
  0x000001a1ee7754c0 GCTaskThread "GC Thread#0" [stack: 0x0000000100700000,0x0000000100800000] [id=1224]
  0x000001a1fd67f300 GCTaskThread "GC Thread#1" [stack: 0x0000000101a00000,0x0000000101b00000] [id=8940]
  0x000001a1fd67f5b0 GCTaskThread "GC Thread#2" [stack: 0x0000000101b00000,0x0000000101c00000] [id=3548]
  0x000001a1fdf67060 GCTaskThread "GC Thread#3" [stack: 0x0000000101c00000,0x0000000101d00000] [id=15348]
  0x000001a1ee786400 ConcurrentGCThread "G1 Main Marker" [stack: 0x0000000100800000,0x0000000100900000] [id=1416]
  0x000001a1ee7875b0 ConcurrentGCThread "G1 Conc#0" [stack: 0x0000000100900000,0x0000000100a00000] [id=11380]
  0x000001a1ee7dd230 ConcurrentGCThread "G1 Refine#0" [stack: 0x0000000100a00000,0x0000000100b00000] [id=13176]
  0x000001a1ee7ddc50 ConcurrentGCThread "G1 Service" [stack: 0x0000000100b00000,0x0000000100c00000] [id=10632]

Threads with active compile tasks:
C2 CompilerThread0     6280 4509       4       java.lang.Class::annotationData (44 bytes)
C1 CompilerThread0     6280 4704       1       org.gradle.api.internal.artifacts.ivyservice.resolveengine.graph.builder.ModuleResolveState::getSelected (5 bytes)
C2 CompilerThread1     6280 4443       4       org.gradle.internal.service.DefaultServiceRegistry$OwnServices::getService (309 bytes)

VM state: not at safepoint (normal execution)

VM Mutex/Monitor currently owned by a thread: None

Heap address: 0x0000000080000000, size: 2048 MB, Compressed Oops mode: 32-bit

CDS archive(s) not mapped
Compressed class space mapped at: 0x000001a18f000000-0x000001a1cf000000, reserved size: 1073741824
Narrow klass base: 0x000001a18f000000, Narrow klass shift: 0, Narrow klass range: 0x40000000

GC Precious Log:
 CPUs: 4 total, 4 available
 Memory: 7975M
 Large Page Support: Disabled
 NUMA Support: Disabled
 Compressed Oops: Enabled (32-bit)
 Heap Region Size: 1M
 Heap Min Capacity: 8M
 Heap Initial Capacity: 126M
 Heap Max Capacity: 2G
 Pre-touch: Disabled
 Parallel Workers: 4
 Concurrent Workers: 1
 Concurrent Refinement Workers: 4
 Periodic GC: Disabled

Heap:
 garbage-first heap   total 121856K, used 41916K [0x0000000080000000, 0x0000000100000000)
  region size 1024K, 13 young (13312K), 4 survivors (4096K)
 Metaspace       used 53548K, committed 54080K, reserved 1114112K
  class space    used 7236K, committed 7488K, reserved 1048576K

Heap Regions: E=young(eden), S=young(survivor), O=old, HS=humongous(starts), HC=humongous(continues), CS=collection set, F=free, OA=open archive, CA=closed archive, TAMS=top-at-mark-start (previous, next)
|   0|0x0000000080000000, 0x0000000080100000, 0x0000000080100000|100%| O|  |TAMS 0x0000000080100000, 0x0000000080000000| Untracked 
|   1|0x0000000080100000, 0x0000000080200000, 0x0000000080200000|100%|HS|  |TAMS 0x0000000080200000, 0x0000000080100000| Complete 
|   2|0x0000000080200000, 0x0000000080300000, 0x0000000080300000|100%|HC|  |TAMS 0x0000000080300000, 0x0000000080200000| Complete 
|   3|0x0000000080300000, 0x0000000080400000, 0x0000000080400000|100%|HC|  |TAMS 0x0000000080400000, 0x0000000080300000| Complete 
|   4|0x0000000080400000, 0x0000000080500000, 0x0000000080500000|100%|HC|  |TAMS 0x0000000080500000, 0x0000000080400000| Complete 
|   5|0x0000000080500000, 0x0000000080600000, 0x0000000080600000|100%| O|  |TAMS 0x0000000080600000, 0x0000000080500000| Untracked 
|   6|0x0000000080600000, 0x0000000080700000, 0x0000000080700000|100%| O|  |TAMS 0x0000000080700000, 0x0000000080600000| Untracked 
|   7|0x0000000080700000, 0x0000000080800000, 0x0000000080800000|100%| O|  |TAMS 0x0000000080800000, 0x0000000080700000| Untracked 
|   8|0x0000000080800000, 0x0000000080900000, 0x0000000080900000|100%| O|  |TAMS 0x0000000080900000, 0x0000000080800000| Untracked 
|   9|0x0000000080900000, 0x0000000080a00000, 0x0000000080a00000|100%| O|  |TAMS 0x0000000080a00000, 0x0000000080900000| Untracked 
|  10|0x0000000080a00000, 0x0000000080b00000, 0x0000000080b00000|100%| O|  |TAMS 0x0000000080b00000, 0x0000000080a00000| Untracked 
|  11|0x0000000080b00000, 0x0000000080c00000, 0x0000000080c00000|100%| O|  |TAMS 0x0000000080b00000, 0x0000000080b00000| Untracked 
|  12|0x0000000080c00000, 0x0000000080d00000, 0x0000000080d00000|100%| O|  |TAMS 0x0000000080d00000, 0x0000000080c00000| Untracked 
|  13|0x0000000080d00000, 0x0000000080e00000, 0x0000000080e00000|100%| O|  |TAMS 0x0000000080e00000, 0x0000000080d00000| Untracked 
|  14|0x0000000080e00000, 0x0000000080f00000, 0x0000000080f00000|100%| O|  |TAMS 0x0000000080f00000, 0x0000000080e00000| Untracked 
|  15|0x0000000080f00000, 0x0000000081000000, 0x0000000081000000|100%| O|  |TAMS 0x0000000081000000, 0x0000000080f00000| Untracked 
|  16|0x0000000081000000, 0x0000000081100000, 0x0000000081100000|100%| O|  |TAMS 0x0000000081100000, 0x0000000081000000| Untracked 
|  17|0x0000000081100000, 0x0000000081200000, 0x0000000081200000|100%| O|  |TAMS 0x0000000081200000, 0x0000000081100000| Untracked 
|  18|0x0000000081200000, 0x0000000081300000, 0x0000000081300000|100%| O|  |TAMS 0x0000000081300000, 0x0000000081200000| Untracked 
|  19|0x0000000081300000, 0x0000000081400000, 0x0000000081400000|100%| O|  |TAMS 0x0000000081400000, 0x0000000081300000| Untracked 
|  20|0x0000000081400000, 0x0000000081500000, 0x0000000081500000|100%| O|  |TAMS 0x00000000814dd400, 0x0000000081400000| Untracked 
|  21|0x0000000081500000, 0x0000000081600000, 0x0000000081600000|100%| O|  |TAMS 0x0000000081500000, 0x0000000081500000| Untracked 
|  22|0x0000000081600000, 0x0000000081700000, 0x0000000081700000|100%| O|  |TAMS 0x0000000081600000, 0x0000000081600000| Untracked 
|  23|0x0000000081700000, 0x0000000081800000, 0x0000000081800000|100%| O|  |TAMS 0x0000000081700000, 0x0000000081700000| Untracked 
|  24|0x0000000081800000, 0x0000000081841e00, 0x0000000081900000| 25%| O|  |TAMS 0x0000000081800000, 0x0000000081800000| Untracked 
|  25|0x0000000081900000, 0x0000000081900000, 0x0000000081a00000|  0%| F|  |TAMS 0x0000000081900000, 0x0000000081900000| Untracked 
|  26|0x0000000081a00000, 0x0000000081a00000, 0x0000000081b00000|  0%| F|  |TAMS 0x0000000081a00000, 0x0000000081a00000| Untracked 
|  27|0x0000000081b00000, 0x0000000081b00000, 0x0000000081c00000|  0%| F|  |TAMS 0x0000000081b00000, 0x0000000081b00000| Untracked 
|  28|0x0000000081c00000, 0x0000000081c00000, 0x0000000081d00000|  0%| F|  |TAMS 0x0000000081c00000, 0x0000000081c00000| Untracked 
|  29|0x0000000081d00000, 0x0000000081d00000, 0x0000000081e00000|  0%| F|  |TAMS 0x0000000081d00000, 0x0000000081d00000| Untracked 
|  30|0x0000000081e00000, 0x0000000081f00000, 0x0000000081f00000|100%| O|  |TAMS 0x0000000081e00000, 0x0000000081e00000| Untracked 
|  31|0x0000000081f00000, 0x0000000082000000, 0x0000000082000000|100%| O|  |TAMS 0x0000000081f00000, 0x0000000081f00000| Untracked 
|  32|0x0000000082000000, 0x0000000082100000, 0x0000000082100000|100%| O|  |TAMS 0x0000000082000000, 0x0000000082000000| Untracked 
|  33|0x0000000082100000, 0x0000000082100000, 0x0000000082200000|  0%| F|  |TAMS 0x0000000082100000, 0x0000000082100000| Untracked 
|  34|0x0000000082200000, 0x0000000082200000, 0x0000000082300000|  0%| F|  |TAMS 0x0000000082200000, 0x0000000082200000| Untracked 
|  35|0x0000000082300000, 0x0000000082300000, 0x0000000082400000|  0%| F|  |TAMS 0x0000000082300000, 0x0000000082300000| Untracked 
|  36|0x0000000082400000, 0x0000000082400000, 0x0000000082500000|  0%| F|  |TAMS 0x0000000082400000, 0x0000000082400000| Untracked 
|  37|0x0000000082500000, 0x0000000082500000, 0x0000000082600000|  0%| F|  |TAMS 0x0000000082500000, 0x0000000082500000| Untracked 
|  38|0x0000000082600000, 0x0000000082600000, 0x0000000082700000|  0%| F|  |TAMS 0x0000000082600000, 0x0000000082600000| Untracked 
|  39|0x0000000082700000, 0x0000000082800000, 0x0000000082800000|100%| O|  |TAMS 0x0000000082700000, 0x0000000082700000| Untracked 
|  40|0x0000000082800000, 0x0000000082900000, 0x0000000082900000|100%| O|  |TAMS 0x0000000082800000, 0x0000000082800000| Untracked 
|  41|0x0000000082900000, 0x0000000082900000, 0x0000000082a00000|  0%| F|  |TAMS 0x0000000082900000, 0x0000000082900000| Untracked 
|  42|0x0000000082a00000, 0x0000000082a00000, 0x0000000082b00000|  0%| F|  |TAMS 0x0000000082a00000, 0x0000000082a00000| Untracked 
|  43|0x0000000082b00000, 0x0000000082b00000, 0x0000000082c00000|  0%| F|  |TAMS 0x0000000082b00000, 0x0000000082b00000| Untracked 
|  44|0x0000000082c00000, 0x0000000082c00000, 0x0000000082d00000|  0%| F|  |TAMS 0x0000000082c00000, 0x0000000082c00000| Untracked 
|  45|0x0000000082d00000, 0x0000000082d00000, 0x0000000082e00000|  0%| F|  |TAMS 0x0000000082d00000, 0x0000000082d00000| Untracked 
|  46|0x0000000082e00000, 0x0000000082ead540, 0x0000000082f00000| 67%| S|CS|TAMS 0x0000000082e00000, 0x0000000082e00000| Complete 
|  47|0x0000000082f00000, 0x0000000083000000, 0x0000000083000000|100%| S|CS|TAMS 0x0000000082f00000, 0x0000000082f00000| Complete 
|  48|0x0000000083000000, 0x0000000083100000, 0x0000000083100000|100%| S|CS|TAMS 0x0000000083000000, 0x0000000083000000| Complete 
|  49|0x0000000083100000, 0x0000000083200000, 0x0000000083200000|100%| S|CS|TAMS 0x0000000083100000, 0x0000000083100000| Complete 
|  50|0x0000000083200000, 0x0000000083200000, 0x0000000083300000|  0%| F|  |TAMS 0x0000000083200000, 0x0000000083200000| Untracked 
|  51|0x0000000083300000, 0x0000000083300000, 0x0000000083400000|  0%| F|  |TAMS 0x0000000083300000, 0x0000000083300000| Untracked 
|  52|0x0000000083400000, 0x0000000083400000, 0x0000000083500000|  0%| F|  |TAMS 0x0000000083400000, 0x0000000083400000| Untracked 
|  53|0x0000000083500000, 0x0000000083500000, 0x0000000083600000|  0%| F|  |TAMS 0x0000000083500000, 0x0000000083500000| Untracked 
|  54|0x0000000083600000, 0x0000000083600000, 0x0000000083700000|  0%| F|  |TAMS 0x0000000083600000, 0x0000000083600000| Untracked 
|  55|0x0000000083700000, 0x0000000083700000, 0x0000000083800000|  0%| F|  |TAMS 0x0000000083700000, 0x0000000083700000| Untracked 
|  56|0x0000000083800000, 0x0000000083800000, 0x0000000083900000|  0%| F|  |TAMS 0x0000000083800000, 0x0000000083800000| Untracked 
|  57|0x0000000083900000, 0x0000000083900000, 0x0000000083a00000|  0%| F|  |TAMS 0x0000000083900000, 0x0000000083900000| Untracked 
|  58|0x0000000083a00000, 0x0000000083a00000, 0x0000000083b00000|  0%| F|  |TAMS 0x0000000083a00000, 0x0000000083a00000| Untracked 
|  59|0x0000000083b00000, 0x0000000083b00000, 0x0000000083c00000|  0%| F|  |TAMS 0x0000000083b00000, 0x0000000083b00000| Untracked 
|  60|0x0000000083c00000, 0x0000000083c00000, 0x0000000083d00000|  0%| F|  |TAMS 0x0000000083c00000, 0x0000000083c00000| Untracked 
|  61|0x0000000083d00000, 0x0000000083d00000, 0x0000000083e00000|  0%| F|  |TAMS 0x0000000083d00000, 0x0000000083d00000| Untracked 
|  62|0x0000000083e00000, 0x0000000083e00000, 0x0000000083f00000|  0%| F|  |TAMS 0x0000000083e00000, 0x0000000083e00000| Untracked 
|  63|0x0000000083f00000, 0x0000000083f00000, 0x0000000084000000|  0%| F|  |TAMS 0x0000000083f00000, 0x0000000083f00000| Untracked 
|  64|0x0000000084000000, 0x0000000084000000, 0x0000000084100000|  0%| F|  |TAMS 0x0000000084000000, 0x0000000084000000| Untracked 
|  65|0x0000000084100000, 0x0000000084100000, 0x0000000084200000|  0%| F|  |TAMS 0x0000000084100000, 0x0000000084100000| Untracked 
|  66|0x0000000084200000, 0x0000000084200000, 0x0000000084300000|  0%| F|  |TAMS 0x0000000084200000, 0x0000000084200000| Untracked 
|  67|0x0000000084300000, 0x0000000084300000, 0x0000000084400000|  0%| F|  |TAMS 0x0000000084300000, 0x0000000084300000| Untracked 
|  68|0x0000000084400000, 0x0000000084400000, 0x0000000084500000|  0%| F|  |TAMS 0x0000000084400000, 0x0000000084400000| Untracked 
|  69|0x0000000084500000, 0x0000000084500000, 0x0000000084600000|  0%| F|  |TAMS 0x0000000084500000, 0x0000000084500000| Untracked 
|  70|0x0000000084600000, 0x0000000084600000, 0x0000000084700000|  0%| F|  |TAMS 0x0000000084600000, 0x0000000084600000| Untracked 
|  71|0x0000000084700000, 0x0000000084700000, 0x0000000084800000|  0%| F|  |TAMS 0x0000000084700000, 0x0000000084700000| Untracked 
|  72|0x0000000084800000, 0x0000000084800000, 0x0000000084900000|  0%| F|  |TAMS 0x0000000084800000, 0x0000000084800000| Untracked 
|  73|0x0000000084900000, 0x0000000084900000, 0x0000000084a00000|  0%| F|  |TAMS 0x0000000084900000, 0x0000000084900000| Untracked 
|  74|0x0000000084a00000, 0x0000000084a00000, 0x0000000084b00000|  0%| F|  |TAMS 0x0000000084a00000, 0x0000000084a00000| Untracked 
|  75|0x0000000084b00000, 0x0000000084b00000, 0x0000000084c00000|  0%| F|  |TAMS 0x0000000084b00000, 0x0000000084b00000| Untracked 
|  76|0x0000000084c00000, 0x0000000084c00000, 0x0000000084d00000|  0%| F|  |TAMS 0x0000000084c00000, 0x0000000084c00000| Untracked 
|  77|0x0000000084d00000, 0x0000000084d00000, 0x0000000084e00000|  0%| F|  |TAMS 0x0000000084d00000, 0x0000000084d00000| Untracked 
|  78|0x0000000084e00000, 0x0000000084e00000, 0x0000000084f00000|  0%| F|  |TAMS 0x0000000084e00000, 0x0000000084e00000| Untracked 
|  79|0x0000000084f00000, 0x0000000084f00000, 0x0000000085000000|  0%| F|  |TAMS 0x0000000084f00000, 0x0000000084f00000| Untracked 
|  80|0x0000000085000000, 0x0000000085000000, 0x0000000085100000|  0%| F|  |TAMS 0x0000000085000000, 0x0000000085000000| Untracked 
|  81|0x0000000085100000, 0x0000000085100000, 0x0000000085200000|  0%| F|  |TAMS 0x0000000085100000, 0x0000000085100000| Untracked 
|  82|0x0000000085200000, 0x0000000085200000, 0x0000000085300000|  0%| F|  |TAMS 0x0000000085200000, 0x0000000085200000| Untracked 
|  83|0x0000000085300000, 0x0000000085300000, 0x0000000085400000|  0%| F|  |TAMS 0x0000000085300000, 0x0000000085300000| Untracked 
|  84|0x0000000085400000, 0x0000000085400000, 0x0000000085500000|  0%| F|  |TAMS 0x0000000085400000, 0x0000000085400000| Untracked 
|  85|0x0000000085500000, 0x0000000085500000, 0x0000000085600000|  0%| F|  |TAMS 0x0000000085500000, 0x0000000085500000| Untracked 
|  86|0x0000000085600000, 0x0000000085600000, 0x0000000085700000|  0%| F|  |TAMS 0x0000000085600000, 0x0000000085600000| Untracked 
|  87|0x0000000085700000, 0x0000000085700000, 0x0000000085800000|  0%| F|  |TAMS 0x0000000085700000, 0x0000000085700000| Untracked 
|  88|0x0000000085800000, 0x0000000085800000, 0x0000000085900000|  0%| F|  |TAMS 0x0000000085800000, 0x0000000085800000| Untracked 
|  89|0x0000000085900000, 0x0000000085900000, 0x0000000085a00000|  0%| F|  |TAMS 0x0000000085900000, 0x0000000085900000| Untracked 
|  90|0x0000000085a00000, 0x0000000085a00000, 0x0000000085b00000|  0%| F|  |TAMS 0x0000000085a00000, 0x0000000085a00000| Untracked 
|  91|0x0000000085b00000, 0x0000000085b00000, 0x0000000085c00000|  0%| F|  |TAMS 0x0000000085b00000, 0x0000000085b00000| Untracked 
|  92|0x0000000085c00000, 0x0000000085c00000, 0x0000000085d00000|  0%| F|  |TAMS 0x0000000085c00000, 0x0000000085c00000| Untracked 
|  93|0x0000000085d00000, 0x0000000085d00000, 0x0000000085e00000|  0%| F|  |TAMS 0x0000000085d00000, 0x0000000085d00000| Untracked 
|  94|0x0000000085e00000, 0x0000000085e00000, 0x0000000085f00000|  0%| F|  |TAMS 0x0000000085e00000, 0x0000000085e00000| Untracked 
|  95|0x0000000085f00000, 0x0000000085f00000, 0x0000000086000000|  0%| F|  |TAMS 0x0000000085f00000, 0x0000000085f00000| Untracked 
|  96|0x0000000086000000, 0x0000000086000000, 0x0000000086100000|  0%| F|  |TAMS 0x0000000086000000, 0x0000000086000000| Untracked 
|  97|0x0000000086100000, 0x0000000086100000, 0x0000000086200000|  0%| F|  |TAMS 0x0000000086100000, 0x0000000086100000| Untracked 
|  98|0x0000000086200000, 0x0000000086200000, 0x0000000086300000|  0%| F|  |TAMS 0x0000000086200000, 0x0000000086200000| Untracked 
|  99|0x0000000086300000, 0x0000000086300000, 0x0000000086400000|  0%| F|  |TAMS 0x0000000086300000, 0x0000000086300000| Untracked 
| 100|0x0000000086400000, 0x0000000086400000, 0x0000000086500000|  0%| F|  |TAMS 0x0000000086400000, 0x0000000086400000| Untracked 
| 101|0x0000000086500000, 0x0000000086500000, 0x0000000086600000|  0%| F|  |TAMS 0x0000000086500000, 0x0000000086500000| Untracked 
| 102|0x0000000086600000, 0x0000000086600000, 0x0000000086700000|  0%| F|  |TAMS 0x0000000086600000, 0x0000000086600000| Untracked 
| 103|0x0000000086700000, 0x0000000086700000, 0x0000000086800000|  0%| F|  |TAMS 0x0000000086700000, 0x0000000086700000| Untracked 
| 104|0x0000000086800000, 0x0000000086800000, 0x0000000086900000|  0%| F|  |TAMS 0x0000000086800000, 0x0000000086800000| Untracked 
| 105|0x0000000086900000, 0x0000000086900000, 0x0000000086a00000|  0%| F|  |TAMS 0x0000000086900000, 0x0000000086900000| Untracked 
| 106|0x0000000086a00000, 0x0000000086a00000, 0x0000000086b00000|  0%| F|  |TAMS 0x0000000086a00000, 0x0000000086a00000| Untracked 
| 107|0x0000000086b00000, 0x0000000086b00000, 0x0000000086c00000|  0%| F|  |TAMS 0x0000000086b00000, 0x0000000086b00000| Untracked 
| 108|0x0000000086c00000, 0x0000000086c00000, 0x0000000086d00000|  0%| F|  |TAMS 0x0000000086c00000, 0x0000000086c00000| Untracked 
| 109|0x0000000086d00000, 0x0000000086d00000, 0x0000000086e00000|  0%| F|  |TAMS 0x0000000086d00000, 0x0000000086d00000| Untracked 
| 110|0x0000000086e00000, 0x0000000086e895a0, 0x0000000086f00000| 53%| E|  |TAMS 0x0000000086e00000, 0x0000000086e00000| Complete 
| 111|0x0000000086f00000, 0x0000000087000000, 0x0000000087000000|100%| E|CS|TAMS 0x0000000086f00000, 0x0000000086f00000| Complete 
| 112|0x0000000087000000, 0x0000000087100000, 0x0000000087100000|100%| E|CS|TAMS 0x0000000087000000, 0x0000000087000000| Complete 
| 113|0x0000000087100000, 0x0000000087200000, 0x0000000087200000|100%| E|CS|TAMS 0x0000000087100000, 0x0000000087100000| Complete 
| 114|0x0000000087200000, 0x0000000087300000, 0x0000000087300000|100%| E|CS|TAMS 0x0000000087200000, 0x0000000087200000| Complete 
| 115|0x0000000087300000, 0x0000000087400000, 0x0000000087400000|100%| E|CS|TAMS 0x0000000087300000, 0x0000000087300000| Complete 
| 116|0x0000000087400000, 0x0000000087500000, 0x0000000087500000|100%| E|CS|TAMS 0x0000000087400000, 0x0000000087400000| Complete 
| 117|0x0000000087500000, 0x0000000087600000, 0x0000000087600000|100%| E|CS|TAMS 0x0000000087500000, 0x0000000087500000| Complete 
| 125|0x0000000087d00000, 0x0000000087e00000, 0x0000000087e00000|100%| E|CS|TAMS 0x0000000087d00000, 0x0000000087d00000| Complete 

Card table byte_map: [0x000001a1f1ff0000,0x000001a1f23f0000] _byte_map_base: 0x000001a1f1bf0000

Marking Bits (Prev, Next): (CMBitMap*) 0x000001a1ee775ad0, (CMBitMap*) 0x000001a1ee775b10
 Prev Bits: [0x000001a1f27f0000, 0x000001a1f47f0000)
 Next Bits: [0x000001a1f47f0000, 0x000001a1f67f0000)

Polling page: 0x000001a1edee0000

Metaspace:

Usage:
  Non-class:     45.23 MB used.
      Class:      7.07 MB used.
       Both:     52.30 MB used.

Virtual space:
  Non-class space:       64.00 MB reserved,      45.50 MB ( 71%) committed,  1 nodes.
      Class space:        1.00 GB reserved,       7.31 MB ( <1%) committed,  1 nodes.
             Both:        1.06 GB reserved,      52.81 MB (  5%) committed. 

Chunk freelists:
   Non-Class:  2.53 MB
       Class:  8.69 MB
        Both:  11.22 MB

MaxMetaspaceSize: unlimited
CompressedClassSpaceSize: 1.00 GB
Initial GC threshold: 21.00 MB
Current GC threshold: 59.31 MB
CDS: off
MetaspaceReclaimPolicy: balanced
 - commit_granule_bytes: 65536.
 - commit_granule_words: 8192.
 - virtual_space_node_default_size: 8388608.
 - enlarge_chunks_in_place: 1.
 - new_chunks_are_fully_committed: 0.
 - uncommit_free_chunks: 1.
 - use_allocation_guard: 0.
 - handle_deallocations: 1.


Internal statistics:

num_allocs_failed_limit: 6.
num_arena_births: 584.
num_arena_deaths: 0.
num_vsnodes_births: 2.
num_vsnodes_deaths: 0.
num_space_committed: 845.
num_space_uncommitted: 0.
num_chunks_returned_to_freelist: 6.
num_chunks_taken_from_freelist: 2282.
num_chunk_merges: 6.
num_chunk_splits: 1532.
num_chunks_enlarged: 1058.
num_inconsistent_stats: 0.

CodeHeap 'non-profiled nmethods': size=120000Kb used=2867Kb max_used=2867Kb free=117132Kb
 bounds [0x000001a187ad0000, 0x000001a187da0000, 0x000001a18f000000]
CodeHeap 'profiled nmethods': size=120000Kb used=9546Kb max_used=9546Kb free=110453Kb
 bounds [0x000001a180000000, 0x000001a180960000, 0x000001a187530000]
CodeHeap 'non-nmethods': size=5760Kb used=2399Kb max_used=2399Kb free=3360Kb
 bounds [0x000001a187530000, 0x000001a1877a0000, 0x000001a187ad0000]
 total_blobs=5529 nmethods=4698 adapters=741
 compilation: enabled
              stopped_count=0, restarted_count=0
 full_count=0

Compilation events (20 events):
Event: 6.252 Thread 0x000001a1fd023820 4658       3       com.google.common.collect.RegularImmutableMap$KeySet::get (15 bytes)
Event: 6.252 Thread 0x000001a1fd023820 nmethod 4658 0x000001a180944f90 code [0x000001a180945140, 0x000001a180945348]
Event: 6.252 Thread 0x000001a1fd023820 4659       3       org.gradle.internal.snapshot.impl.StringValueSnapshot::getValue (5 bytes)
Event: 6.252 Thread 0x000001a1fd023820 nmethod 4659 0x000001a180945490 code [0x000001a180945620, 0x000001a180945738]
Event: 6.255 Thread 0x000001a1fd023820 4661       3       org.gradle.internal.reflect.JavaPropertyReflectionUtil::hasTypeVariable (267 bytes)
Event: 6.256 Thread 0x000001a1fd023820 nmethod 4661 0x000001a180945810 code [0x000001a180945c20, 0x000001a180948208]
Event: 6.256 Thread 0x000001a1fd023820 4663       2       java.util.ArrayList$SubList::toArray (79 bytes)
Event: 6.256 Thread 0x000001a1fd023820 nmethod 4663 0x000001a180948890 code [0x000001a180948a60, 0x000001a180948ec8]
Event: 6.257 Thread 0x000001a1fd023820 4662       3       org.gradle.internal.instantiation.generator.AbstractClassGenerator$ClassGenerationHandler::startType (1 bytes)
Event: 6.257 Thread 0x000001a1fd023820 nmethod 4662 0x000001a180949090 code [0x000001a180949220, 0x000001a180949338]
Event: 6.257 Thread 0x000001a1fd023820 4664       3       org.gradle.internal.io.StreamByteBuffer$StreamByteBufferChunk::bytesUnread (10 bytes)
Event: 6.257 Thread 0x000001a1fd023820 nmethod 4664 0x000001a180949410 code [0x000001a1809495a0, 0x000001a1809496b8]
Event: 6.258 Thread 0x000001a1fd023820 4665       3       org.gradle.api.internal.attributes.DefaultMutableAttributeContainer::keySet (22 bytes)
Event: 6.259 Thread 0x000001a1fd023820 nmethod 4665 0x000001a180949790 code [0x000001a180949a00, 0x000001a18094a518]
Event: 6.260 Thread 0x000001a1fd023820 4666       3       java.util.Collections$EmptyMap::keySet (4 bytes)
Event: 6.260 Thread 0x000001a1fd023820 nmethod 4666 0x000001a18094a910 code [0x000001a18094aaa0, 0x000001a18094ac18]
Event: 6.260 Thread 0x000001a1fd023820 4667       1       org.gradle.internal.component.external.model.DefaultModuleComponentIdentifier::getVersion (5 bytes)
Event: 6.260 Thread 0x000001a1fd023820 nmethod 4667 0x000001a187d97790 code [0x000001a187d97920, 0x000001a187d979f8]
Event: 6.261 Thread 0x000001a1fd023820 4668       3       com.google.common.collect.Maps::newHashMap (8 bytes)
Event: 6.261 Thread 0x000001a1fd023820 nmethod 4668 0x000001a18094ad10 code [0x000001a18094aec0, 0x000001a18094b138]

GC Heap History (20 events):
Event: 0.845 GC heap before
{Heap before GC invocations=2 (full 0):
 garbage-first heap   total 129024K, used 36120K [0x0000000080000000, 0x0000000100000000)
  region size 1024K, 28 young (28672K), 3 survivors (3072K)
 Metaspace       used 11494K, committed 11648K, reserved 1114112K
  class space    used 1197K, committed 1280K, reserved 1048576K
}
Event: 0.848 GC heap after
{Heap after GC invocations=3 (full 0):
 garbage-first heap   total 129024K, used 13197K [0x0000000080000000, 0x0000000100000000)
  region size 1024K, 3 young (3072K), 3 survivors (3072K)
 Metaspace       used 11494K, committed 11648K, reserved 1114112K
  class space    used 1197K, committed 1280K, reserved 1048576K
}
Event: 1.905 GC heap before
{Heap before GC invocations=3 (full 0):
 garbage-first heap   total 129024K, used 58253K [0x0000000080000000, 0x0000000100000000)
  region size 1024K, 48 young (49152K), 3 survivors (3072K)
 Metaspace       used 21332K, committed 21504K, reserved 1114112K
  class space    used 2571K, committed 2624K, reserved 1048576K
}
Event: 1.911 GC heap after
{Heap after GC invocations=4 (full 0):
 garbage-first heap   total 129024K, used 18329K [0x0000000080000000, 0x0000000100000000)
  region size 1024K, 8 young (8192K), 8 survivors (8192K)
 Metaspace       used 21332K, committed 21504K, reserved 1114112K
  class space    used 2571K, committed 2624K, reserved 1048576K
}
Event: 2.492 GC heap before
{Heap before GC invocations=5 (full 0):
 garbage-first heap   total 68608K, used 51097K [0x0000000080000000, 0x0000000100000000)
  region size 1024K, 40 young (40960K), 8 survivors (8192K)
 Metaspace       used 25975K, committed 26304K, reserved 1114112K
  class space    used 3386K, committed 3520K, reserved 1048576K
}
Event: 2.502 GC heap after
{Heap after GC invocations=6 (full 0):
 garbage-first heap   total 68608K, used 20437K [0x0000000080000000, 0x0000000100000000)
  region size 1024K, 3 young (3072K), 3 survivors (3072K)
 Metaspace       used 25975K, committed 26304K, reserved 1114112K
  class space    used 3386K, committed 3520K, reserved 1048576K
}
Event: 2.520 GC heap before
{Heap before GC invocations=6 (full 0):
 garbage-first heap   total 68608K, used 21461K [0x0000000080000000, 0x0000000100000000)
  region size 1024K, 4 young (4096K), 3 survivors (3072K)
 Metaspace       used 26112K, committed 26432K, reserved 1114112K
  class space    used 3412K, committed 3520K, reserved 1048576K
}
Event: 2.523 GC heap after
{Heap after GC invocations=7 (full 0):
 garbage-first heap   total 82944K, used 20680K [0x0000000080000000, 0x0000000100000000)
  region size 1024K, 1 young (1024K), 1 survivors (1024K)
 Metaspace       used 26112K, committed 26432K, reserved 1114112K
  class space    used 3412K, committed 3520K, reserved 1048576K
}
Event: 3.840 GC heap before
{Heap before GC invocations=7 (full 0):
 garbage-first heap   total 82944K, used 58568K [0x0000000080000000, 0x0000000100000000)
  region size 1024K, 38 young (38912K), 1 survivors (1024K)
 Metaspace       used 31269K, committed 31616K, reserved 1114112K
  class space    used 4252K, committed 4416K, reserved 1048576K
}
Event: 3.844 GC heap after
{Heap after GC invocations=8 (full 0):
 garbage-first heap   total 82944K, used 22372K [0x0000000080000000, 0x0000000100000000)
  region size 1024K, 2 young (2048K), 2 survivors (2048K)
 Metaspace       used 31269K, committed 31616K, reserved 1114112K
  class space    used 4252K, committed 4416K, reserved 1048576K
}
Event: 4.340 GC heap before
{Heap before GC invocations=8 (full 0):
 garbage-first heap   total 82944K, used 52068K [0x0000000080000000, 0x0000000100000000)
  region size 1024K, 32 young (32768K), 2 survivors (2048K)
 Metaspace       used 35802K, committed 36096K, reserved 1114112K
  class space    used 4953K, committed 5120K, reserved 1048576K
}
Event: 4.346 GC heap after
{Heap after GC invocations=9 (full 0):
 garbage-first heap   total 82944K, used 24192K [0x0000000080000000, 0x0000000100000000)
  region size 1024K, 4 young (4096K), 4 survivors (4096K)
 Metaspace       used 35802K, committed 36096K, reserved 1114112K
  class space    used 4953K, committed 5120K, reserved 1048576K
}
Event: 4.878 GC heap before
{Heap before GC invocations=10 (full 0):
 garbage-first heap   total 82944K, used 62080K [0x0000000080000000, 0x0000000100000000)
  region size 1024K, 42 young (43008K), 4 survivors (4096K)
 Metaspace       used 41245K, committed 41600K, reserved 1114112K
  class space    used 5479K, committed 5632K, reserved 1048576K
}
Event: 4.885 GC heap after
{Heap after GC invocations=11 (full 0):
 garbage-first heap   total 82944K, used 29144K [0x0000000080000000, 0x0000000100000000)
  region size 1024K, 6 young (6144K), 6 survivors (6144K)
 Metaspace       used 41245K, committed 41600K, reserved 1114112K
  class space    used 5479K, committed 5632K, reserved 1048576K
}
Event: 5.259 GC heap before
{Heap before GC invocations=11 (full 0):
 garbage-first heap   total 82944K, used 69080K [0x0000000080000000, 0x0000000100000000)
  region size 1024K, 39 young (39936K), 6 survivors (6144K)
 Metaspace       used 45074K, committed 45504K, reserved 1114112K
  class space    used 5836K, committed 6016K, reserved 1048576K
}
Event: 5.266 GC heap after
{Heap after GC invocations=12 (full 0):
 garbage-first heap   total 82944K, used 30371K [0x0000000080000000, 0x0000000100000000)
  region size 1024K, 2 young (2048K), 2 survivors (2048K)
 Metaspace       used 45074K, committed 45504K, reserved 1114112K
  class space    used 5836K, committed 6016K, reserved 1048576K
}
Event: 5.648 GC heap before
{Heap before GC invocations=12 (full 0):
 garbage-first heap   total 82944K, used 64163K [0x0000000080000000, 0x0000000100000000)
  region size 1024K, 35 young (35840K), 2 survivors (2048K)
 Metaspace       used 48716K, committed 49216K, reserved 1114112K
  class space    used 6486K, committed 6720K, reserved 1048576K
}
Event: 5.653 GC heap after
{Heap after GC invocations=13 (full 0):
 garbage-first heap   total 82944K, used 32534K [0x0000000080000000, 0x0000000100000000)
  region size 1024K, 5 young (5120K), 5 survivors (5120K)
 Metaspace       used 48716K, committed 49216K, reserved 1114112K
  class space    used 6486K, committed 6720K, reserved 1048576K
}
Event: 6.095 GC heap before
{Heap before GC invocations=13 (full 0):
 garbage-first heap   total 82944K, used 64278K [0x0000000080000000, 0x0000000100000000)
  region size 1024K, 36 young (36864K), 5 survivors (5120K)
 Metaspace       used 52622K, committed 53056K, reserved 1114112K
  class space    used 7100K, committed 7296K, reserved 1048576K
}
Event: 6.103 GC heap after
{Heap after GC invocations=14 (full 0):
 garbage-first heap   total 121856K, used 33724K [0x0000000080000000, 0x0000000100000000)
  region size 1024K, 4 young (4096K), 4 survivors (4096K)
 Metaspace       used 52622K, committed 53056K, reserved 1114112K
  class space    used 7100K, committed 7296K, reserved 1048576K
}

Dll operation events (3 events):
Event: 0.006 Loaded shared library D:\Android Studio\jbr\bin\java.dll
Event: 0.101 Loaded shared library D:\Android Studio\jbr\bin\zip.dll
Event: 0.273 Loaded shared library D:\Android Studio\jbr\bin\verify.dll

Deoptimization events (20 events):
Event: 5.830 Thread 0x000001a1fed111c0 Uncommon trap: trap_request=0xffffffbe fr.pc=0x000001a187d7792c relative=0x000000000000026c
Event: 5.830 Thread 0x000001a1fed111c0 Uncommon trap: reason=profile_predicate action=maybe_recompile pc=0x000001a187d7792c method=sun.instrument.TransformerManager.transform(Ljava/lang/Module;Ljava/lang/ClassLoader;Ljava/lang/String;Ljava/lang/Class;Ljava/security/ProtectionDomain;[B)[B @ 21 
Event: 5.830 Thread 0x000001a1fed111c0 DEOPT PACKING pc=0x000001a187d7792c sp=0x00000001023f2720
Event: 5.830 Thread 0x000001a1fed111c0 DEOPT UNPACKING pc=0x000001a18758a1a3 sp=0x00000001023f26a0 mode 2
Event: 5.834 Thread 0x000001a1fed111c0 Uncommon trap: trap_request=0xffffff45 fr.pc=0x000001a187af6328 relative=0x00000000000000a8
Event: 5.834 Thread 0x000001a1fed111c0 Uncommon trap: reason=unstable_if action=reinterpret pc=0x000001a187af6328 method=java.net.URI.match(CJJ)Z @ 45 c2
Event: 5.834 Thread 0x000001a1fed111c0 DEOPT PACKING pc=0x000001a187af6328 sp=0x00000001023f9630
Event: 5.834 Thread 0x000001a1fed111c0 DEOPT UNPACKING pc=0x000001a18758a1a3 sp=0x00000001023f95e0 mode 2
Event: 5.837 Thread 0x000001a1fed111c0 DEOPT PACKING pc=0x000001a180414bdc sp=0x00000001023fa2e0
Event: 5.837 Thread 0x000001a1fed111c0 DEOPT UNPACKING pc=0x000001a18758ace3 sp=0x00000001023f9838 mode 0
Event: 5.864 Thread 0x000001a1fed111c0 Uncommon trap: trap_request=0xffffff45 fr.pc=0x000001a187d24bb0 relative=0x0000000000000370
Event: 5.864 Thread 0x000001a1fed111c0 Uncommon trap: reason=unstable_if action=reinterpret pc=0x000001a187d24bb0 method=org.gradle.internal.snapshot.PathUtil.equalChars(CCLorg/gradle/internal/snapshot/CaseSensitivity;)Z @ 40 c2
Event: 5.864 Thread 0x000001a1fed111c0 DEOPT PACKING pc=0x000001a187d24bb0 sp=0x00000001023f76a0
Event: 5.864 Thread 0x000001a1fed111c0 DEOPT UNPACKING pc=0x000001a18758a1a3 sp=0x00000001023f7630 mode 2
Event: 5.917 Thread 0x000001a1fed111c0 Uncommon trap: trap_request=0xffffff76 fr.pc=0x000001a187c3dc00 relative=0x0000000000000240
Event: 5.917 Thread 0x000001a1fed111c0 Uncommon trap: reason=predicate action=maybe_recompile pc=0x000001a187c3dc00 method=com.google.common.base.CharMatcher.indexIn(Ljava/lang/CharSequence;I)I @ 19 c2
Event: 5.917 Thread 0x000001a1fed111c0 DEOPT PACKING pc=0x000001a187c3dc00 sp=0x00000001023f9930
Event: 5.918 Thread 0x000001a1fed111c0 DEOPT UNPACKING pc=0x000001a18758a1a3 sp=0x00000001023f98d8 mode 2
Event: 6.154 Thread 0x000001a1fed111c0 DEOPT PACKING pc=0x000001a1803bdd23 sp=0x00000001023f6e80
Event: 6.154 Thread 0x000001a1fed111c0 DEOPT UNPACKING pc=0x000001a18758ace3 sp=0x00000001023f62f0 mode 0

Classes unloaded (0 events):
No events

Classes redefined (0 events):
No events

Internal exceptions (20 events):
Event: 5.466 Thread 0x000001a1fed111c0 Exception <a 'java/lang/NoSuchMethodError'{0x0000000083e23200}: 'void java.lang.invoke.DirectMethodHandle$Holder.invokeInterface(java.lang.Object, java.lang.Object)'> (0x0000000083e23200) 
thrown [s\src\hotspot\share\interpreter\linkResolver.cpp, line 771]
Event: 5.467 Thread 0x000001a1fed111c0 Exception <a 'java/lang/IncompatibleClassChangeError'{0x0000000083e2e470}: Found class java.lang.Object, but interface was expected> (0x0000000083e2e470) 
thrown [s\src\hotspot\share\interpreter\linkResolver.cpp, line 838]
Event: 5.514 Thread 0x000001a1fed111c0 Exception <a 'java/lang/NoSuchMethodError'{0x0000000083deb388}: 'java.lang.Object java.lang.invoke.DirectMethodHandle$Holder.newInvokeSpecial(java.lang.Object, int, java.lang.Object)'> (0x0000000083deb388) 
thrown [s\src\hotspot\share\interpreter\linkResolver.cpp, line 771]
Event: 5.658 Thread 0x000001a1fea2b400 Exception <a 'java/lang/NoSuchMethodError'{0x0000000087da4728}: static Lorg/gradle/internal/build/event/types/DefaultOperationStartedProgressEvent;.<clinit>()V> (0x0000000087da4728) 
thrown [s\src\hotspot\share\prims\jni.cpp, line 1108]
Event: 5.658 Thread 0x000001a1fea2b400 Exception <a 'java/lang/NoSuchMethodError'{0x0000000087da77c8}: static Lorg/gradle/internal/build/event/types/AbstractProgressEvent;.<clinit>()V> (0x0000000087da77c8) 
thrown [s\src\hotspot\share\prims\jni.cpp, line 1108]
Event: 5.660 Thread 0x000001a1fea2b400 Exception <a 'java/lang/NoSuchMethodError'{0x0000000087dba418}: static Lorg/gradle/internal/build/event/types/DefaultProjectConfigurationDescriptor;.<clinit>()V> (0x0000000087dba418) 
thrown [s\src\hotspot\share\prims\jni.cpp, line 1108]
Event: 5.660 Thread 0x000001a1fea2b400 Exception <a 'java/lang/NoSuchMethodError'{0x0000000087dbcbe8}: static Lorg/gradle/internal/build/event/types/DefaultOperationDescriptor;.<clinit>()V> (0x0000000087dbcbe8) 
thrown [s\src\hotspot\share\prims\jni.cpp, line 1108]
Event: 5.662 Thread 0x000001a1fea2b400 Exception <a 'java/lang/NoSuchMethodError'{0x0000000087dd5540}: static Lorg/gradle/internal/operations/OperationIdentifier;.<clinit>()V> (0x0000000087dd5540) 
thrown [s\src\hotspot\share\prims\jni.cpp, line 1108]
Event: 5.718 Thread 0x000001a1fed111c0 Exception <a 'java/lang/NoSuchMethodError'{0x0000000084af2ba0}: 'long java.lang.invoke.DirectMethodHandle$Holder.invokeStatic(java.lang.Object, long)'> (0x0000000084af2ba0) 
thrown [s\src\hotspot\share\interpreter\linkResolver.cpp, line 771]
Event: 5.840 Thread 0x000001a1fed111c0 Exception <a 'java/lang/NoSuchMethodError'{0x00000000841a9220}: 'java.lang.Object java.lang.invoke.DelegatingMethodHandle$Holder.reinvoke_L(java.lang.Object, java.lang.Object, java.lang.Object, java.lang.Object, java.lang.Object, java.lang.Object, java.lang.Object, java.lang.Object, java.lang.Object, java.lang.Object, java.lang.Object, java.lang.Object, java.lang.Object, java.lang.Object, java.lang.Object, java.lang.Object, java.lang.Object, java.lang.Object, java.lang.Object, java.lang.Object, java.lang.O
Event: 5.841 Thread 0x000001a1fed111c0 Exception <a 'java/lang/NoSuchMethodError'{0x00000000841b49f8}: 'java.lang.Object java.lang.invoke.DirectMethodHandle$Holder.invokeSpecial(java.lang.Object, java.lang.Object, java.lang.Object, java.lang.Object, java.lang.Object, java.lang.Object, java.lang.Object, java.lang.Object, java.lang.Object, java.lang.Object, java.lang.Object, java.lang.Object, java.lang.Object, java.lang.Object, java.lang.Object, java.lang.Object, java.lang.Object, java.lang.Object, java.lang.Object, java.lang.Object, java.lang.Ob
Event: 5.841 Thread 0x000001a1fed111c0 Exception <a 'java/lang/NoSuchMethodError'{0x00000000841ba640}: 'java.lang.Object java.lang.invoke.Invokers$Holder.invoker(java.lang.Object, java.lang.Object, java.lang.Object, java.lang.Object, java.lang.Object, java.lang.Object, java.lang.Object, java.lang.Object, java.lang.Object, java.lang.Object, java.lang.Object, java.lang.Object, java.lang.Object, java.lang.Object, java.lang.Object, java.lang.Object, java.lang.Object, java.lang.Object, java.lang.Object, java.lang.Object, java.lang.Object)'> (0x00000
Event: 5.841 Thread 0x000001a1fed111c0 Exception <a 'java/lang/NoSuchMethodError'{0x00000000841c0ca0}: 'java.lang.Object java.lang.invoke.DelegatingMethodHandle$Holder.delegate(java.lang.Object, java.lang.Object, java.lang.Object, java.lang.Object, java.lang.Object, java.lang.Object, java.lang.Object, java.lang.Object, java.lang.Object, java.lang.Object, java.lang.Object, java.lang.Object, java.lang.Object, java.lang.Object, java.lang.Object, java.lang.Object, java.lang.Object, java.lang.Object, java.lang.Object, java.lang.Object, java.lang.Obj
Event: 6.083 Thread 0x000001a1fed111c0 Exception <a 'java/lang/NoSuchMethodError'{0x0000000083206898}: 'int java.lang.invoke.DirectMethodHandle$Holder.invokeSpecialIFC(java.lang.Object, java.lang.Object, java.lang.Object)'> (0x0000000083206898) 
thrown [s\src\hotspot\share\interpreter\linkResolver.cpp, line 771]
Event: 6.127 Thread 0x000001a1fed111c0 Exception <a 'java/lang/NoSuchMethodError'{0x0000000087424f80}: 'int java.lang.invoke.DirectMethodHandle$Holder.invokeStatic(java.lang.Object)'> (0x0000000087424f80) 
thrown [s\src\hotspot\share\interpreter\linkResolver.cpp, line 771]
Event: 6.127 Thread 0x000001a1fed111c0 Exception <a 'java/lang/NoSuchMethodError'{0x0000000087429618}: 'int java.lang.invoke.DirectMethodHandle$Holder.invokeStaticInit(java.lang.Object)'> (0x0000000087429618) 
thrown [s\src\hotspot\share\interpreter\linkResolver.cpp, line 771]
Event: 6.136 Thread 0x000001a1fed111c0 Exception <a 'java/lang/NoSuchMethodError'{0x00000000874ba0d8}: 'java.lang.Object java.lang.invoke.DirectMethodHandle$Holder.newInvokeSpecial(java.lang.Object, java.lang.Object, java.lang.Object, java.lang.Object, java.lang.Object, int)'> (0x00000000874ba0d8) 
thrown [s\src\hotspot\share\interpreter\linkResolver.cpp, line 771]
Event: 6.137 Thread 0x000001a1fed111c0 Exception <a 'java/lang/NoSuchMethodError'{0x00000000874bf730}: 'java.lang.Object java.lang.invoke.DirectMethodHandle$Holder.invokeSpecial(java.lang.Object, java.lang.Object, java.lang.Object, java.lang.Object, java.lang.Object, java.lang.Object, int)'> (0x00000000874bf730) 
thrown [s\src\hotspot\share\interpreter\linkResolver.cpp, line 771]
Event: 6.152 Thread 0x000001a1fed111c0 Exception <a 'java/lang/NoSuchMethodError'{0x00000000873a7308}: 'void java.lang.invoke.DirectMethodHandle$Holder.invokeStatic(java.lang.Object, java.lang.Object, java.lang.Object, int, java.lang.Object)'> (0x00000000873a7308) 
thrown [s\src\hotspot\share\interpreter\linkResolver.cpp, line 771]
Event: 6.253 Thread 0x000001a1fed111c0 Exception <a 'java/lang/NoSuchMethodError'{0x0000000086fbbcc8}: 'java.lang.Object java.lang.invoke.DirectMethodHandle$Holder.newInvokeSpecial(java.lang.Object, java.lang.Object, int)'> (0x0000000086fbbcc8) 
thrown [s\src\hotspot\share\interpreter\linkResolver.cpp, line 771]

VM Operations (20 events):
Event: 4.878 Executing VM operation: G1CollectForAllocation
Event: 4.885 Executing VM operation: G1CollectForAllocation done
Event: 5.223 Executing VM operation: ICBufferFull
Event: 5.224 Executing VM operation: ICBufferFull done
Event: 5.256 Executing VM operation: HandshakeAllThreads
Event: 5.256 Executing VM operation: HandshakeAllThreads done
Event: 5.259 Executing VM operation: G1CollectForAllocation
Event: 5.266 Executing VM operation: G1CollectForAllocation done
Event: 5.388 Executing VM operation: HandshakeAllThreads
Event: 5.388 Executing VM operation: HandshakeAllThreads done
Event: 5.616 Executing VM operation: HandshakeAllThreads
Event: 5.616 Executing VM operation: HandshakeAllThreads done
Event: 5.636 Executing VM operation: ICBufferFull
Event: 5.636 Executing VM operation: ICBufferFull done
Event: 5.642 Executing VM operation: HandshakeAllThreads
Event: 5.642 Executing VM operation: HandshakeAllThreads done
Event: 5.648 Executing VM operation: G1CollectForAllocation
Event: 5.654 Executing VM operation: G1CollectForAllocation done
Event: 6.095 Executing VM operation: G1CollectForAllocation
Event: 6.103 Executing VM operation: G1CollectForAllocation done

Events (20 events):
Event: 5.818 loading class javax/net/ssl/SSLException
Event: 5.818 loading class javax/net/ssl/SSLException done
Event: 5.818 loading class javax/net/ssl/SSLPeerUnverifiedException done
Event: 5.818 loading class javax/naming/NamingException
Event: 5.818 loading class javax/naming/NamingException done
Event: 5.818 loading class javax/naming/InvalidNameException
Event: 5.818 loading class javax/naming/InvalidNameException done
Event: 5.818 loading class java/security/cert/CertificateParsingException
Event: 5.818 loading class java/security/cert/CertificateException
Event: 5.818 loading class java/security/cert/CertificateException done
Event: 5.818 loading class java/security/cert/CertificateParsingException done
Event: 5.838 loading class java/util/Collections$SingletonMap
Event: 5.838 loading class java/util/Collections$SingletonMap done
Event: 5.839 Thread 0x000001a1cfac8aa0 Thread added: 0x000001a1cfac8aa0
Event: 5.936 loading class java/io/DeleteOnExitHook
Event: 5.937 loading class java/io/DeleteOnExitHook done
Event: 5.937 loading class java/io/DeleteOnExitHook$1
Event: 5.937 loading class java/io/DeleteOnExitHook$1 done
Event: 6.223 loading class java/util/Collections$2
Event: 6.223 loading class java/util/Collections$2 done


Dynamic libraries:
0x00007ff68f260000 - 0x00007ff68f26a000 	D:\Android Studio\jbr\bin\java.exe
0x00007fff84b30000 - 0x00007fff84d47000 	C:\WINDOWS\SYSTEM32\ntdll.dll
0x00007fff834b0000 - 0x00007fff83574000 	C:\WINDOWS\System32\KERNEL32.DLL
0x00007fff82300000 - 0x00007fff826a6000 	C:\WINDOWS\System32\KERNELBASE.dll
0x00007fff82760000 - 0x00007fff82871000 	C:\WINDOWS\System32\ucrtbase.dll
0x00007fff6fcf0000 - 0x00007fff6fd07000 	D:\Android Studio\jbr\bin\jli.dll
0x00007fff5c100000 - 0x00007fff5c11b000 	D:\Android Studio\jbr\bin\VCRUNTIME140.dll
0x00007fff82a90000 - 0x00007fff82c3e000 	C:\WINDOWS\System32\USER32.dll
0x00007fff826b0000 - 0x00007fff826d6000 	C:\WINDOWS\System32\win32u.dll
0x00007fff83840000 - 0x00007fff83869000 	C:\WINDOWS\System32\GDI32.dll
0x00007fff6b0c0000 - 0x00007fff6b353000 	C:\WINDOWS\WinSxS\amd64_microsoft.windows.common-controls_6595b64144ccf1df_6.0.22621.2506_none_270c5ae97388e100\COMCTL32.dll
0x00007fff82170000 - 0x00007fff82288000 	C:\WINDOWS\System32\gdi32full.dll
0x00007fff83980000 - 0x00007fff83a27000 	C:\WINDOWS\System32\msvcrt.dll
0x00007fff820d0000 - 0x00007fff8216a000 	C:\WINDOWS\System32\msvcp_win.dll
0x00007fff82e30000 - 0x00007fff82e61000 	C:\WINDOWS\System32\IMM32.DLL
0x00007fff5c0c0000 - 0x00007fff5c0cc000 	D:\Android Studio\jbr\bin\vcruntime140_1.dll
0x00007fff444f0000 - 0x00007fff4457d000 	D:\Android Studio\jbr\bin\msvcp140.dll
0x00007ffefefc0000 - 0x00007ffeffc40000 	D:\Android Studio\jbr\bin\server\jvm.dll
0x00007fff84a30000 - 0x00007fff84ae1000 	C:\WINDOWS\System32\ADVAPI32.dll
0x00007fff83400000 - 0x00007fff834a5000 	C:\WINDOWS\System32\sechost.dll
0x00007fff83720000 - 0x00007fff83837000 	C:\WINDOWS\System32\RPCRT4.dll
0x00007fff7d0f0000 - 0x00007fff7d0f9000 	C:\WINDOWS\SYSTEM32\WSOCK32.dll
0x00007fff82f00000 - 0x00007fff82f71000 	C:\WINDOWS\System32\WS2_32.dll
0x00007fff70400000 - 0x00007fff70434000 	C:\WINDOWS\SYSTEM32\WINMM.dll
0x00007fff6ecd0000 - 0x00007fff6ecda000 	C:\WINDOWS\SYSTEM32\VERSION.dll
0x00007fff80f90000 - 0x00007fff80fa8000 	C:\WINDOWS\SYSTEM32\kernel.appcore.dll
0x00007fff7cba0000 - 0x00007fff7cbaa000 	D:\Android Studio\jbr\bin\jimage.dll
0x00007fff7ef60000 - 0x00007fff7f193000 	C:\WINDOWS\SYSTEM32\DBGHELP.DLL
0x00007fff846a0000 - 0x00007fff84a29000 	C:\WINDOWS\System32\combase.dll
0x00007fff82990000 - 0x00007fff82a67000 	C:\WINDOWS\System32\OLEAUT32.dll
0x00007fff52930000 - 0x00007fff52962000 	C:\WINDOWS\SYSTEM32\dbgcore.DLL
0x00007fff826e0000 - 0x00007fff8275a000 	C:\WINDOWS\System32\bcryptPrimitives.dll
0x00007fff6fd10000 - 0x00007fff6fd1e000 	D:\Android Studio\jbr\bin\instrument.dll
0x00007fff7cac0000 - 0x00007fff7cae5000 	D:\Android Studio\jbr\bin\java.dll
0x00007fff7caa0000 - 0x00007fff7cab8000 	D:\Android Studio\jbr\bin\zip.dll
0x00007fff83b80000 - 0x00007fff843da000 	C:\WINDOWS\System32\SHELL32.dll
0x00007fff7fdc0000 - 0x00007fff806b6000 	C:\WINDOWS\SYSTEM32\windows.storage.dll
0x00007fff7fc80000 - 0x00007fff7fdbe000 	C:\WINDOWS\SYSTEM32\wintypes.dll
0x00007fff83880000 - 0x00007fff83973000 	C:\WINDOWS\System32\SHCORE.dll
0x00007fff82930000 - 0x00007fff8298e000 	C:\WINDOWS\System32\shlwapi.dll
0x00007fff81dd0000 - 0x00007fff81df6000 	C:\WINDOWS\SYSTEM32\profapi.dll
0x00007fff7ca80000 - 0x00007fff7ca99000 	D:\Android Studio\jbr\bin\net.dll
0x00007fff76cb0000 - 0x00007fff76de7000 	C:\WINDOWS\SYSTEM32\WINHTTP.dll
0x00007fff81410000 - 0x00007fff81479000 	C:\WINDOWS\system32\mswsock.dll
0x00007fff70ad0000 - 0x00007fff70ae6000 	D:\Android Studio\jbr\bin\nio.dll
0x00007fff7ca70000 - 0x00007fff7ca80000 	D:\Android Studio\jbr\bin\verify.dll
0x00007fff54160000 - 0x00007fff54187000 	D:\Afone\My Project\BimbingansKu\BimbingansKu\native\68d5fa5c4cc2d200863cafc0d521ce42e7d3e7ee720ec0a83991735586a16f82\windows-amd64\native-platform.dll
0x00007fff443a0000 - 0x00007fff444e4000 	D:\Afone\My Project\BimbingansKu\BimbingansKu\native\e376f236ea51e6404a007f0833ffe2c6e607c4080706a723a18a27aeea778392\windows-amd64\native-platform-file-events.dll
0x00007fff6fd50000 - 0x00007fff6fd59000 	D:\Android Studio\jbr\bin\management.dll
0x00007fff6fd40000 - 0x00007fff6fd4b000 	D:\Android Studio\jbr\bin\management_ext.dll
0x00007fff83870000 - 0x00007fff83878000 	C:\WINDOWS\System32\PSAPI.DLL
0x00007fff81660000 - 0x00007fff8167b000 	C:\WINDOWS\SYSTEM32\CRYPTSP.dll
0x00007fff80ef0000 - 0x00007fff80f25000 	C:\WINDOWS\system32\rsaenh.dll
0x00007fff81500000 - 0x00007fff8152c000 	C:\WINDOWS\SYSTEM32\USERENV.dll
0x00007fff81850000 - 0x00007fff81878000 	C:\WINDOWS\SYSTEM32\bcrypt.dll
0x00007fff81680000 - 0x00007fff8168c000 	C:\WINDOWS\SYSTEM32\CRYPTBASE.dll
0x00007fff809a0000 - 0x00007fff809cd000 	C:\WINDOWS\SYSTEM32\IPHLPAPI.DLL
0x00007fff83690000 - 0x00007fff83699000 	C:\WINDOWS\System32\NSI.dll
0x00007fff76c90000 - 0x00007fff76ca9000 	C:\WINDOWS\SYSTEM32\dhcpcsvc6.DLL
0x00007fff76c70000 - 0x00007fff76c8f000 	C:\WINDOWS\SYSTEM32\dhcpcsvc.DLL
0x00007fff809d0000 - 0x00007fff80ac9000 	C:\WINDOWS\SYSTEM32\DNSAPI.dll
0x00007fff60900000 - 0x00007fff60908000 	C:\WINDOWS\system32\wshunix.dll

dbghelp: loaded successfully - version: 4.0.5 - missing functions: none
symbol engine: initialized successfully - sym options: 0x614 - pdb path: .;D:\Android Studio\jbr\bin;C:\WINDOWS\SYSTEM32;C:\WINDOWS\WinSxS\amd64_microsoft.windows.common-controls_6595b64144ccf1df_6.0.22621.2506_none_270c5ae97388e100;D:\Android Studio\jbr\bin\server;D:\Afone\My Project\BimbingansKu\BimbingansKu\native\68d5fa5c4cc2d200863cafc0d521ce42e7d3e7ee720ec0a83991735586a16f82\windows-amd64;D:\Afone\My Project\BimbingansKu\BimbingansKu\native\e376f236ea51e6404a007f0833ffe2c6e607c4080706a723a18a27aeea778392\windows-amd64

VM Arguments:
jvm_args: --add-opens=java.base/java.util=ALL-UNNAMED --add-opens=java.base/java.lang=ALL-UNNAMED --add-opens=java.base/java.lang.invoke=ALL-UNNAMED --add-opens=java.prefs/java.util.prefs=ALL-UNNAMED --add-opens=java.base/java.nio.charset=ALL-UNNAMED --add-opens=java.base/java.net=ALL-UNNAMED --add-opens=java.base/java.util.concurrent.atomic=ALL-UNNAMED -Xmx2048m -Dfile.encoding=UTF-8 -Duser.country=ID -Duser.language=en -Duser.variant -javaagent:D:\Afone\My Project\BimbingansKu\BimbingansKu\wrapper\dists\gradle-8.2-bin\bbg7u40eoinfdyxsxr3z4i7ta\gradle-8.2\lib\agents\gradle-instrumentation-agent-8.2.jar 
java_command: org.gradle.launcher.daemon.bootstrap.GradleDaemon 8.2
java_class_path (initial): D:\Afone\My Project\BimbingansKu\BimbingansKu\wrapper\dists\gradle-8.2-bin\bbg7u40eoinfdyxsxr3z4i7ta\gradle-8.2\lib\gradle-launcher-8.2.jar
Launcher Type: SUN_STANDARD

[Global flags]
     intx CICompilerCount                          = 3                                         {product} {ergonomic}
     uint ConcGCThreads                            = 1                                         {product} {ergonomic}
     uint G1ConcRefinementThreads                  = 4                                         {product} {ergonomic}
   size_t G1HeapRegionSize                         = 1048576                                   {product} {ergonomic}
    uintx GCDrainStackTargetSize                   = 64                                        {product} {ergonomic}
   size_t InitialHeapSize                          = 132120576                                 {product} {ergonomic}
   size_t MarkStackSize                            = 4194304                                   {product} {ergonomic}
   size_t MaxHeapSize                              = 2147483648                                {product} {command line}
   size_t MaxNewSize                               = 1287651328                                {product} {ergonomic}
   size_t MinHeapDeltaBytes                        = 1048576                                   {product} {ergonomic}
   size_t MinHeapSize                              = 8388608                                   {product} {ergonomic}
    uintx NonNMethodCodeHeapSize                   = 5832780                                {pd product} {ergonomic}
    uintx NonProfiledCodeHeapSize                  = 122912730                              {pd product} {ergonomic}
    uintx ProfiledCodeHeapSize                     = 122912730                              {pd product} {ergonomic}
    uintx ReservedCodeCacheSize                    = 251658240                              {pd product} {ergonomic}
     bool SegmentedCodeCache                       = true                                      {product} {ergonomic}
   size_t SoftMaxHeapSize                          = 2147483648                             {manageable} {ergonomic}
     bool UseCompressedClassPointers               = true                           {product lp64_product} {ergonomic}
     bool UseCompressedOops                        = true                           {product lp64_product} {ergonomic}
     bool UseG1GC                                  = true                                      {product} {ergonomic}
     bool UseLargePagesIndividualAllocation        = false                                  {pd product} {ergonomic}

Logging:
Log output configuration:
 #0: stdout all=warning uptime,level,tags
 #1: stderr all=off uptime,level,tags

Environment Variables:
JAVA_HOME=C:\Program Files\Zulu\zulu-8
PATH=C:\Program Files\Zulu\zulu-8\bin\;C:\Program Files (x86)\Common Files\Oracle\Java\javapath;C:\ProgramData\Oracle\Java\javapath;C:\WINDOWS\system32;C:\WINDOWS;C:\WINDOWS\System32\Wbem;C:\WINDOWS\System32\WindowsPowerShell\v1.0\;C:\WINDOWS\System32\OpenSSH\;D:\Java\bin;C:\Program Files\Git\cmd;D:\Tools\gradle-7.3\bin;D:\Xampp\php;D:\flutter\bin;C:\Users\User\AppData\Local\Programs\Python\Python39\Scripts\;C:\Users\User\AppData\Local\Programs\Python\Python39\;C:\Users\User\AppData\Local\Microsoft\WindowsApps;D:\IntelliJ IDEA Community Edition 2023.2\bin;;D:\Microsoft VS Code\bin;C:\Users\User\AppData\Local\GitHubDesktop\bin
USERNAME=Afwaans
OS=Windows_NT
PROCESSOR_IDENTIFIER=Intel64 Family 6 Model 140 Stepping 1, GenuineIntel
TMP=C:\Users\User\AppData\Local\Temp
TEMP=C:\Users\User\AppData\Local\Temp


JNI global refs:
JNI global refs: 26, weak refs: 5

JNI global refs memory usage: 843, weak refs: 841

OOME stack traces (most recent first):
Classloader memory used:
Loader org.gradle.internal.classloader.VisitableURLClassLoader                         : 3263K
Loader bootstrap                                                                       : 2395K
Loader org.gradle.initialization.MixInLegacyTypesClassLoader                           : 928K
Loader jdk.internal.loader.ClassLoaders$PlatformClassLoader                            : 65502B
Loader jdk.internal.loader.ClassLoaders$AppClassLoader                                 : 28450B
Loader jdk.internal.reflect.DelegatingClassLoader                                      : 8588B
Loader org.gradle.internal.classloader.VisitableURLClassLoader$InstrumentingVisitableURLClassLoader: 4331B
Loader org.gradle.groovy.scripts.internal.DefaultScriptCompilationHandler$ScriptClassLoader: 1712B
Loader org.codehaus.groovy.runtime.callsite.CallSiteClassLoader                        : 356B

Classes loaded by more than one classloader:
Class Program                                                                         : loaded 3 times (x 70B)
Class org.gradle.internal.classpath.ClassPath                                         : loaded 2 times (x 68B)
Class org.gradle.api.internal.classpath.DefaultModuleRegistry                         : loaded 2 times (x 84B)
Class Settings_gradle$1$1                                                             : loaded 2 times (x 72B)
Class org.gradle.api.Action                                                           : loaded 2 times (x 68B)
Class org.gradle.api.internal.DefaultClassPathProvider                                : loaded 2 times (x 74B)
Class org.gradle.internal.installation.GradleInstallation$1                           : loaded 2 times (x 73B)
Class org.gradle.internal.classloader.FilteringClassLoader                            : loaded 2 times (x 102B)
Class org.gradle.internal.classpath.DefaultClassPath$ImmutableUniqueList$Builder      : loaded 2 times (x 73B)
Class org.gradle.internal.classloader.ClassLoaderVisitor                              : loaded 2 times (x 74B)
Class org.gradle.internal.service.DefaultServiceLocator                               : loaded 2 times (x 81B)
Class org.gradle.internal.service.UnknownServiceException                             : loaded 2 times (x 81B)
Class org.gradle.internal.classloader.DefaultClassLoaderFactory                       : loaded 2 times (x 80B)
Class org.gradle.internal.classloader.VisitableURLClassLoader$Spec                    : loaded 2 times (x 72B)
Class org.gradle.api.GradleException                                                  : loaded 2 times (x 80B)
Class org.gradle.api.internal.classpath.ModuleRegistry                                : loaded 2 times (x 68B)
Class org.gradle.api.internal.ClassPathProvider                                       : loaded 2 times (x 68B)
Class org.gradle.internal.classloader.ClasspathUtil$1                                 : loaded 2 times (x 74B)
Class org.gradle.internal.classloader.ClassLoaderFactory                              : loaded 2 times (x 68B)
Class org.gradle.api.internal.classpath.ManifestUtil                                  : loaded 2 times (x 69B)
Class org.gradle.api.specs.Spec                                                       : loaded 2 times (x 68B)
Class org.gradle.internal.IoActions                                                   : loaded 2 times (x 69B)
Class org.gradle.api.internal.classpath.EffectiveClassPath                            : loaded 2 times (x 88B)
Class org.gradle.internal.installation.CurrentGradleInstallation                      : loaded 2 times (x 71B)
Class org.gradle.internal.agents.InstrumentingClassLoader                             : loaded 2 times (x 68B)
Class org.gradle.internal.installation.CurrentGradleInstallationLocator               : loaded 2 times (x 69B)
Class org.gradle.api.internal.classpath.Module                                        : loaded 2 times (x 68B)
Class org.gradle.internal.service.CachingServiceLocator                               : loaded 2 times (x 80B)
Class org.gradle.internal.classpath.DefaultClassPath                                  : loaded 2 times (x 88B)
Class org.gradle.internal.classloader.SystemClassLoaderSpec                           : loaded 2 times (x 69B)
Class org.gradle.api.UncheckedIOException                                             : loaded 2 times (x 80B)
Class org.gradle.internal.installation.GradleInstallation                             : loaded 2 times (x 73B)
Class org.gradle.internal.classloader.ClasspathUtil                                   : loaded 2 times (x 69B)
Class org.gradle.api.internal.DefaultClassPathRegistry                                : loaded 2 times (x 74B)
Class org.gradle.api.internal.classpath.DefaultModuleRegistry$DefaultModule           : loaded 2 times (x 84B)
Class org.gradle.api.internal.classpath.UnknownModuleException                        : loaded 2 times (x 80B)
Class org.gradle.internal.service.ServiceLookupException                              : loaded 2 times (x 80B)
Class org.gradle.cache.GlobalCache                                                    : loaded 2 times (x 68B)
Class [Lorg.gradle.api.internal.ClassPathProvider;                                    : loaded 2 times (x 67B)
Class org.gradle.util.internal.GUtil                                                  : loaded 2 times (x 69B)
Class org.gradle.internal.classloader.ClassLoaderSpec                                 : loaded 2 times (x 69B)
Class org.gradle.internal.classloader.VisitableURLClassLoader                         : loaded 2 times (x 114B)
Class org.gradle.internal.Cast                                                        : loaded 2 times (x 69B)
Class org.gradle.api.internal.ClassPathRegistry                                       : loaded 2 times (x 68B)
Class org.gradle.internal.classloader.VisitableURLClassLoader$InstrumentingVisitableURLClassLoader: loaded 2 times (x 120B)
Class org.gradle.internal.classloader.ClassLoaderHierarchy                            : loaded 2 times (x 68B)
Class org.gradle.internal.InternalTransformer                                         : loaded 2 times (x 68B)
Class org.gradle.internal.service.ServiceLocator                                      : loaded 2 times (x 68B)
Class Settings_gradle$1                                                               : loaded 2 times (x 72B)
Class org.gradle.internal.classpath.DefaultClassPath$ImmutableUniqueList              : loaded 2 times (x 159B)
Class org.gradle.internal.classpath.TransformedClassPath                              : loaded 2 times (x 94B)
Class Settings_gradle                                                                 : loaded 2 times (x 126B)


---------------  S Y S T E M  ---------------

OS:
 Windows 11 , 64 bit Build 22621 (10.0.22621.2506)
OS uptime: 0 days 4:53 hours

CPU: total 4 (initial active 4) (2 cores per cpu, 2 threads per core) family 6 model 140 stepping 1 microcode 0x86, cx8, cmov, fxsr, ht, mmx, 3dnowpref, sse, sse2, sse3, ssse3, sse4.1, sse4.2, popcnt, lzcnt, tsc, tscinvbit, avx, avx2, aes, erms, clmul, bmi1, bmi2, adx, avx512f, avx512dq, avx512cd, avx512bw, avx512vl, sha, fma, vzeroupper, avx512_vpopcntdq, avx512_vpclmulqdq, avx512_vaes, avx512_vnni, clflush, clflushopt, clwb, avx512_vbmi2, avx512_vbmi

Memory: 4k page, system-wide physical 7975M (407M free)
TotalPageFile size 11605M (AvailPageFile size 12M)
current process WorkingSet (physical memory assigned to process): 269M, peak: 274M
current process commit charge ("private bytes"): 329M, peak: 337M

vm_info: OpenJDK 64-Bit Server VM (17.0.7+0-b2043.56-10550314) for windows-amd64 JRE (17.0.7+0-b2043.56-10550314), built on Jul 24 2023 18:27:45 by "androidbuild" with MS VC++ 16.10 / 16.11 (VS2019)

END.
