#
# There is insufficient memory for the Java Runtime Environment to continue.
# Native memory allocation (malloc) failed to allocate 1768976 bytes for Chunk::new
# Possible reasons:
#   The system is out of physical RAM or swap space
#   The process is running with CompressedOops enabled, and the Java Heap may be blocking the growth of the native heap
# Possible solutions:
#   Reduce memory load on the system
#   Increase physical memory or swap space
#   Check if swap backing store is full
#   Decrease Java heap size (-Xmx/-Xms)
#   Decrease number of Java threads
#   Decrease Java thread stack sizes (-Xss)
#   Set larger code cache with -XX:ReservedCodeCacheSize=
#   JVM is running with Unscaled Compressed Oops mode in which the Java heap is
#     placed in the first 4GB address space. The Java Heap base address is the
#     maximum limit for the native heap growth. Please use -XX:HeapBaseMinAddress
#     to set the Java Heap base and to place the Java Heap above 4GB virtual address.
# This output file may be truncated or incomplete.
#
#  Out of Memory Error (arena.cpp:189), pid=12528, tid=6380
#
# JRE version: OpenJDK Runtime Environment (17.0.7) (build 17.0.7+0-b2043.56-10550314)
# Java VM: OpenJDK 64-Bit Server VM (17.0.7+0-b2043.56-10550314, mixed mode, tiered, compressed oops, compressed class ptrs, g1 gc, windows-amd64)
# No core dump will be written. Minidumps are not enabled by default on client versions of Windows
#

---------------  S U M M A R Y ------------

Command Line: org.jetbrains.kotlin.cli.jvm.K2JVMCompiler @D:\PasKita\app\build\20231218_14228068372989311515.compiler.options

Host: 11th Gen Intel(R) Core(TM) i3-1115G4 @ 3.00GHz, 4 cores, 7G,  Windows 11 , 64 bit Build 22621 (10.0.22621.2506)
Time: Mon Dec 18 15:30:54 2023 SE Asia Standard Time elapsed time: 37.720753 seconds (0d 0h 0m 37s)

---------------  T H R E A D  ---------------

Current thread (0x0000016c985a82e0):  JavaThread "C2 CompilerThread0" daemon [_thread_in_native, id=6380, stack(0x0000001db7800000,0x0000001db7900000)]


Current CompileTask:
C2:  37721 14359       4       org.jetbrains.kotlin.load.java.lazy.types.JavaTypeResolver::transformJavaType (248 bytes)

Stack: [0x0000001db7800000,0x0000001db7900000]
Native frames: (J=compiled Java code, j=interpreted, Vv=VM code, C=native code)
V  [jvm.dll+0x683bfa]
V  [jvm.dll+0x8430a4]
V  [jvm.dll+0x8449be]
V  [jvm.dll+0x845023]
V  [jvm.dll+0x24ad2f]
V  [jvm.dll+0xac25c]
V  [jvm.dll+0xac82c]
V  [jvm.dll+0x36a132]
V  [jvm.dll+0x334821]
V  [jvm.dll+0x333cca]
V  [jvm.dll+0x21d251]
V  [jvm.dll+0x21c671]
V  [jvm.dll+0x1a605d]
V  [jvm.dll+0x22c148]
V  [jvm.dll+0x22a209]
V  [jvm.dll+0x7f858c]
V  [jvm.dll+0x7f2aea]
V  [jvm.dll+0x682a35]
C  [ucrtbase.dll+0x29363]
C  [KERNEL32.DLL+0x1257d]
C  [ntdll.dll+0x5aa58]


---------------  P R O C E S S  ---------------

Threads class SMR info:
_java_thread_list=0x0000016c9de37a30, length=12, elements={
0x0000016cfee55d30, 0x0000016c98460280, 0x0000016c98460e30, 0x0000016c9846bb20,
0x0000016c9846c5e0, 0x0000016c985a6010, 0x0000016c985a6dd0, 0x0000016c985a82e0,
0x0000016c985a9ca0, 0x0000016c985bc400, 0x0000016c9871ecc0, 0x0000016c9872c460
}

Java Threads: ( => current thread )
  0x0000016cfee55d30 JavaThread "main" [_thread_in_Java, id=5828, stack(0x0000001db6b00000,0x0000001db6c00000)]
  0x0000016c98460280 JavaThread "Reference Handler" daemon [_thread_blocked, id=18172, stack(0x0000001db7200000,0x0000001db7300000)]
  0x0000016c98460e30 JavaThread "Finalizer" daemon [_thread_blocked, id=14380, stack(0x0000001db7300000,0x0000001db7400000)]
  0x0000016c9846bb20 JavaThread "Signal Dispatcher" daemon [_thread_blocked, id=17840, stack(0x0000001db7400000,0x0000001db7500000)]
  0x0000016c9846c5e0 JavaThread "Attach Listener" daemon [_thread_blocked, id=12804, stack(0x0000001db7500000,0x0000001db7600000)]
  0x0000016c985a6010 JavaThread "Service Thread" daemon [_thread_blocked, id=9164, stack(0x0000001db7600000,0x0000001db7700000)]
  0x0000016c985a6dd0 JavaThread "Monitor Deflation Thread" daemon [_thread_blocked, id=2952, stack(0x0000001db7700000,0x0000001db7800000)]
=>0x0000016c985a82e0 JavaThread "C2 CompilerThread0" daemon [_thread_in_native, id=6380, stack(0x0000001db7800000,0x0000001db7900000)]
  0x0000016c985a9ca0 JavaThread "C1 CompilerThread0" daemon [_thread_blocked, id=17548, stack(0x0000001db7900000,0x0000001db7a00000)]
  0x0000016c985bc400 JavaThread "Sweeper thread" daemon [_thread_blocked, id=18212, stack(0x0000001db7a00000,0x0000001db7b00000)]
  0x0000016c9871ecc0 JavaThread "Notification Thread" daemon [_thread_blocked, id=17584, stack(0x0000001db7b00000,0x0000001db7c00000)]
  0x0000016c9872c460 JavaThread "Common-Cleaner" daemon [_thread_blocked, id=15536, stack(0x0000001db7d00000,0x0000001db7e00000)]

Other Threads:
  0x0000016c983e0f10 VMThread "VM Thread" [stack: 0x0000001db7100000,0x0000001db7200000] [id=11908]
  0x0000016cfeecb030 WatcherThread [stack: 0x0000001db7c00000,0x0000001db7d00000] [id=6584]
  0x0000016cfeeb1bb0 GCTaskThread "GC Thread#0" [stack: 0x0000001db6c00000,0x0000001db6d00000] [id=10032]
  0x0000016c9d1f7300 GCTaskThread "GC Thread#1" [stack: 0x0000001db7f00000,0x0000001db8000000] [id=11580]
  0x0000016c9d1cd050 GCTaskThread "GC Thread#2" [stack: 0x0000001db8000000,0x0000001db8100000] [id=14144]
  0x0000016c9d21c490 GCTaskThread "GC Thread#3" [stack: 0x0000001db8100000,0x0000001db8200000] [id=15184]
  0x0000016cfeec2430 ConcurrentGCThread "G1 Main Marker" [stack: 0x0000001db6d00000,0x0000001db6e00000] [id=18416]
  0x0000016cfeec2e40 ConcurrentGCThread "G1 Conc#0" [stack: 0x0000001db6e00000,0x0000001db6f00000] [id=6700]
  0x0000016cfef1e410 ConcurrentGCThread "G1 Refine#0" [stack: 0x0000001db6f00000,0x0000001db7000000] [id=12116]
  0x0000016c9d9d9af0 ConcurrentGCThread "G1 Refine#1" [stack: 0x0000001db8200000,0x0000001db8300000] [id=9008]
  0x0000016c9e00ed40 ConcurrentGCThread "G1 Refine#2" [stack: 0x0000001db7e00000,0x0000001db7f00000] [id=6832]
  0x0000016c982920b0 ConcurrentGCThread "G1 Service" [stack: 0x0000001db7000000,0x0000001db7100000] [id=11420]

Threads with active compile tasks:
C2 CompilerThread0    37749 14359       4       org.jetbrains.kotlin.load.java.lazy.types.JavaTypeResolver::transformJavaType (248 bytes)

VM state: not at safepoint (normal execution)

VM Mutex/Monitor currently owned by a thread: None

Heap address: 0x0000000083600000, size: 1994 MB, Compressed Oops mode: 32-bit

CDS archive(s) not mapped
Compressed class space mapped at: 0x0000000100000000-0x0000000140000000, reserved size: 1073741824
Narrow klass base: 0x0000000000000000, Narrow klass shift: 3, Narrow klass range: 0x140000000

GC Precious Log:
 CPUs: 4 total, 4 available
 Memory: 7975M
 Large Page Support: Disabled
 NUMA Support: Disabled
 Compressed Oops: Enabled (32-bit)
 Heap Region Size: 1M
 Heap Min Capacity: 8M
 Heap Initial Capacity: 126M
 Heap Max Capacity: 1994M
 Pre-touch: Disabled
 Parallel Workers: 4
 Concurrent Workers: 1
 Concurrent Refinement Workers: 4
 Periodic GC: Disabled

Heap:
 garbage-first heap   total 214016K, used 147330K [0x0000000083600000, 0x0000000100000000)
  region size 1024K, 51 young (52224K), 4 survivors (4096K)
 Metaspace       used 70680K, committed 71040K, reserved 1114112K
  class space    used 7945K, committed 8128K, reserved 1048576K

Heap Regions: E=young(eden), S=young(survivor), O=old, HS=humongous(starts), HC=humongous(continues), CS=collection set, F=free, OA=open archive, CA=closed archive, TAMS=top-at-mark-start (previous, next)
|   0|0x0000000083600000, 0x0000000083700000, 0x0000000083700000|100%|HS|  |TAMS 0x0000000083700000, 0x0000000083600000| Complete 
|   1|0x0000000083700000, 0x0000000083800000, 0x0000000083800000|100%|HC|  |TAMS 0x0000000083800000, 0x0000000083700000| Complete 
|   2|0x0000000083800000, 0x0000000083900000, 0x0000000083900000|100%|HC|  |TAMS 0x0000000083900000, 0x0000000083800000| Complete 
|   3|0x0000000083900000, 0x0000000083a00000, 0x0000000083a00000|100%|HC|  |TAMS 0x0000000083a00000, 0x0000000083900000| Complete 
|   4|0x0000000083a00000, 0x0000000083b00000, 0x0000000083b00000|100%| O|  |TAMS 0x0000000083b00000, 0x0000000083a00000| Untracked 
|   5|0x0000000083b00000, 0x0000000083c00000, 0x0000000083c00000|100%| O|  |TAMS 0x0000000083c00000, 0x0000000083b00000| Untracked 
|   6|0x0000000083c00000, 0x0000000083d00000, 0x0000000083d00000|100%| O|  |TAMS 0x0000000083d00000, 0x0000000083c00000| Untracked 
|   7|0x0000000083d00000, 0x0000000083e00000, 0x0000000083e00000|100%| O|  |TAMS 0x0000000083e00000, 0x0000000083d00000| Untracked 
|   8|0x0000000083e00000, 0x0000000083f00000, 0x0000000083f00000|100%| O|  |TAMS 0x0000000083f00000, 0x0000000083e00000| Untracked 
|   9|0x0000000083f00000, 0x0000000084000000, 0x0000000084000000|100%| O|  |TAMS 0x0000000084000000, 0x0000000083f00000| Untracked 
|  10|0x0000000084000000, 0x0000000084100000, 0x0000000084100000|100%| O|  |TAMS 0x0000000084100000, 0x0000000084000000| Untracked 
|  11|0x0000000084100000, 0x0000000084200000, 0x0000000084200000|100%| O|  |TAMS 0x0000000084200000, 0x0000000084100000| Untracked 
|  12|0x0000000084200000, 0x0000000084300000, 0x0000000084300000|100%| O|  |TAMS 0x0000000084300000, 0x0000000084200000| Untracked 
|  13|0x0000000084300000, 0x0000000084400000, 0x0000000084400000|100%| O|  |TAMS 0x0000000084400000, 0x0000000084300000| Untracked 
|  14|0x0000000084400000, 0x0000000084500000, 0x0000000084500000|100%| O|  |TAMS 0x0000000084500000, 0x0000000084400000| Untracked 
|  15|0x0000000084500000, 0x0000000084600000, 0x0000000084600000|100%| O|  |TAMS 0x0000000084600000, 0x0000000084500000| Untracked 
|  16|0x0000000084600000, 0x0000000084700000, 0x0000000084700000|100%| O|  |TAMS 0x0000000084700000, 0x0000000084600000| Untracked 
|  17|0x0000000084700000, 0x0000000084800000, 0x0000000084800000|100%| O|  |TAMS 0x0000000084800000, 0x0000000084700000| Untracked 
|  18|0x0000000084800000, 0x0000000084900000, 0x0000000084900000|100%| O|  |TAMS 0x0000000084900000, 0x0000000084800000| Untracked 
|  19|0x0000000084900000, 0x0000000084a00000, 0x0000000084a00000|100%| O|  |TAMS 0x0000000084a00000, 0x0000000084900000| Untracked 
|  20|0x0000000084a00000, 0x0000000084b00000, 0x0000000084b00000|100%| O|  |TAMS 0x0000000084b00000, 0x0000000084a00000| Untracked 
|  21|0x0000000084b00000, 0x0000000084c00000, 0x0000000084c00000|100%| O|  |TAMS 0x0000000084c00000, 0x0000000084b00000| Untracked 
|  22|0x0000000084c00000, 0x0000000084d00000, 0x0000000084d00000|100%| O|  |TAMS 0x0000000084d00000, 0x0000000084c00000| Untracked 
|  23|0x0000000084d00000, 0x0000000084e00000, 0x0000000084e00000|100%|HS|  |TAMS 0x0000000084e00000, 0x0000000084d00000| Complete 
|  24|0x0000000084e00000, 0x0000000084f00000, 0x0000000084f00000|100%|HC|  |TAMS 0x0000000084f00000, 0x0000000084e00000| Complete 
|  25|0x0000000084f00000, 0x0000000085000000, 0x0000000085000000|100%| O|  |TAMS 0x0000000085000000, 0x0000000084f00000| Untracked 
|  26|0x0000000085000000, 0x0000000085100000, 0x0000000085100000|100%| O|  |TAMS 0x0000000085100000, 0x0000000085000000| Untracked 
|  27|0x0000000085100000, 0x0000000085200000, 0x0000000085200000|100%| O|  |TAMS 0x0000000085200000, 0x0000000085100000| Untracked 
|  28|0x0000000085200000, 0x0000000085200000, 0x0000000085300000|  0%| F|  |TAMS 0x0000000085200000, 0x0000000085200000| Untracked 
|  29|0x0000000085300000, 0x0000000085400000, 0x0000000085400000|100%| O|  |TAMS 0x0000000085400000, 0x0000000085300000| Untracked 
|  30|0x0000000085400000, 0x0000000085500000, 0x0000000085500000|100%| O|  |TAMS 0x0000000085500000, 0x0000000085400000| Untracked 
|  31|0x0000000085500000, 0x0000000085600000, 0x0000000085600000|100%| O|  |TAMS 0x0000000085600000, 0x0000000085500000| Untracked 
|  32|0x0000000085600000, 0x0000000085700000, 0x0000000085700000|100%| O|  |TAMS 0x0000000085700000, 0x0000000085600000| Untracked 
|  33|0x0000000085700000, 0x0000000085800000, 0x0000000085800000|100%| O|  |TAMS 0x0000000085800000, 0x0000000085700000| Untracked 
|  34|0x0000000085800000, 0x0000000085900000, 0x0000000085900000|100%| O|  |TAMS 0x0000000085900000, 0x0000000085800000| Untracked 
|  35|0x0000000085900000, 0x0000000085a00000, 0x0000000085a00000|100%| O|  |TAMS 0x0000000085a00000, 0x0000000085900000| Untracked 
|  36|0x0000000085a00000, 0x0000000085b00000, 0x0000000085b00000|100%| O|  |TAMS 0x0000000085b00000, 0x0000000085a00000| Untracked 
|  37|0x0000000085b00000, 0x0000000085c00000, 0x0000000085c00000|100%| O|  |TAMS 0x0000000085c00000, 0x0000000085b00000| Untracked 
|  38|0x0000000085c00000, 0x0000000085d00000, 0x0000000085d00000|100%| O|  |TAMS 0x0000000085d00000, 0x0000000085c00000| Untracked 
|  39|0x0000000085d00000, 0x0000000085e00000, 0x0000000085e00000|100%| O|  |TAMS 0x0000000085e00000, 0x0000000085d00000| Untracked 
|  40|0x0000000085e00000, 0x0000000085f00000, 0x0000000085f00000|100%| O|  |TAMS 0x0000000085f00000, 0x0000000085e00000| Untracked 
|  41|0x0000000085f00000, 0x0000000086000000, 0x0000000086000000|100%| O|  |TAMS 0x0000000086000000, 0x0000000085f00000| Untracked 
|  42|0x0000000086000000, 0x0000000086100000, 0x0000000086100000|100%| O|  |TAMS 0x0000000086100000, 0x0000000086000000| Untracked 
|  43|0x0000000086100000, 0x0000000086200000, 0x0000000086200000|100%| O|  |TAMS 0x0000000086200000, 0x0000000086100000| Untracked 
|  44|0x0000000086200000, 0x0000000086300000, 0x0000000086300000|100%| O|  |TAMS 0x0000000086300000, 0x0000000086200000| Untracked 
|  45|0x0000000086300000, 0x0000000086400000, 0x0000000086400000|100%| O|  |TAMS 0x0000000086400000, 0x0000000086300000| Untracked 
|  46|0x0000000086400000, 0x0000000086500000, 0x0000000086500000|100%| O|  |TAMS 0x0000000086500000, 0x0000000086400000| Untracked 
|  47|0x0000000086500000, 0x0000000086600000, 0x0000000086600000|100%| O|  |TAMS 0x0000000086600000, 0x0000000086500000| Untracked 
|  48|0x0000000086600000, 0x0000000086700000, 0x0000000086700000|100%| O|  |TAMS 0x0000000086700000, 0x0000000086600000| Complete 
|  49|0x0000000086700000, 0x0000000086800000, 0x0000000086800000|100%| O|  |TAMS 0x0000000086800000, 0x0000000086700000| Untracked 
|  50|0x0000000086800000, 0x0000000086900000, 0x0000000086900000|100%| O|  |TAMS 0x0000000086900000, 0x0000000086800000| Untracked 
|  51|0x0000000086900000, 0x0000000086a00000, 0x0000000086a00000|100%| O|  |TAMS 0x0000000086a00000, 0x0000000086900000| Untracked 
|  52|0x0000000086a00000, 0x0000000086b00000, 0x0000000086b00000|100%| O|  |TAMS 0x0000000086b00000, 0x0000000086a00000| Untracked 
|  53|0x0000000086b00000, 0x0000000086c00000, 0x0000000086c00000|100%| O|  |TAMS 0x0000000086c00000, 0x0000000086b00000| Untracked 
|  54|0x0000000086c00000, 0x0000000086d00000, 0x0000000086d00000|100%| O|  |TAMS 0x0000000086d00000, 0x0000000086c00000| Untracked 
|  55|0x0000000086d00000, 0x0000000086e00000, 0x0000000086e00000|100%| O|  |TAMS 0x0000000086e00000, 0x0000000086d00000| Untracked 
|  56|0x0000000086e00000, 0x0000000086f00000, 0x0000000086f00000|100%| O|  |TAMS 0x0000000086f00000, 0x0000000086e00000| Untracked 
|  57|0x0000000086f00000, 0x0000000087000000, 0x0000000087000000|100%| O|  |TAMS 0x0000000087000000, 0x0000000086f00000| Untracked 
|  58|0x0000000087000000, 0x0000000087100000, 0x0000000087100000|100%| O|  |TAMS 0x0000000087100000, 0x0000000087000000| Untracked 
|  59|0x0000000087100000, 0x0000000087200000, 0x0000000087200000|100%| O|  |TAMS 0x0000000087200000, 0x0000000087100000| Untracked 
|  60|0x0000000087200000, 0x0000000087300000, 0x0000000087300000|100%| O|  |TAMS 0x0000000087300000, 0x0000000087200000| Untracked 
|  61|0x0000000087300000, 0x0000000087400000, 0x0000000087400000|100%| O|  |TAMS 0x0000000087400000, 0x0000000087300000| Untracked 
|  62|0x0000000087400000, 0x0000000087500000, 0x0000000087500000|100%| O|  |TAMS 0x0000000087500000, 0x0000000087400000| Untracked 
|  63|0x0000000087500000, 0x0000000087600000, 0x0000000087600000|100%| O|  |TAMS 0x0000000087600000, 0x0000000087500000| Untracked 
|  64|0x0000000087600000, 0x0000000087700000, 0x0000000087700000|100%| O|  |TAMS 0x0000000087700000, 0x0000000087600000| Untracked 
|  65|0x0000000087700000, 0x0000000087800000, 0x0000000087800000|100%| O|  |TAMS 0x0000000087800000, 0x0000000087700000| Untracked 
|  66|0x0000000087800000, 0x0000000087900000, 0x0000000087900000|100%| O|  |TAMS 0x0000000087900000, 0x0000000087800000| Untracked 
|  67|0x0000000087900000, 0x0000000087a00000, 0x0000000087a00000|100%| O|  |TAMS 0x0000000087a00000, 0x0000000087900000| Untracked 
|  68|0x0000000087a00000, 0x0000000087a00000, 0x0000000087b00000|  0%| F|  |TAMS 0x0000000087a00000, 0x0000000087a00000| Untracked 
|  69|0x0000000087b00000, 0x0000000087c00000, 0x0000000087c00000|100%|HS|  |TAMS 0x0000000087c00000, 0x0000000087b00000| Complete 
|  70|0x0000000087c00000, 0x0000000087d00000, 0x0000000087d00000|100%|HC|  |TAMS 0x0000000087d00000, 0x0000000087c00000| Complete 
|  71|0x0000000087d00000, 0x0000000087e00000, 0x0000000087e00000|100%| O|  |TAMS 0x0000000087e00000, 0x0000000087d00000| Untracked 
|  72|0x0000000087e00000, 0x0000000087f00000, 0x0000000087f00000|100%| O|  |TAMS 0x0000000087f00000, 0x0000000087e00000| Untracked 
|  73|0x0000000087f00000, 0x0000000088000000, 0x0000000088000000|100%| O|  |TAMS 0x0000000088000000, 0x0000000087f00000| Untracked 
|  74|0x0000000088000000, 0x0000000088100000, 0x0000000088100000|100%| O|  |TAMS 0x0000000088100000, 0x0000000088000000| Untracked 
|  75|0x0000000088100000, 0x0000000088200000, 0x0000000088200000|100%| O|  |TAMS 0x0000000088200000, 0x0000000088100000| Untracked 
|  76|0x0000000088200000, 0x0000000088300000, 0x0000000088300000|100%| O|  |TAMS 0x0000000088300000, 0x0000000088200000| Untracked 
|  77|0x0000000088300000, 0x0000000088400000, 0x0000000088400000|100%| O|  |TAMS 0x0000000088400000, 0x0000000088300000| Untracked 
|  78|0x0000000088400000, 0x0000000088500000, 0x0000000088500000|100%| O|  |TAMS 0x0000000088500000, 0x0000000088400000| Untracked 
|  79|0x0000000088500000, 0x0000000088600000, 0x0000000088600000|100%| O|  |TAMS 0x0000000088600000, 0x0000000088500000| Untracked 
|  80|0x0000000088600000, 0x0000000088700000, 0x0000000088700000|100%| O|  |TAMS 0x0000000088700000, 0x0000000088600000| Untracked 
|  81|0x0000000088700000, 0x0000000088800000, 0x0000000088800000|100%| O|  |TAMS 0x0000000088800000, 0x0000000088700000| Untracked 
|  82|0x0000000088800000, 0x0000000088900000, 0x0000000088900000|100%| O|  |TAMS 0x0000000088900000, 0x0000000088800000| Untracked 
|  83|0x0000000088900000, 0x0000000088a00000, 0x0000000088a00000|100%| O|  |TAMS 0x0000000088a00000, 0x0000000088900000| Untracked 
|  84|0x0000000088a00000, 0x0000000088b00000, 0x0000000088b00000|100%| O|  |TAMS 0x0000000088b00000, 0x0000000088a00000| Untracked 
|  85|0x0000000088b00000, 0x0000000088c00000, 0x0000000088c00000|100%| O|  |TAMS 0x0000000088c00000, 0x0000000088b00000| Untracked 
|  86|0x0000000088c00000, 0x0000000088d00000, 0x0000000088d00000|100%| O|  |TAMS 0x0000000088d00000, 0x0000000088c00000| Untracked 
|  87|0x0000000088d00000, 0x0000000088e00000, 0x0000000088e00000|100%| O|  |TAMS 0x0000000088e00000, 0x0000000088d00000| Untracked 
|  88|0x0000000088e00000, 0x0000000088f00000, 0x0000000088f00000|100%| O|  |TAMS 0x0000000088f00000, 0x0000000088e00000| Untracked 
|  89|0x0000000088f00000, 0x0000000089000000, 0x0000000089000000|100%| O|  |TAMS 0x0000000089000000, 0x0000000088f00000| Untracked 
|  90|0x0000000089000000, 0x0000000089100000, 0x0000000089100000|100%| O|  |TAMS 0x0000000089100000, 0x0000000089000000| Untracked 
|  91|0x0000000089100000, 0x0000000089200000, 0x0000000089200000|100%| O|  |TAMS 0x0000000089200000, 0x0000000089100000| Untracked 
|  92|0x0000000089200000, 0x0000000089300000, 0x0000000089300000|100%| O|  |TAMS 0x0000000089300000, 0x0000000089200000| Complete 
|  93|0x0000000089300000, 0x0000000089400000, 0x0000000089400000|100%| O|  |TAMS 0x0000000089400000, 0x0000000089300000| Untracked 
|  94|0x0000000089400000, 0x0000000089500000, 0x0000000089500000|100%| O|  |TAMS 0x0000000089500000, 0x0000000089400000| Untracked 
|  95|0x0000000089500000, 0x0000000089600000, 0x0000000089600000|100%| O|  |TAMS 0x0000000089600000, 0x0000000089500000| Untracked 
|  96|0x0000000089600000, 0x000000008967ee00, 0x0000000089700000| 49%| O|  |TAMS 0x000000008967ee00, 0x0000000089600000| Untracked 
|  97|0x0000000089700000, 0x0000000089700000, 0x0000000089800000|  0%| F|  |TAMS 0x0000000089700000, 0x0000000089700000| Untracked 
|  98|0x0000000089800000, 0x0000000089800000, 0x0000000089900000|  0%| F|  |TAMS 0x0000000089800000, 0x0000000089800000| Untracked 
|  99|0x0000000089900000, 0x0000000089900000, 0x0000000089a00000|  0%| F|  |TAMS 0x0000000089900000, 0x0000000089900000| Untracked 
| 100|0x0000000089a00000, 0x0000000089a00000, 0x0000000089b00000|  0%| F|  |TAMS 0x0000000089a00000, 0x0000000089a00000| Untracked 
| 101|0x0000000089b00000, 0x0000000089b00000, 0x0000000089c00000|  0%| F|  |TAMS 0x0000000089b00000, 0x0000000089b00000| Untracked 
| 102|0x0000000089c00000, 0x0000000089c00000, 0x0000000089d00000|  0%| F|  |TAMS 0x0000000089c00000, 0x0000000089c00000| Untracked 
| 103|0x0000000089d00000, 0x0000000089d00000, 0x0000000089e00000|  0%| F|  |TAMS 0x0000000089d00000, 0x0000000089d00000| Untracked 
| 104|0x0000000089e00000, 0x0000000089e00000, 0x0000000089f00000|  0%| F|  |TAMS 0x0000000089e00000, 0x0000000089e00000| Untracked 
| 105|0x0000000089f00000, 0x0000000089f00000, 0x000000008a000000|  0%| F|  |TAMS 0x0000000089f00000, 0x0000000089f00000| Untracked 
| 106|0x000000008a000000, 0x000000008a000000, 0x000000008a100000|  0%| F|  |TAMS 0x000000008a000000, 0x000000008a000000| Untracked 
| 107|0x000000008a100000, 0x000000008a100000, 0x000000008a200000|  0%| F|  |TAMS 0x000000008a100000, 0x000000008a100000| Untracked 
| 108|0x000000008a200000, 0x000000008a200000, 0x000000008a300000|  0%| F|  |TAMS 0x000000008a200000, 0x000000008a200000| Untracked 
| 109|0x000000008a300000, 0x000000008a300000, 0x000000008a400000|  0%| F|  |TAMS 0x000000008a300000, 0x000000008a300000| Untracked 
| 110|0x000000008a400000, 0x000000008a400000, 0x000000008a500000|  0%| F|  |TAMS 0x000000008a400000, 0x000000008a400000| Untracked 
| 111|0x000000008a500000, 0x000000008a500000, 0x000000008a600000|  0%| F|  |TAMS 0x000000008a500000, 0x000000008a500000| Untracked 
| 112|0x000000008a600000, 0x000000008a600000, 0x000000008a700000|  0%| F|  |TAMS 0x000000008a600000, 0x000000008a600000| Untracked 
| 113|0x000000008a700000, 0x000000008a700000, 0x000000008a800000|  0%| F|  |TAMS 0x000000008a700000, 0x000000008a700000| Untracked 
| 114|0x000000008a800000, 0x000000008a800000, 0x000000008a900000|  0%| F|  |TAMS 0x000000008a800000, 0x000000008a800000| Untracked 
| 115|0x000000008a900000, 0x000000008a900000, 0x000000008aa00000|  0%| F|  |TAMS 0x000000008a900000, 0x000000008a900000| Untracked 
| 116|0x000000008aa00000, 0x000000008aa00000, 0x000000008ab00000|  0%| F|  |TAMS 0x000000008aa00000, 0x000000008aa00000| Untracked 
| 117|0x000000008ab00000, 0x000000008ab00000, 0x000000008ac00000|  0%| F|  |TAMS 0x000000008ab00000, 0x000000008ab00000| Untracked 
| 118|0x000000008ac00000, 0x000000008ac00000, 0x000000008ad00000|  0%| F|  |TAMS 0x000000008ac00000, 0x000000008ac00000| Untracked 
| 119|0x000000008ad00000, 0x000000008ad00000, 0x000000008ae00000|  0%| F|  |TAMS 0x000000008ad00000, 0x000000008ad00000| Untracked 
| 120|0x000000008ae00000, 0x000000008ae00000, 0x000000008af00000|  0%| F|  |TAMS 0x000000008ae00000, 0x000000008ae00000| Untracked 
| 121|0x000000008af00000, 0x000000008af00000, 0x000000008b000000|  0%| F|  |TAMS 0x000000008af00000, 0x000000008af00000| Untracked 
| 122|0x000000008b000000, 0x000000008b000000, 0x000000008b100000|  0%| F|  |TAMS 0x000000008b000000, 0x000000008b000000| Untracked 
| 123|0x000000008b100000, 0x000000008b100000, 0x000000008b200000|  0%| F|  |TAMS 0x000000008b100000, 0x000000008b100000| Untracked 
| 124|0x000000008b200000, 0x000000008b261cb8, 0x000000008b300000| 38%| S|CS|TAMS 0x000000008b200000, 0x000000008b200000| Complete 
| 125|0x000000008b300000, 0x000000008b400000, 0x000000008b400000|100%| S|CS|TAMS 0x000000008b300000, 0x000000008b300000| Complete 
| 126|0x000000008b400000, 0x000000008b500000, 0x000000008b500000|100%| S|CS|TAMS 0x000000008b400000, 0x000000008b400000| Complete 
| 127|0x000000008b500000, 0x000000008b600000, 0x000000008b600000|100%| S|CS|TAMS 0x000000008b500000, 0x000000008b500000| Complete 
| 128|0x000000008b600000, 0x000000008b600000, 0x000000008b700000|  0%| F|  |TAMS 0x000000008b600000, 0x000000008b600000| Untracked 
| 129|0x000000008b700000, 0x000000008b700000, 0x000000008b800000|  0%| F|  |TAMS 0x000000008b700000, 0x000000008b700000| Untracked 
| 130|0x000000008b800000, 0x000000008b800000, 0x000000008b900000|  0%| F|  |TAMS 0x000000008b800000, 0x000000008b800000| Untracked 
| 131|0x000000008b900000, 0x000000008b900000, 0x000000008ba00000|  0%| F|  |TAMS 0x000000008b900000, 0x000000008b900000| Untracked 
| 132|0x000000008ba00000, 0x000000008ba00000, 0x000000008bb00000|  0%| F|  |TAMS 0x000000008ba00000, 0x000000008ba00000| Untracked 
| 133|0x000000008bb00000, 0x000000008bb00000, 0x000000008bc00000|  0%| F|  |TAMS 0x000000008bb00000, 0x000000008bb00000| Untracked 
| 134|0x000000008bc00000, 0x000000008bc00000, 0x000000008bd00000|  0%| F|  |TAMS 0x000000008bc00000, 0x000000008bc00000| Untracked 
| 135|0x000000008bd00000, 0x000000008bd00000, 0x000000008be00000|  0%| F|  |TAMS 0x000000008bd00000, 0x000000008bd00000| Untracked 
| 136|0x000000008be00000, 0x000000008be00000, 0x000000008bf00000|  0%| F|  |TAMS 0x000000008be00000, 0x000000008be00000| Untracked 
| 137|0x000000008bf00000, 0x000000008bf00000, 0x000000008c000000|  0%| F|  |TAMS 0x000000008bf00000, 0x000000008bf00000| Untracked 
| 138|0x000000008c000000, 0x000000008c000000, 0x000000008c100000|  0%| F|  |TAMS 0x000000008c000000, 0x000000008c000000| Untracked 
| 139|0x000000008c100000, 0x000000008c100000, 0x000000008c200000|  0%| F|  |TAMS 0x000000008c100000, 0x000000008c100000| Untracked 
| 140|0x000000008c200000, 0x000000008c200000, 0x000000008c300000|  0%| F|  |TAMS 0x000000008c200000, 0x000000008c200000| Untracked 
| 141|0x000000008c300000, 0x000000008c300000, 0x000000008c400000|  0%| F|  |TAMS 0x000000008c300000, 0x000000008c300000| Untracked 
| 142|0x000000008c400000, 0x000000008c400000, 0x000000008c500000|  0%| F|  |TAMS 0x000000008c400000, 0x000000008c400000| Untracked 
| 143|0x000000008c500000, 0x000000008c500000, 0x000000008c600000|  0%| F|  |TAMS 0x000000008c500000, 0x000000008c500000| Untracked 
| 144|0x000000008c600000, 0x000000008c600000, 0x000000008c700000|  0%| F|  |TAMS 0x000000008c600000, 0x000000008c600000| Untracked 
| 145|0x000000008c700000, 0x000000008c700000, 0x000000008c800000|  0%| F|  |TAMS 0x000000008c700000, 0x000000008c700000| Untracked 
| 146|0x000000008c800000, 0x000000008c800000, 0x000000008c900000|  0%| F|  |TAMS 0x000000008c800000, 0x000000008c800000| Untracked 
| 147|0x000000008c900000, 0x000000008c900000, 0x000000008ca00000|  0%| F|  |TAMS 0x000000008c900000, 0x000000008c900000| Untracked 
| 148|0x000000008ca00000, 0x000000008ca00000, 0x000000008cb00000|  0%| F|  |TAMS 0x000000008ca00000, 0x000000008ca00000| Untracked 
| 149|0x000000008cb00000, 0x000000008cb00000, 0x000000008cc00000|  0%| F|  |TAMS 0x000000008cb00000, 0x000000008cb00000| Untracked 
| 150|0x000000008cc00000, 0x000000008cc00000, 0x000000008cd00000|  0%| F|  |TAMS 0x000000008cc00000, 0x000000008cc00000| Untracked 
| 151|0x000000008cd00000, 0x000000008cd00000, 0x000000008ce00000|  0%| F|  |TAMS 0x000000008cd00000, 0x000000008cd00000| Untracked 
| 152|0x000000008ce00000, 0x000000008ce00000, 0x000000008cf00000|  0%| F|  |TAMS 0x000000008ce00000, 0x000000008ce00000| Untracked 
| 153|0x000000008cf00000, 0x000000008cf00000, 0x000000008d000000|  0%| F|  |TAMS 0x000000008cf00000, 0x000000008cf00000| Untracked 
| 154|0x000000008d000000, 0x000000008d000000, 0x000000008d100000|  0%| F|  |TAMS 0x000000008d000000, 0x000000008d000000| Untracked 
| 155|0x000000008d100000, 0x000000008d100000, 0x000000008d200000|  0%| F|  |TAMS 0x000000008d100000, 0x000000008d100000| Untracked 
| 156|0x000000008d200000, 0x000000008d200000, 0x000000008d300000|  0%| F|  |TAMS 0x000000008d200000, 0x000000008d200000| Untracked 
| 157|0x000000008d300000, 0x000000008d300000, 0x000000008d400000|  0%| F|  |TAMS 0x000000008d300000, 0x000000008d300000| Untracked 
| 158|0x000000008d400000, 0x000000008d400000, 0x000000008d500000|  0%| F|  |TAMS 0x000000008d400000, 0x000000008d400000| Untracked 
| 159|0x000000008d500000, 0x000000008d500000, 0x000000008d600000|  0%| F|  |TAMS 0x000000008d500000, 0x000000008d500000| Untracked 
| 160|0x000000008d600000, 0x000000008d600000, 0x000000008d700000|  0%| F|  |TAMS 0x000000008d600000, 0x000000008d600000| Untracked 
| 161|0x000000008d700000, 0x000000008d700000, 0x000000008d800000|  0%| F|  |TAMS 0x000000008d700000, 0x000000008d700000| Untracked 
| 162|0x000000008d800000, 0x000000008d900000, 0x000000008d900000|100%| E|  |TAMS 0x000000008d800000, 0x000000008d800000| Complete 
| 163|0x000000008d900000, 0x000000008da00000, 0x000000008da00000|100%| E|CS|TAMS 0x000000008d900000, 0x000000008d900000| Complete 
| 164|0x000000008da00000, 0x000000008db00000, 0x000000008db00000|100%| E|CS|TAMS 0x000000008da00000, 0x000000008da00000| Complete 
| 165|0x000000008db00000, 0x000000008dc00000, 0x000000008dc00000|100%| E|CS|TAMS 0x000000008db00000, 0x000000008db00000| Complete 
| 166|0x000000008dc00000, 0x000000008dd00000, 0x000000008dd00000|100%| E|CS|TAMS 0x000000008dc00000, 0x000000008dc00000| Complete 
| 167|0x000000008dd00000, 0x000000008de00000, 0x000000008de00000|100%| E|CS|TAMS 0x000000008dd00000, 0x000000008dd00000| Complete 
| 168|0x000000008de00000, 0x000000008df00000, 0x000000008df00000|100%| E|CS|TAMS 0x000000008de00000, 0x000000008de00000| Complete 
| 169|0x000000008df00000, 0x000000008e000000, 0x000000008e000000|100%| E|CS|TAMS 0x000000008df00000, 0x000000008df00000| Complete 
| 170|0x000000008e000000, 0x000000008e100000, 0x000000008e100000|100%| E|CS|TAMS 0x000000008e000000, 0x000000008e000000| Complete 
| 171|0x000000008e100000, 0x000000008e200000, 0x000000008e200000|100%| E|CS|TAMS 0x000000008e100000, 0x000000008e100000| Complete 
| 172|0x000000008e200000, 0x000000008e300000, 0x000000008e300000|100%| E|CS|TAMS 0x000000008e200000, 0x000000008e200000| Complete 
| 173|0x000000008e300000, 0x000000008e400000, 0x000000008e400000|100%| E|CS|TAMS 0x000000008e300000, 0x000000008e300000| Complete 
| 174|0x000000008e400000, 0x000000008e500000, 0x000000008e500000|100%| E|CS|TAMS 0x000000008e400000, 0x000000008e400000| Complete 
| 175|0x000000008e500000, 0x000000008e600000, 0x000000008e600000|100%| E|CS|TAMS 0x000000008e500000, 0x000000008e500000| Complete 
| 176|0x000000008e600000, 0x000000008e700000, 0x000000008e700000|100%| E|CS|TAMS 0x000000008e600000, 0x000000008e600000| Complete 
| 177|0x000000008e700000, 0x000000008e800000, 0x000000008e800000|100%| E|CS|TAMS 0x000000008e700000, 0x000000008e700000| Complete 
| 178|0x000000008e800000, 0x000000008e900000, 0x000000008e900000|100%| E|CS|TAMS 0x000000008e800000, 0x000000008e800000| Complete 
| 179|0x000000008e900000, 0x000000008ea00000, 0x000000008ea00000|100%| E|CS|TAMS 0x000000008e900000, 0x000000008e900000| Complete 
| 180|0x000000008ea00000, 0x000000008eb00000, 0x000000008eb00000|100%| E|CS|TAMS 0x000000008ea00000, 0x000000008ea00000| Complete 
| 181|0x000000008eb00000, 0x000000008ec00000, 0x000000008ec00000|100%| E|CS|TAMS 0x000000008eb00000, 0x000000008eb00000| Complete 
| 182|0x000000008ec00000, 0x000000008ed00000, 0x000000008ed00000|100%| E|CS|TAMS 0x000000008ec00000, 0x000000008ec00000| Complete 
| 183|0x000000008ed00000, 0x000000008ee00000, 0x000000008ee00000|100%| E|CS|TAMS 0x000000008ed00000, 0x000000008ed00000| Complete 
| 184|0x000000008ee00000, 0x000000008ef00000, 0x000000008ef00000|100%| E|CS|TAMS 0x000000008ee00000, 0x000000008ee00000| Complete 
| 185|0x000000008ef00000, 0x000000008f000000, 0x000000008f000000|100%| E|CS|TAMS 0x000000008ef00000, 0x000000008ef00000| Complete 
| 186|0x000000008f000000, 0x000000008f100000, 0x000000008f100000|100%| E|CS|TAMS 0x000000008f000000, 0x000000008f000000| Complete 
| 187|0x000000008f100000, 0x000000008f200000, 0x000000008f200000|100%| E|CS|TAMS 0x000000008f100000, 0x000000008f100000| Complete 
| 188|0x000000008f200000, 0x000000008f300000, 0x000000008f300000|100%| E|CS|TAMS 0x000000008f200000, 0x000000008f200000| Complete 
| 189|0x000000008f300000, 0x000000008f400000, 0x000000008f400000|100%| E|CS|TAMS 0x000000008f300000, 0x000000008f300000| Complete 
| 190|0x000000008f400000, 0x000000008f500000, 0x000000008f500000|100%| E|CS|TAMS 0x000000008f400000, 0x000000008f400000| Complete 
| 191|0x000000008f500000, 0x000000008f600000, 0x000000008f600000|100%| E|CS|TAMS 0x000000008f500000, 0x000000008f500000| Complete 
| 192|0x000000008f600000, 0x000000008f700000, 0x000000008f700000|100%| E|CS|TAMS 0x000000008f600000, 0x000000008f600000| Complete 
| 193|0x000000008f700000, 0x000000008f800000, 0x000000008f800000|100%| E|CS|TAMS 0x000000008f700000, 0x000000008f700000| Complete 
| 194|0x000000008f800000, 0x000000008f900000, 0x000000008f900000|100%| E|CS|TAMS 0x000000008f800000, 0x000000008f800000| Complete 
| 195|0x000000008f900000, 0x000000008fa00000, 0x000000008fa00000|100%| E|CS|TAMS 0x000000008f900000, 0x000000008f900000| Complete 
| 196|0x000000008fa00000, 0x000000008fb00000, 0x000000008fb00000|100%| E|CS|TAMS 0x000000008fa00000, 0x000000008fa00000| Complete 
| 197|0x000000008fb00000, 0x000000008fc00000, 0x000000008fc00000|100%| E|CS|TAMS 0x000000008fb00000, 0x000000008fb00000| Complete 
| 198|0x000000008fc00000, 0x000000008fd00000, 0x000000008fd00000|100%| E|CS|TAMS 0x000000008fc00000, 0x000000008fc00000| Complete 
| 199|0x000000008fd00000, 0x000000008fe00000, 0x000000008fe00000|100%| E|CS|TAMS 0x000000008fd00000, 0x000000008fd00000| Complete 
| 200|0x000000008fe00000, 0x000000008ff00000, 0x000000008ff00000|100%| E|CS|TAMS 0x000000008fe00000, 0x000000008fe00000| Complete 
| 201|0x000000008ff00000, 0x0000000090000000, 0x0000000090000000|100%| E|CS|TAMS 0x000000008ff00000, 0x000000008ff00000| Complete 
| 202|0x0000000090000000, 0x0000000090100000, 0x0000000090100000|100%| E|CS|TAMS 0x0000000090000000, 0x0000000090000000| Complete 
| 203|0x0000000090100000, 0x0000000090200000, 0x0000000090200000|100%| E|CS|TAMS 0x0000000090100000, 0x0000000090100000| Complete 
| 204|0x0000000090200000, 0x0000000090300000, 0x0000000090300000|100%| E|CS|TAMS 0x0000000090200000, 0x0000000090200000| Complete 
| 205|0x0000000090300000, 0x0000000090400000, 0x0000000090400000|100%| E|CS|TAMS 0x0000000090300000, 0x0000000090300000| Complete 
| 206|0x0000000090400000, 0x0000000090500000, 0x0000000090500000|100%| E|CS|TAMS 0x0000000090400000, 0x0000000090400000| Complete 
| 207|0x0000000090500000, 0x0000000090600000, 0x0000000090600000|100%| E|CS|TAMS 0x0000000090500000, 0x0000000090500000| Complete 
| 208|0x0000000090600000, 0x0000000090700000, 0x0000000090700000|100%| E|CS|TAMS 0x0000000090600000, 0x0000000090600000| Complete 

Card table byte_map: [0x0000016cff310000,0x0000016cff700000] _byte_map_base: 0x0000016cfeef5000

Marking Bits (Prev, Next): (CMBitMap*) 0x0000016cfeeb2200, (CMBitMap*) 0x0000016cfeeb21c0
 Prev Bits: [0x0000016c94340000, 0x0000016c96268000)
 Next Bits: [0x0000016c92410000, 0x0000016c94338000)

Polling page: 0x0000016cfe620000

Metaspace:

Usage:
  Non-class:     61.26 MB used.
      Class:      7.76 MB used.
       Both:     69.02 MB used.

Virtual space:
  Non-class space:       64.00 MB reserved,      61.44 MB ( 96%) committed,  1 nodes.
      Class space:        1.00 GB reserved,       7.94 MB ( <1%) committed,  1 nodes.
             Both:        1.06 GB reserved,      69.38 MB (  6%) committed. 

Chunk freelists:
   Non-Class:  2.42 MB
       Class:  8.11 MB
        Both:  10.53 MB

MaxMetaspaceSize: unlimited
CompressedClassSpaceSize: 1.00 GB
Initial GC threshold: 21.00 MB
Current GC threshold: 114.94 MB
CDS: off
MetaspaceReclaimPolicy: balanced
 - commit_granule_bytes: 65536.
 - commit_granule_words: 8192.
 - virtual_space_node_default_size: 8388608.
 - enlarge_chunks_in_place: 1.
 - new_chunks_are_fully_committed: 0.
 - uncommit_free_chunks: 1.
 - use_allocation_guard: 0.
 - handle_deallocations: 1.


Internal statistics:

num_allocs_failed_limit: 3.
num_arena_births: 342.
num_arena_deaths: 0.
num_vsnodes_births: 2.
num_vsnodes_deaths: 0.
num_space_committed: 1108.
num_space_uncommitted: 0.
num_chunks_returned_to_freelist: 3.
num_chunks_taken_from_freelist: 2693.
num_chunk_merges: 3.
num_chunk_splits: 2098.
num_chunks_enlarged: 1821.
num_inconsistent_stats: 0.

CodeHeap 'non-profiled nmethods': size=120000Kb used=7493Kb max_used=7493Kb free=112506Kb
 bounds [0x0000016c8aee0000, 0x0000016c8b640000, 0x0000016c92410000]
CodeHeap 'profiled nmethods': size=120000Kb used=31507Kb max_used=33135Kb free=88492Kb
 bounds [0x0000016c83410000, 0x0000016c85480000, 0x0000016c8a940000]
CodeHeap 'non-nmethods': size=5760Kb used=1317Kb max_used=1372Kb free=4442Kb
 bounds [0x0000016c8a940000, 0x0000016c8abb0000, 0x0000016c8aee0000]
 total_blobs=11960 nmethods=11344 adapters=526
 compilation: enabled
              stopped_count=0, restarted_count=0
 full_count=0

Compilation events (20 events):
Event: 37.575 Thread 0x0000016c985a9ca0 14401       3       org.jetbrains.kotlin.com.intellij.openapi.util.NotNullLazyValue$3::getValue (42 bytes)
Event: 37.576 Thread 0x0000016c985a9ca0 nmethod 14401 0x0000016c842ebc90 code [0x0000016c842ebea0, 0x0000016c842ec648]
Event: 37.576 Thread 0x0000016c985a9ca0 14402       3       org.jetbrains.kotlin.com.intellij.util.containers.JBIterable$4::value (38 bytes)
Event: 37.576 Thread 0x0000016c985a9ca0 nmethod 14402 0x0000016c8417f490 code [0x0000016c8417f680, 0x0000016c8417fd78]
Event: 37.576 Thread 0x0000016c985a9ca0 14403       3       org.jetbrains.kotlin.com.intellij.psi.impl.source.PsiJavaFileBaseImpl$$Lambda$370/0x0000000100735b90::fun (8 bytes)
Event: 37.576 Thread 0x0000016c985a9ca0 nmethod 14403 0x0000016c843c6d10 code [0x0000016c843c6ec0, 0x0000016c843c71a8]
Event: 37.576 Thread 0x0000016c985a9ca0 14404       3       org.jetbrains.kotlin.com.intellij.psi.impl.source.PsiJavaFileBaseImpl$MyResolveCacheProcessor::process (9 bytes)
Event: 37.576 Thread 0x0000016c985a9ca0 nmethod 14404 0x0000016c83e40210 code [0x0000016c83e403c0, 0x0000016c83e40608]
Event: 37.585 Thread 0x0000016c985a9ca0 14406       3       java.util.Collections::addAll (43 bytes)
Event: 37.586 Thread 0x0000016c985a9ca0 nmethod 14406 0x0000016c83ee6990 code [0x0000016c83ee6b40, 0x0000016c83ee6de8]
Event: 37.594 Thread 0x0000016c985a9ca0 14407       1       org.jetbrains.kotlin.resolve.TopDownAnalysisMode::isLocalDeclarations (5 bytes)
Event: 37.595 Thread 0x0000016c985a9ca0 nmethod 14407 0x0000016c8b631490 code [0x0000016c8b631620, 0x0000016c8b6316f8]
Event: 37.606 Thread 0x0000016c985a9ca0 14410       2       org.jetbrains.kotlin.resolve.calls.checkers.ConstructorHeaderCallCheckerKt::getClassDescriptorForImplicitReceiver (46 bytes)
Event: 37.606 Thread 0x0000016c985a9ca0 nmethod 14410 0x0000016c83f05c10 code [0x0000016c83f05dc0, 0x0000016c83f06088]
Event: 37.627 Thread 0x0000016c985a9ca0 14413       3       org.jetbrains.kotlin.resolve.checkers.UnderscoreChecker::check (223 bytes)
Event: 37.628 Thread 0x0000016c985a9ca0 nmethod 14413 0x0000016c84c44510 code [0x0000016c84c449c0, 0x0000016c84c47188]
Event: 37.628 Thread 0x0000016c985a9ca0 14411       3       org.jetbrains.kotlin.resolve.checkers.DataClassDeclarationChecker::check (342 bytes)
Event: 37.632 Thread 0x0000016c985a9ca0 nmethod 14411 0x0000016c845eed90 code [0x0000016c845ef520, 0x0000016c845f4398]
Event: 37.632 Thread 0x0000016c985a9ca0 14412       3       org.jetbrains.kotlin.resolve.checkers.ConstModifierChecker::check (93 bytes)
Event: 37.633 Thread 0x0000016c985a9ca0 nmethod 14412 0x0000016c84b28e90 code [0x0000016c84b29320, 0x0000016c84b2b498]

GC Heap History (20 events):
Event: 12.029 GC heap before
{Heap before GC invocations=19 (full 0):
 garbage-first heap   total 168960K, used 112481K [0x0000000083600000, 0x0000000100000000)
  region size 1024K, 73 young (74752K), 10 survivors (10240K)
 Metaspace       used 57545K, committed 57792K, reserved 1114112K
  class space    used 6670K, committed 6784K, reserved 1048576K
}
Event: 12.058 GC heap after
{Heap after GC invocations=20 (full 0):
 garbage-first heap   total 168960K, used 60082K [0x0000000083600000, 0x0000000100000000)
  region size 1024K, 10 young (10240K), 10 survivors (10240K)
 Metaspace       used 57545K, committed 57792K, reserved 1114112K
  class space    used 6670K, committed 6784K, reserved 1048576K
}
Event: 13.637 GC heap before
{Heap before GC invocations=20 (full 0):
 garbage-first heap   total 168960K, used 119474K [0x0000000083600000, 0x0000000100000000)
  region size 1024K, 68 young (69632K), 10 survivors (10240K)
 Metaspace       used 57796K, committed 58048K, reserved 1114112K
  class space    used 6690K, committed 6784K, reserved 1048576K
}
Event: 13.664 GC heap after
{Heap after GC invocations=21 (full 0):
 garbage-first heap   total 168960K, used 70144K [0x0000000083600000, 0x0000000100000000)
  region size 1024K, 9 young (9216K), 9 survivors (9216K)
 Metaspace       used 57796K, committed 58048K, reserved 1114112K
  class space    used 6690K, committed 6784K, reserved 1048576K
}
Event: 13.829 GC heap before
{Heap before GC invocations=21 (full 0):
 garbage-first heap   total 168960K, used 124416K [0x0000000083600000, 0x0000000100000000)
  region size 1024K, 62 young (63488K), 9 survivors (9216K)
 Metaspace       used 57845K, committed 58048K, reserved 1114112K
  class space    used 6691K, committed 6784K, reserved 1048576K
}
Event: 13.840 GC heap after
{Heap after GC invocations=22 (full 0):
 garbage-first heap   total 168960K, used 72192K [0x0000000083600000, 0x0000000100000000)
  region size 1024K, 2 young (2048K), 2 survivors (2048K)
 Metaspace       used 57845K, committed 58048K, reserved 1114112K
  class space    used 6691K, committed 6784K, reserved 1048576K
}
Event: 16.329 GC heap before
{Heap before GC invocations=22 (full 0):
 garbage-first heap   total 168960K, used 129536K [0x0000000083600000, 0x0000000100000000)
  region size 1024K, 58 young (59392K), 2 survivors (2048K)
 Metaspace       used 63185K, committed 63488K, reserved 1114112K
  class space    used 7456K, committed 7616K, reserved 1048576K
}
Event: 16.335 GC heap after
{Heap after GC invocations=23 (full 0):
 garbage-first heap   total 168960K, used 73172K [0x0000000083600000, 0x0000000100000000)
  region size 1024K, 3 young (3072K), 3 survivors (3072K)
 Metaspace       used 63185K, committed 63488K, reserved 1114112K
  class space    used 7456K, committed 7616K, reserved 1048576K
}
Event: 22.825 GC heap before
{Heap before GC invocations=23 (full 0):
 garbage-first heap   total 168960K, used 134612K [0x0000000083600000, 0x0000000100000000)
  region size 1024K, 61 young (62464K), 3 survivors (3072K)
 Metaspace       used 68130K, committed 68416K, reserved 1114112K
  class space    used 7872K, committed 8000K, reserved 1048576K
}
Event: 22.844 GC heap after
{Heap after GC invocations=24 (full 0):
 garbage-first heap   total 168960K, used 83968K [0x0000000083600000, 0x0000000100000000)
  region size 1024K, 8 young (8192K), 8 survivors (8192K)
 Metaspace       used 68130K, committed 68416K, reserved 1114112K
  class space    used 7872K, committed 8000K, reserved 1048576K
}
Event: 26.111 GC heap before
{Heap before GC invocations=24 (full 0):
 garbage-first heap   total 168960K, used 134144K [0x0000000083600000, 0x0000000100000000)
  region size 1024K, 57 young (58368K), 8 survivors (8192K)
 Metaspace       used 69246K, committed 69568K, reserved 1114112K
  class space    used 7918K, committed 8064K, reserved 1048576K
}
Event: 26.133 GC heap after
{Heap after GC invocations=25 (full 0):
 garbage-first heap   total 168960K, used 91162K [0x0000000083600000, 0x0000000100000000)
  region size 1024K, 7 young (7168K), 7 survivors (7168K)
 Metaspace       used 69246K, committed 69568K, reserved 1114112K
  class space    used 7918K, committed 8064K, reserved 1048576K
}
Event: 28.274 GC heap before
{Heap before GC invocations=25 (full 0):
 garbage-first heap   total 168960K, used 125978K [0x0000000083600000, 0x0000000100000000)
  region size 1024K, 42 young (43008K), 7 survivors (7168K)
 Metaspace       used 69718K, committed 70016K, reserved 1114112K
  class space    used 7928K, committed 8064K, reserved 1048576K
}
Event: 28.292 GC heap after
{Heap after GC invocations=26 (full 0):
 garbage-first heap   total 168960K, used 96094K [0x0000000083600000, 0x0000000100000000)
  region size 1024K, 6 young (6144K), 6 survivors (6144K)
 Metaspace       used 69718K, committed 70016K, reserved 1114112K
  class space    used 7928K, committed 8064K, reserved 1048576K
}
Event: 30.839 GC heap before
{Heap before GC invocations=27 (full 0):
 garbage-first heap   total 178176K, used 133982K [0x0000000083600000, 0x0000000100000000)
  region size 1024K, 44 young (45056K), 6 survivors (6144K)
 Metaspace       used 69926K, committed 70208K, reserved 1114112K
  class space    used 7935K, committed 8064K, reserved 1048576K
}
Event: 30.849 GC heap after
{Heap after GC invocations=28 (full 0):
 garbage-first heap   total 178176K, used 97793K [0x0000000083600000, 0x0000000100000000)
  region size 1024K, 4 young (4096K), 4 survivors (4096K)
 Metaspace       used 69926K, committed 70208K, reserved 1114112K
  class space    used 7935K, committed 8064K, reserved 1048576K
}
Event: 31.101 GC heap before
{Heap before GC invocations=28 (full 0):
 garbage-first heap   total 178176K, used 101889K [0x0000000083600000, 0x0000000100000000)
  region size 1024K, 8 young (8192K), 4 survivors (4096K)
 Metaspace       used 69945K, committed 70208K, reserved 1114112K
  class space    used 7935K, committed 8064K, reserved 1048576K
}
Event: 31.106 GC heap after
{Heap after GC invocations=29 (full 0):
 garbage-first heap   total 178176K, used 97489K [0x0000000083600000, 0x0000000100000000)
  region size 1024K, 1 young (1024K), 1 survivors (1024K)
 Metaspace       used 69945K, committed 70208K, reserved 1114112K
  class space    used 7935K, committed 8064K, reserved 1048576K
}
Event: 34.065 GC heap before
{Heap before GC invocations=29 (full 0):
 garbage-first heap   total 178176K, used 143569K [0x0000000083600000, 0x0000000100000000)
  region size 1024K, 46 young (47104K), 1 survivors (1024K)
 Metaspace       used 70320K, committed 70592K, reserved 1114112K
  class space    used 7936K, committed 8064K, reserved 1048576K
}
Event: 34.071 GC heap after
{Heap after GC invocations=30 (full 0):
 garbage-first heap   total 214016K, used 100226K [0x0000000083600000, 0x0000000100000000)
  region size 1024K, 4 young (4096K), 4 survivors (4096K)
 Metaspace       used 70320K, committed 70592K, reserved 1114112K
  class space    used 7936K, committed 8064K, reserved 1048576K
}

Dll operation events (2 events):
Event: 0.021 Loaded shared library D:\Android Studio\jbr\bin\java.dll
Event: 3.407 Loaded shared library D:\Android Studio\jbr\bin\verify.dll

Deoptimization events (20 events):
Event: 37.373 Thread 0x0000016cfee55d30 Uncommon trap: trap_request=0xffffffc6 fr.pc=0x0000016c8b60260c relative=0x0000000000000b6c
Event: 37.373 Thread 0x0000016cfee55d30 Uncommon trap: reason=bimorphic_or_optimized_type_check action=maybe_recompile pc=0x0000016c8b60260c method=org.jetbrains.kotlin.resolve.calls.components.AdditionalDiagnosticReporter.reportSmartCastOnReceiver(Lorg/jetbrains/kotlin/resolve/calls/model/Reso
Event: 37.373 Thread 0x0000016cfee55d30 DEOPT PACKING pc=0x0000016c8b60260c sp=0x0000001db6bfb390
Event: 37.373 Thread 0x0000016cfee55d30 DEOPT UNPACKING pc=0x0000016c8a99a1a3 sp=0x0000001db6bfb348 mode 2
Event: 37.474 Thread 0x0000016cfee55d30 Uncommon trap: trap_request=0xffffffde fr.pc=0x0000016c8b5df040 relative=0x0000000000001000
Event: 37.474 Thread 0x0000016cfee55d30 Uncommon trap: reason=class_check action=maybe_recompile pc=0x0000016c8b5df040 method=org.jetbrains.kotlin.resolve.calls.checkers.ConstructorHeaderCallCheckerKt.getClassDescriptorForImplicitReceiver(Lorg/jetbrains/kotlin/resolve/scopes/receivers/Receiver;
Event: 37.474 Thread 0x0000016cfee55d30 DEOPT PACKING pc=0x0000016c8b5df040 sp=0x0000001db6bf8a00
Event: 37.474 Thread 0x0000016cfee55d30 DEOPT UNPACKING pc=0x0000016c8a99a1a3 sp=0x0000001db6bf88c0 mode 2
Event: 37.482 Thread 0x0000016cfee55d30 Uncommon trap: trap_request=0xffffffde fr.pc=0x0000016c8b5d6bb8 relative=0x0000000000000098
Event: 37.482 Thread 0x0000016cfee55d30 Uncommon trap: reason=class_check action=maybe_recompile pc=0x0000016c8b5d6bb8 method=org.jetbrains.kotlin.resolve.calls.checkers.ConstructorHeaderCallCheckerKt.getClassDescriptorForImplicitReceiver(Lorg/jetbrains/kotlin/resolve/scopes/receivers/Receiver;
Event: 37.482 Thread 0x0000016cfee55d30 DEOPT PACKING pc=0x0000016c8b5d6bb8 sp=0x0000001db6bf86e0
Event: 37.482 Thread 0x0000016cfee55d30 DEOPT UNPACKING pc=0x0000016c8a99a1a3 sp=0x0000001db6bf8670 mode 2
Event: 37.595 Thread 0x0000016cfee55d30 Uncommon trap: trap_request=0xffffffc6 fr.pc=0x0000016c8b5fcaf8 relative=0x0000000000001e38
Event: 37.595 Thread 0x0000016cfee55d30 Uncommon trap: reason=bimorphic_or_optimized_type_check action=maybe_recompile pc=0x0000016c8b5fcaf8 method=org.jetbrains.kotlin.resolve.DelegatingBindingTrace.<init>(Lorg/jetbrains/kotlin/resolve/BindingContext;Ljava/lang/String;ZLorg/jetbrains/kotlin/re
Event: 37.595 Thread 0x0000016cfee55d30 DEOPT PACKING pc=0x0000016c8b5fcaf8 sp=0x0000001db6bfd000
Event: 37.595 Thread 0x0000016cfee55d30 DEOPT UNPACKING pc=0x0000016c8a99a1a3 sp=0x0000001db6bfcf08 mode 2
Event: 37.601 Thread 0x0000016cfee55d30 Uncommon trap: trap_request=0xffffffc6 fr.pc=0x0000016c8b5fcaf8 relative=0x0000000000001e38
Event: 37.601 Thread 0x0000016cfee55d30 Uncommon trap: reason=bimorphic_or_optimized_type_check action=maybe_recompile pc=0x0000016c8b5fcaf8 method=org.jetbrains.kotlin.resolve.DelegatingBindingTrace.<init>(Lorg/jetbrains/kotlin/resolve/BindingContext;Ljava/lang/String;ZLorg/jetbrains/kotlin/re
Event: 37.601 Thread 0x0000016cfee55d30 DEOPT PACKING pc=0x0000016c8b5fcaf8 sp=0x0000001db6bfd350
Event: 37.601 Thread 0x0000016cfee55d30 DEOPT UNPACKING pc=0x0000016c8a99a1a3 sp=0x0000001db6bfd258 mode 2

Classes unloaded (0 events):
No events

Classes redefined (0 events):
No events

Internal exceptions (20 events):
Event: 11.513 Thread 0x0000016cfee55d30 Exception <a 'java/lang/NoSuchMethodError'{0x000000008b39c2e8}: 'int java.lang.invoke.DirectMethodHandle$Holder.invokeInterface(java.lang.Object, java.lang.Object)'> (0x000000008b39c2e8) 
thrown [s\src\hotspot\share\interpreter\linkResolver.cpp, line 771]
Event: 13.523 Thread 0x0000016cfee55d30 Implicit null exception at 0x0000016c8b1b4e9e to 0x0000016c8b1bd000
Event: 14.363 Thread 0x0000016cfee55d30 Implicit null exception at 0x0000016c8b06ab4c to 0x0000016c8b06ac28
Event: 14.364 Thread 0x0000016cfee55d30 Implicit null exception at 0x0000016c8aff9109 to 0x0000016c8aff91f0
Event: 14.364 Thread 0x0000016cfee55d30 Implicit null exception at 0x0000016c8af60d58 to 0x0000016c8af60dea
Event: 14.755 Thread 0x0000016cfee55d30 Exception <a 'java/lang/NoSuchMethodError'{0x000000008aee3cb8}: 'java.lang.Object java.lang.invoke.DirectMethodHandle$Holder.invokeStatic(java.lang.Object, java.lang.Object, java.lang.Object, java.lang.Object, int)'> (0x000000008aee3cb8) 
thrown [s\src\hotspot\share\interpreter\linkResolver.cpp, line 771]
Event: 14.757 Thread 0x0000016cfee55d30 Exception <a 'java/lang/NoSuchMethodError'{0x000000008aeed9a0}: 'java.lang.Object java.lang.invoke.DirectMethodHandle$Holder.newInvokeSpecial(java.lang.Object, java.lang.Object, java.lang.Object, java.lang.Object, int)'> (0x000000008aeed9a0) 
thrown [s\src\hotspot\share\interpreter\linkResolver.cpp, line 771]
Event: 14.760 Thread 0x0000016cfee55d30 Exception <a 'java/lang/NoSuchMethodError'{0x000000008aef5a70}: 'java.lang.Object java.lang.invoke.Invokers$Holder.linkToTargetMethod(java.lang.Object, java.lang.Object, java.lang.Object, int, java.lang.Object)'> (0x000000008aef5a70) 
thrown [s\src\hotspot\share\interpreter\linkResolver.cpp, line 771]
Event: 15.077 Thread 0x0000016cfee55d30 Exception <a 'java/lang/NoSuchMethodError'{0x000000008acaff48}: 'void java.lang.invoke.DirectMethodHandle$Holder.invokeInterface(java.lang.Object, java.lang.Object)'> (0x000000008acaff48) 
thrown [s\src\hotspot\share\interpreter\linkResolver.cpp, line 771]
Event: 15.165 Thread 0x0000016cfee55d30 Exception <a 'java/lang/IncompatibleClassChangeError'{0x000000008aa09c08}: Found class java.lang.Object, but interface was expected> (0x000000008aa09c08) 
thrown [s\src\hotspot\share\interpreter\linkResolver.cpp, line 838]
Event: 16.037 Thread 0x0000016cfee55d30 Exception <a 'java/lang/NoSuchMethodError'{0x000000008a6c4388}: 'int java.lang.invoke.DirectMethodHandle$Holder.invokeStaticInit(java.lang.Object, int)'> (0x000000008a6c4388) 
thrown [s\src\hotspot\share\interpreter\linkResolver.cpp, line 771]
Event: 17.007 Thread 0x0000016cfee55d30 Exception <a 'java/lang/NoSuchMethodError'{0x000000008d9d4340}: 'java.lang.Object java.lang.invoke.DirectMethodHandle$Holder.newInvokeSpecial(java.lang.Object, java.lang.Object, java.lang.Object, java.lang.Object, java.lang.Object, java.lang.Object, java.lang.Object)'> (0x000000008d9d4340) 
thrown [s\src\hotspot\share\interpreter\linkResolver.cpp, line 771]
Event: 17.007 Thread 0x0000016cfee55d30 Exception <a 'java/lang/NoSuchMethodError'{0x000000008d9d8ac0}: 'java.lang.Object java.lang.invoke.Invokers$Holder.linkToTargetMethod(java.lang.Object, java.lang.Object, java.lang.Object, java.lang.Object, java.lang.Object, java.lang.Object, java.lang.Object)'> (0x000000008d9d8ac0) 
thrown [s\src\hotspot\share\interpreter\linkResolver.cpp, line 771]
Event: 17.540 Thread 0x0000016cfee55d30 Exception <a 'java/lang/NoSuchMethodError'{0x000000008d438c68}: 'java.lang.Object java.lang.invoke.DirectMethodHandle$Holder.invokeInterface(java.lang.Object, java.lang.Object, java.lang.Object)'> (0x000000008d438c68) 
thrown [s\src\hotspot\share\interpreter\linkResolver.cpp, line 771]
Event: 17.541 Thread 0x0000016cfee55d30 Exception <a 'java/lang/IncompatibleClassChangeError'{0x000000008d43c5d8}: Found class java.lang.Object, but interface was expected> (0x000000008d43c5d8) 
thrown [s\src\hotspot\share\interpreter\linkResolver.cpp, line 838]
Event: 20.845 Thread 0x0000016cfee55d30 Exception <a 'java/lang/NoSuchMethodError'{0x000000008bf77348}: 'java.lang.Object java.lang.invoke.DirectMethodHandle$Holder.newInvokeSpecial(java.lang.Object, int, java.lang.Object, java.lang.Object)'> (0x000000008bf77348) 
thrown [s\src\hotspot\share\interpreter\linkResolver.cpp, line 771]
Event: 22.107 Thread 0x0000016cfee55d30 Implicit null exception at 0x0000016c8b2fcbdb to 0x0000016c8b2fcc8f
Event: 24.252 Thread 0x0000016cfee55d30 Exception <a 'java/lang/NoSuchMethodError'{0x000000008c9b24a8}: 'java.lang.Object java.lang.invoke.DirectMethodHandle$Holder.invokeStatic(java.lang.Object, int, java.lang.Object)'> (0x000000008c9b24a8) 
thrown [s\src\hotspot\share\interpreter\linkResolver.cpp, line 771]
Event: 26.500 Thread 0x0000016cfee55d30 Implicit null exception at 0x0000016c8b406f1c to 0x0000016c8b40a7d8
Event: 34.411 Thread 0x0000016cfee55d30 Implicit null exception at 0x0000016c8b5bf04f to 0x0000016c8b5bf3b4

VM Operations (20 events):
Event: 34.303 Executing VM operation: G1Concurrent
Event: 34.311 Executing VM operation: G1Concurrent done
Event: 34.432 Executing VM operation: G1Concurrent
Event: 34.433 Executing VM operation: G1Concurrent done
Event: 34.950 Executing VM operation: ICBufferFull
Event: 34.951 Executing VM operation: ICBufferFull done
Event: 35.413 Executing VM operation: HandshakeAllThreads
Event: 35.413 Executing VM operation: HandshakeAllThreads done
Event: 35.463 Executing VM operation: HandshakeAllThreads
Event: 35.463 Executing VM operation: HandshakeAllThreads done
Event: 35.538 Executing VM operation: HandshakeAllThreads
Event: 35.538 Executing VM operation: HandshakeAllThreads done
Event: 35.900 Executing VM operation: ICBufferFull
Event: 35.900 Executing VM operation: ICBufferFull done
Event: 36.526 Executing VM operation: ICBufferFull
Event: 36.526 Executing VM operation: ICBufferFull done
Event: 37.478 Executing VM operation: HandshakeAllThreads
Event: 37.478 Executing VM operation: HandshakeAllThreads done
Event: 37.511 Executing VM operation: ICBufferFull
Event: 37.512 Executing VM operation: ICBufferFull done

Events (20 events):
Event: 35.557 Thread 0x0000016c985bc400 flushing nmethod 0x0000016c84c7a990
Event: 35.558 Thread 0x0000016c985bc400 flushing nmethod 0x0000016c84d72890
Event: 35.558 Thread 0x0000016c985bc400 flushing nmethod 0x0000016c84d87e90
Event: 35.558 Thread 0x0000016c985bc400 flushing nmethod 0x0000016c84d98790
Event: 35.558 Thread 0x0000016c985bc400 flushing nmethod 0x0000016c84d9a510
Event: 35.558 Thread 0x0000016c985bc400 flushing nmethod 0x0000016c84db6c90
Event: 35.558 Thread 0x0000016c985bc400 flushing nmethod 0x0000016c84dca190
Event: 35.558 Thread 0x0000016c985bc400 flushing nmethod 0x0000016c84dd8610
Event: 35.559 Thread 0x0000016c985bc400 flushing nmethod 0x0000016c84e96690
Event: 35.559 Thread 0x0000016c985bc400 flushing nmethod 0x0000016c84eac290
Event: 35.559 Thread 0x0000016c985bc400 flushing nmethod 0x0000016c84eba810
Event: 35.559 Thread 0x0000016c985bc400 flushing nmethod 0x0000016c84ee7a10
Event: 35.559 Thread 0x0000016c985bc400 flushing nmethod 0x0000016c84f23a90
Event: 35.559 Thread 0x0000016c985bc400 flushing nmethod 0x0000016c84f54090
Event: 35.559 Thread 0x0000016c985bc400 flushing nmethod 0x0000016c84f9f310
Event: 35.560 Thread 0x0000016c985bc400 flushing nmethod 0x0000016c85014a90
Event: 35.560 Thread 0x0000016c985bc400 flushing nmethod 0x0000016c85029190
Event: 35.560 Thread 0x0000016c985bc400 flushing nmethod 0x0000016c850a6910
Event: 35.560 Thread 0x0000016c985bc400 flushing nmethod 0x0000016c850bf710
Event: 35.560 Thread 0x0000016c985bc400 flushing nmethod 0x0000016c850e5490


Dynamic libraries:
0x00007ff7a6350000 - 0x00007ff7a635a000 	D:\Android Studio\jbr\bin\java.exe
0x00007ff9279b0000 - 0x00007ff927bc7000 	C:\WINDOWS\SYSTEM32\ntdll.dll
0x00007ff926700000 - 0x00007ff9267c4000 	C:\WINDOWS\System32\KERNEL32.DLL
0x00007ff924e60000 - 0x00007ff925206000 	C:\WINDOWS\System32\KERNELBASE.dll
0x00007ff8f6d80000 - 0x00007ff8f6d97000 	D:\Android Studio\jbr\bin\jli.dll
0x00007ff8f70b0000 - 0x00007ff8f70cb000 	D:\Android Studio\jbr\bin\VCRUNTIME140.dll
0x00007ff9254a0000 - 0x00007ff9255b1000 	C:\WINDOWS\System32\ucrtbase.dll
0x00007ff926550000 - 0x00007ff9266fe000 	C:\WINDOWS\System32\USER32.dll
0x00007ff90e450000 - 0x00007ff90e6e3000 	C:\WINDOWS\WinSxS\amd64_microsoft.windows.common-controls_6595b64144ccf1df_6.0.22621.2506_none_270c5ae97388e100\COMCTL32.dll
0x00007ff9256d0000 - 0x00007ff9256f6000 	C:\WINDOWS\System32\win32u.dll
0x00007ff926410000 - 0x00007ff926439000 	C:\WINDOWS\System32\GDI32.dll
0x00007ff926b60000 - 0x00007ff926c07000 	C:\WINDOWS\System32\msvcrt.dll
0x00007ff925210000 - 0x00007ff925328000 	C:\WINDOWS\System32\gdi32full.dll
0x00007ff9255c0000 - 0x00007ff92565a000 	C:\WINDOWS\System32\msvcp_win.dll
0x00007ff9262f0000 - 0x00007ff926321000 	C:\WINDOWS\System32\IMM32.DLL
0x00007ff91fe30000 - 0x00007ff91fe3c000 	D:\Android Studio\jbr\bin\vcruntime140_1.dll
0x00007ff8f6cb0000 - 0x00007ff8f6d3d000 	D:\Android Studio\jbr\bin\msvcp140.dll
0x00007ff880b00000 - 0x00007ff881780000 	D:\Android Studio\jbr\bin\server\jvm.dll
0x00007ff9277a0000 - 0x00007ff927851000 	C:\WINDOWS\System32\ADVAPI32.dll
0x00007ff925b90000 - 0x00007ff925c35000 	C:\WINDOWS\System32\sechost.dll
0x00007ff9261d0000 - 0x00007ff9262e7000 	C:\WINDOWS\System32\RPCRT4.dll
0x00007ff91fe40000 - 0x00007ff91fe49000 	C:\WINDOWS\SYSTEM32\WSOCK32.dll
0x00007ff91c740000 - 0x00007ff91c774000 	C:\WINDOWS\SYSTEM32\WINMM.dll
0x00007ff911db0000 - 0x00007ff911dba000 	C:\WINDOWS\SYSTEM32\VERSION.dll
0x00007ff926330000 - 0x00007ff9263a1000 	C:\WINDOWS\System32\ws2_32.DLL
0x00007ff923e10000 - 0x00007ff923e28000 	C:\WINDOWS\SYSTEM32\kernel.appcore.dll
0x00007ff91d270000 - 0x00007ff91d27a000 	D:\Android Studio\jbr\bin\jimage.dll
0x00007ff916a50000 - 0x00007ff916c83000 	C:\WINDOWS\SYSTEM32\DBGHELP.DLL
0x00007ff9267d0000 - 0x00007ff926b59000 	C:\WINDOWS\System32\combase.dll
0x00007ff926d60000 - 0x00007ff926e37000 	C:\WINDOWS\System32\OLEAUT32.dll
0x00007ff8f2e50000 - 0x00007ff8f2e82000 	C:\WINDOWS\SYSTEM32\dbgcore.DLL
0x00007ff924de0000 - 0x00007ff924e5a000 	C:\WINDOWS\System32\bcryptPrimitives.dll
0x00007ff90da30000 - 0x00007ff90da55000 	D:\Android Studio\jbr\bin\java.dll
0x00007ff90da10000 - 0x00007ff90da28000 	D:\Android Studio\jbr\bin\zip.dll
0x00007ff926e40000 - 0x00007ff92769a000 	C:\WINDOWS\System32\SHELL32.dll
0x00007ff922c40000 - 0x00007ff923536000 	C:\WINDOWS\SYSTEM32\windows.storage.dll
0x00007ff922b00000 - 0x00007ff922c3e000 	C:\WINDOWS\SYSTEM32\wintypes.dll
0x00007ff926c60000 - 0x00007ff926d53000 	C:\WINDOWS\System32\SHCORE.dll
0x00007ff9263b0000 - 0x00007ff92640e000 	C:\WINDOWS\System32\shlwapi.dll
0x00007ff924c50000 - 0x00007ff924c76000 	C:\WINDOWS\SYSTEM32\profapi.dll
0x00007ff90d780000 - 0x00007ff90d799000 	D:\Android Studio\jbr\bin\net.dll
0x00007ff91f3b0000 - 0x00007ff91f4e7000 	C:\WINDOWS\SYSTEM32\WINHTTP.dll
0x00007ff924290000 - 0x00007ff9242f9000 	C:\WINDOWS\system32\mswsock.dll
0x00007ff90d760000 - 0x00007ff90d776000 	D:\Android Studio\jbr\bin\nio.dll
0x00007ff90d750000 - 0x00007ff90d760000 	D:\Android Studio\jbr\bin\verify.dll

dbghelp: loaded successfully - version: 4.0.5 - missing functions: none
symbol engine: initialized successfully - sym options: 0x614 - pdb path: .;D:\Android Studio\jbr\bin;C:\WINDOWS\SYSTEM32;C:\WINDOWS\WinSxS\amd64_microsoft.windows.common-controls_6595b64144ccf1df_6.0.22621.2506_none_270c5ae97388e100;D:\Android Studio\jbr\bin\server

VM Arguments:
java_command: org.jetbrains.kotlin.cli.jvm.K2JVMCompiler @D:\PasKita\app\build\20231218_14228068372989311515.compiler.options
java_class_path (initial): D:\Afone\My Project\BimbingansKu\BimbingansKu\caches\modules-2\files-2.1\org.jetbrains.kotlin\kotlin-compiler-embeddable\1.9.0\2c8c3a7402becca891f12739b3e9fd2dc2adbd7a\kotlin-compiler-embeddable-1.9.0.jar;D:\Afone\My Project\BimbingansKu\BimbingansKu\caches\modules-2\files-2.1\org.jetbrains.kotlin\kotlin-stdlib\1.9.0\8ee15ef0c67dc83d874f412d84378d7f0eb50b63\kotlin-stdlib-1.9.0.jar;D:\Afone\My Project\BimbingansKu\BimbingansKu\caches\modules-2\files-2.1\org.jetbrains.kotlin\kotlin-script-runtime\1.9.0\4b3102cbbb7e1b58d9d1adf89563f00069ffa7d1\kotlin-script-runtime-1.9.0.jar;D:\Afone\My Project\BimbingansKu\BimbingansKu\caches\modules-2\files-2.1\org.jetbrains.kotlin\kotlin-reflect\1.6.10\1cbe9c92c12a94eea200d23c2bbaedaf3daf5132\kotlin-reflect-1.6.10.jar;D:\Afone\My Project\BimbingansKu\BimbingansKu\caches\modules-2\files-2.1\org.jetbrains.kotlin\kotlin-daemon-embeddable\1.9.0\186543f5e28cf8d9a0290fecc2cf34301c40a65c\kotlin-daemon-embeddable-1.9.0.jar;D:\Afone\My Project\BimbingansKu\BimbingansKu\caches\modules-2\files-2.1\org.jetbrains.intellij.deps\trove4j\1.0.20200330\3afb14d5f9ceb459d724e907a21145e8ff394f02\trove4j-1.0.20200330.jar;D:\Afone\My Project\BimbingansKu\BimbingansKu\caches\modules-2\files-2.1\org.jetbrains.kotlin\kotlin-stdlib-common\1.9.0\cd65c21cfd1eec4d44ef09f9f52b6d9f8a720636\kotlin-stdlib-common-1.9.0.jar;D:\Afone\My Project\BimbingansKu\BimbingansKu\caches\modules-2\files-2.1\org.jetbrains\annotations\13.0\919f0dfe192fb4e063e7dacadee7f8bb9a2672a9\annotations-13.0.jar
Launcher Type: SUN_STANDARD

[Global flags]
     intx CICompilerCount                          = 3                                         {product} {ergonomic}
     uint ConcGCThreads                            = 1                                         {product} {ergonomic}
     uint G1ConcRefinementThreads                  = 4                                         {product} {ergonomic}
   size_t G1HeapRegionSize                         = 1048576                                   {product} {ergonomic}
    uintx GCDrainStackTargetSize                   = 64                                        {product} {ergonomic}
   size_t InitialHeapSize                          = 132120576                                 {product} {ergonomic}
   size_t MarkStackSize                            = 4194304                                   {product} {ergonomic}
   size_t MaxHeapSize                              = 2090860544                                {product} {ergonomic}
   size_t MaxNewSize                               = 1254096896                                {product} {ergonomic}
   size_t MinHeapDeltaBytes                        = 1048576                                   {product} {ergonomic}
   size_t MinHeapSize                              = 8388608                                   {product} {ergonomic}
    uintx NonNMethodCodeHeapSize                   = 5832780                                {pd product} {ergonomic}
    uintx NonProfiledCodeHeapSize                  = 122912730                              {pd product} {ergonomic}
    uintx ProfiledCodeHeapSize                     = 122912730                              {pd product} {ergonomic}
    uintx ReservedCodeCacheSize                    = 251658240                              {pd product} {ergonomic}
     bool SegmentedCodeCache                       = true                                      {product} {ergonomic}
   size_t SoftMaxHeapSize                          = 2090860544                             {manageable} {ergonomic}
     bool UseCompressedClassPointers               = true                           {product lp64_product} {ergonomic}
     bool UseCompressedOops                        = true                           {product lp64_product} {ergonomic}
     bool UseG1GC                                  = true                                      {product} {ergonomic}
     bool UseLargePagesIndividualAllocation        = false                                  {pd product} {ergonomic}

Logging:
Log output configuration:
 #0: stdout all=warning uptime,level,tags
 #1: stderr all=off uptime,level,tags

Environment Variables:
JAVA_HOME=C:\Program Files\Zulu\zulu-8
PATH=C:\Program Files\Zulu\zulu-8\bin\;C:\Program Files (x86)\Common Files\Oracle\Java\javapath;C:\ProgramData\Oracle\Java\javapath;C:\WINDOWS\system32;C:\WINDOWS;C:\WINDOWS\System32\Wbem;C:\WINDOWS\System32\WindowsPowerShell\v1.0\;C:\WINDOWS\System32\OpenSSH\;D:\Java\bin;C:\Program Files\Git\cmd;D:\Tools\gradle-7.3\bin;D:\Xampp\php;D:\flutter\bin;C:\Users\User\AppData\Local\Programs\Python\Python39\Scripts\;C:\Users\User\AppData\Local\Programs\Python\Python39\;C:\Users\User\AppData\Local\Microsoft\WindowsApps;D:\IntelliJ IDEA Community Edition 2023.2\bin;;D:\Microsoft VS Code\bin;C:\Users\User\AppData\Local\GitHubDesktop\bin
USERNAME=Afwaans
OS=Windows_NT
PROCESSOR_IDENTIFIER=Intel64 Family 6 Model 140 Stepping 1, GenuineIntel
TMP=C:\Users\User\AppData\Local\Temp
TEMP=C:\Users\User\AppData\Local\Temp


JNI global refs:
JNI global refs: 9, weak refs: 7

JNI global refs memory usage: 843, weak refs: 841

OOME stack traces (most recent first):
Classloader memory used:
Loader jdk.internal.loader.ClassLoaders$AppClassLoader                                 : 7411K
Loader bootstrap                                                                       : 1378K
Loader jdk.internal.reflect.DelegatingClassLoader                                      : 27244B
Loader java.net.URLClassLoader                                                         : 19242B


---------------  S Y S T E M  ---------------

OS:
 Windows 11 , 64 bit Build 22621 (10.0.22621.2506)
OS uptime: 0 days 6:11 hours

CPU: total 4 (initial active 4) (2 cores per cpu, 2 threads per core) family 6 model 140 stepping 1 microcode 0x86, cx8, cmov, fxsr, ht, mmx, 3dnowpref, sse, sse2, sse3, ssse3, sse4.1, sse4.2, popcnt, lzcnt, tsc, tscinvbit, avx, avx2, aes, erms, clmul, bmi1, bmi2, adx, avx512f, avx512dq, avx512cd, avx512bw, avx512vl, sha, fma, vzeroupper, avx512_vpopcntdq, avx512_vpclmulqdq, avx512_vaes, avx512_vnni, clflush, clflushopt, clwb, avx512_vbmi2, avx512_vbmi

Memory: 4k page, system-wide physical 7975M (195M free)
TotalPageFile size 18323M (AvailPageFile size 7M)
current process WorkingSet (physical memory assigned to process): 416M, peak: 417M
current process commit charge ("private bytes"): 446M, peak: 453M

vm_info: OpenJDK 64-Bit Server VM (17.0.7+0-b2043.56-10550314) for windows-amd64 JRE (17.0.7+0-b2043.56-10550314), built on Jul 24 2023 18:27:45 by "androidbuild" with MS VC++ 16.10 / 16.11 (VS2019)

END.
