#
# There is insufficient memory for the Java Runtime Environment to continue.
# Native memory allocation (mmap) failed to map 232783872 bytes for G1 virtual space
# Possible reasons:
#   The system is out of physical RAM or swap space
#   The process is running with CompressedOops enabled, and the Java Heap may be blocking the growth of the native heap
# Possible solutions:
#   Reduce memory load on the system
#   Increase physical memory or swap space
#   Check if swap backing store is full
#   Decrease Java heap size (-Xmx/-Xms)
#   Decrease number of Java threads
#   Decrease Java thread stack sizes (-Xss)
#   Set larger code cache with -XX:ReservedCodeCacheSize=
#   JVM is running with Unscaled Compressed Oops mode in which the Java heap is
#     placed in the first 4GB address space. The Java Heap base address is the
#     maximum limit for the native heap growth. Please use -XX:HeapBaseMinAddress
#     to set the Java Heap base and to place the Java Heap above 4GB virtual address.
# This output file may be truncated or incomplete.
#
#  Out of Memory Error (os_windows.cpp:3771), pid=7852, tid=6832
#
# JRE version: OpenJDK Runtime Environment (17.0.7) (build 17.0.7+0-b2043.56-10550314)
# Java VM: OpenJDK 64-Bit Server VM (17.0.7+0-b2043.56-10550314, mixed mode, tiered, compressed oops, compressed class ptrs, g1 gc, windows-amd64)
# No core dump will be written. Minidumps are not enabled by default on client versions of Windows
#

---------------  S U M M A R Y ------------

Command Line: org.jetbrains.kotlin.cli.jvm.K2JVMCompiler @D:\PasKita\app\build\20231218_14136705340500113522.compiler.options

Host: 11th Gen Intel(R) Core(TM) i3-1115G4 @ 3.00GHz, 4 cores, 7G,  Windows 11 , 64 bit Build 22621 (10.0.22621.2506)
Time: Mon Dec 18 13:11:26 2023 SE Asia Standard Time elapsed time: 15.226276 seconds (0d 0h 0m 15s)

---------------  T H R E A D  ---------------

Current thread (0x000001cd9bfd1370):  VMThread "VM Thread" [stack: 0x0000006e97d00000,0x0000006e97e00000] [id=6832]

Stack: [0x0000006e97d00000,0x0000006e97e00000]
Native frames: (J=compiled Java code, j=interpreted, Vv=VM code, C=native code)
V  [jvm.dll+0x683bfa]
V  [jvm.dll+0x8430a4]
V  [jvm.dll+0x8449be]
V  [jvm.dll+0x845023]
V  [jvm.dll+0x24ad2f]
V  [jvm.dll+0x680ac9]
V  [jvm.dll+0x67519a]
V  [jvm.dll+0x30b3cb]
V  [jvm.dll+0x312876]
V  [jvm.dll+0x36221e]
V  [jvm.dll+0x36244f]
V  [jvm.dll+0x2e14a8]
V  [jvm.dll+0x2df684]
V  [jvm.dll+0x2dec8c]
V  [jvm.dll+0x32382b]
V  [jvm.dll+0x8496eb]
V  [jvm.dll+0x84a424]
V  [jvm.dll+0x84a93d]
V  [jvm.dll+0x84ad14]
V  [jvm.dll+0x84ade0]
V  [jvm.dll+0x7f2aea]
V  [jvm.dll+0x682a35]
C  [ucrtbase.dll+0x29363]
C  [KERNEL32.DLL+0x1257d]
C  [ntdll.dll+0x5aa58]

VM_Operation (0x0000006e977fc860): G1CollectForAllocation, mode: safepoint, requested by thread 0x000001cd82c28810


---------------  P R O C E S S  ---------------

Threads class SMR info:
_java_thread_list=0x000001cda1c5b500, length=13, elements={
0x000001cd82c28810, 0x000001cd9c04f270, 0x000001cd9c04fe20, 0x000001cd9c05afe0,
0x000001cd9c05bb90, 0x000001cd9c05e550, 0x000001cd9c2b4000, 0x000001cd9c2b4ce0,
0x000001cd9c2b7200, 0x000001cd9c2b8450, 0x000001cd9c439bc0, 0x000001cd9c44af10,
0x000001cd9c444c80
}

Java Threads: ( => current thread )
  0x000001cd82c28810 JavaThread "main" [_thread_blocked, id=13020, stack(0x0000006e97700000,0x0000006e97800000)]
  0x000001cd9c04f270 JavaThread "Reference Handler" daemon [_thread_blocked, id=4072, stack(0x0000006e97e00000,0x0000006e97f00000)]
  0x000001cd9c04fe20 JavaThread "Finalizer" daemon [_thread_blocked, id=13264, stack(0x0000006e97f00000,0x0000006e98000000)]
  0x000001cd9c05afe0 JavaThread "Signal Dispatcher" daemon [_thread_blocked, id=4448, stack(0x0000006e98000000,0x0000006e98100000)]
  0x000001cd9c05bb90 JavaThread "Attach Listener" daemon [_thread_blocked, id=5080, stack(0x0000006e98100000,0x0000006e98200000)]
  0x000001cd9c05e550 JavaThread "Service Thread" daemon [_thread_blocked, id=11564, stack(0x0000006e98200000,0x0000006e98300000)]
  0x000001cd9c2b4000 JavaThread "Monitor Deflation Thread" daemon [_thread_blocked, id=16716, stack(0x0000006e98300000,0x0000006e98400000)]
  0x000001cd9c2b4ce0 JavaThread "C2 CompilerThread0" daemon [_thread_in_native, id=17472, stack(0x0000006e98400000,0x0000006e98500000)]
  0x000001cd9c2b7200 JavaThread "C1 CompilerThread0" daemon [_thread_blocked, id=17592, stack(0x0000006e98500000,0x0000006e98600000)]
  0x000001cd9c2b8450 JavaThread "Sweeper thread" daemon [_thread_blocked, id=2888, stack(0x0000006e98600000,0x0000006e98700000)]
  0x000001cd9c439bc0 JavaThread "Notification Thread" daemon [_thread_blocked, id=9724, stack(0x0000006e98700000,0x0000006e98800000)]
  0x000001cd9c44af10 JavaThread "Common-Cleaner" daemon [_thread_blocked, id=8620, stack(0x0000006e98900000,0x0000006e98a00000)]
  0x000001cd9c444c80 JavaThread "C2 CompilerThread1" daemon [_thread_blocked, id=15632, stack(0x0000006e98a00000,0x0000006e98b00000)]

Other Threads:
=>0x000001cd9bfd1370 VMThread "VM Thread" [stack: 0x0000006e97d00000,0x0000006e97e00000] [id=6832]
  0x000001cd9c43a5d0 WatcherThread [stack: 0x0000006e98800000,0x0000006e98900000] [id=9444]
  0x000001cd82c832f0 GCTaskThread "GC Thread#0" [stack: 0x0000006e97800000,0x0000006e97900000] [id=1744]
  0x000001cd9c869eb0 GCTaskThread "GC Thread#1" [stack: 0x0000006e98b00000,0x0000006e98c00000] [id=6104]
  0x000001cd9c86a160 GCTaskThread "GC Thread#2" [stack: 0x0000006e98c00000,0x0000006e98d00000] [id=12048]
  0x000001cd9c84e260 GCTaskThread "GC Thread#3" [stack: 0x0000006e98d00000,0x0000006e98e00000] [id=7768]
  0x000001cd82c93b80 ConcurrentGCThread "G1 Main Marker" [stack: 0x0000006e97900000,0x0000006e97a00000] [id=12892]
  0x000001cd82c94590 ConcurrentGCThread "G1 Conc#0" [stack: 0x0000006e97a00000,0x0000006e97b00000] [id=16232]
  0x000001cd82ced9f0 ConcurrentGCThread "G1 Refine#0" [stack: 0x0000006e97b00000,0x0000006e97c00000] [id=4908]
  0x000001cda4a13e40 ConcurrentGCThread "G1 Refine#1" [stack: 0x0000006e98e00000,0x0000006e98f00000] [id=9044]
  0x000001cd82cee410 ConcurrentGCThread "G1 Service" [stack: 0x0000006e97c00000,0x0000006e97d00000] [id=18268]

Threads with active compile tasks:
C2 CompilerThread0    15235 12915   !   4       org.jetbrains.kotlin.ir.util.SymbolTable::declareSimpleFunction (195 bytes)
C1 CompilerThread0    15235 13007       3       org.jetbrains.kotlin.backend.jvm.lower.TailCallOptimizationLowering$lower$1::visitSimpleFunction (31 bytes)
C2 CompilerThread1    15235 12998       4       java.util.LinkedHashMap$LinkedValues::iterator (12 bytes)

VM state: at safepoint (normal execution)

VM Mutex/Monitor currently owned by a thread:  ([mutex/lock_event])
[0x000001cd82c229b0] Threads_lock - owner thread: 0x000001cd9bfd1370
[0x000001cd82c220b0] Heap_lock - owner thread: 0x000001cd82c28810

Heap address: 0x0000000083600000, size: 1994 MB, Compressed Oops mode: 32-bit

CDS archive(s) not mapped
Compressed class space mapped at: 0x0000000100000000-0x0000000140000000, reserved size: 1073741824
Narrow klass base: 0x0000000000000000, Narrow klass shift: 3, Narrow klass range: 0x140000000

GC Precious Log:
 CPUs: 4 total, 4 available
 Memory: 7975M
 Large Page Support: Disabled
 NUMA Support: Disabled
 Compressed Oops: Enabled (32-bit)
 Heap Region Size: 1M
 Heap Min Capacity: 8M
 Heap Initial Capacity: 126M
 Heap Max Capacity: 1994M
 Pre-touch: Disabled
 Parallel Workers: 4
 Concurrent Workers: 1
 Concurrent Refinement Workers: 4
 Periodic GC: Disabled

Heap:
 garbage-first heap   total 173056K, used 101484K [0x0000000083600000, 0x0000000100000000)
  region size 1024K, 1 young (1024K), 1 survivors (1024K)
 Metaspace       used 80634K, committed 80960K, reserved 1179648K
  class space    used 9184K, committed 9344K, reserved 1048576K

Heap Regions: E=young(eden), S=young(survivor), O=old, HS=humongous(starts), HC=humongous(continues), CS=collection set, F=free, OA=open archive, CA=closed archive, TAMS=top-at-mark-start (previous, next)
|   0|0x0000000083600000, 0x0000000083700000, 0x0000000083700000|100%|HS|  |TAMS 0x0000000083700000, 0x0000000083600000| Complete 
|   1|0x0000000083700000, 0x0000000083800000, 0x0000000083800000|100%|HC|  |TAMS 0x0000000083800000, 0x0000000083700000| Complete 
|   2|0x0000000083800000, 0x0000000083900000, 0x0000000083900000|100%|HC|  |TAMS 0x0000000083900000, 0x0000000083800000| Complete 
|   3|0x0000000083900000, 0x0000000083a00000, 0x0000000083a00000|100%|HC|  |TAMS 0x0000000083a00000, 0x0000000083900000| Complete 
|   4|0x0000000083a00000, 0x0000000083b00000, 0x0000000083b00000|100%| O|  |TAMS 0x0000000083b00000, 0x0000000083a00000| Untracked 
|   5|0x0000000083b00000, 0x0000000083bf5c00, 0x0000000083c00000| 95%| O|  |TAMS 0x0000000083bf5c00, 0x0000000083b00000| Untracked 
|   6|0x0000000083c00000, 0x0000000083d00000, 0x0000000083d00000|100%| O|  |TAMS 0x0000000083d00000, 0x0000000083c00000| Untracked 
|   7|0x0000000083d00000, 0x0000000083e00000, 0x0000000083e00000|100%| O|  |TAMS 0x0000000083e00000, 0x0000000083d00000| Untracked 
|   8|0x0000000083e00000, 0x0000000083f00000, 0x0000000083f00000|100%| O|  |TAMS 0x0000000083f00000, 0x0000000083e00000| Untracked 
|   9|0x0000000083f00000, 0x0000000084000000, 0x0000000084000000|100%| O|  |TAMS 0x0000000084000000, 0x0000000083f00000| Untracked 
|  10|0x0000000084000000, 0x0000000084100000, 0x0000000084100000|100%| O|  |TAMS 0x0000000084100000, 0x0000000084000000| Untracked 
|  11|0x0000000084100000, 0x0000000084200000, 0x0000000084200000|100%| O|  |TAMS 0x0000000084200000, 0x0000000084100000| Untracked 
|  12|0x0000000084200000, 0x0000000084300000, 0x0000000084300000|100%| O|  |TAMS 0x0000000084300000, 0x0000000084200000| Untracked 
|  13|0x0000000084300000, 0x0000000084400000, 0x0000000084400000|100%| O|  |TAMS 0x0000000084400000, 0x0000000084300000| Untracked 
|  14|0x0000000084400000, 0x0000000084500000, 0x0000000084500000|100%| O|  |TAMS 0x0000000084500000, 0x0000000084400000| Untracked 
|  15|0x0000000084500000, 0x0000000084600000, 0x0000000084600000|100%| O|  |TAMS 0x0000000084600000, 0x0000000084500000| Untracked 
|  16|0x0000000084600000, 0x0000000084700000, 0x0000000084700000|100%| O|  |TAMS 0x0000000084700000, 0x0000000084600000| Untracked 
|  17|0x0000000084700000, 0x0000000084800000, 0x0000000084800000|100%| O|  |TAMS 0x0000000084800000, 0x0000000084700000| Untracked 
|  18|0x0000000084800000, 0x0000000084900000, 0x0000000084900000|100%| O|  |TAMS 0x0000000084900000, 0x0000000084800000| Untracked 
|  19|0x0000000084900000, 0x0000000084a00000, 0x0000000084a00000|100%| O|  |TAMS 0x0000000084a00000, 0x0000000084900000| Untracked 
|  20|0x0000000084a00000, 0x0000000084b00000, 0x0000000084b00000|100%| O|  |TAMS 0x0000000084b00000, 0x0000000084a00000| Untracked 
|  21|0x0000000084b00000, 0x0000000084c00000, 0x0000000084c00000|100%| O|  |TAMS 0x0000000084c00000, 0x0000000084b00000| Untracked 
|  22|0x0000000084c00000, 0x0000000084d00000, 0x0000000084d00000|100%| O|  |TAMS 0x0000000084d00000, 0x0000000084c00000| Untracked 
|  23|0x0000000084d00000, 0x0000000084e00000, 0x0000000084e00000|100%| O|  |TAMS 0x0000000084e00000, 0x0000000084d00000| Untracked 
|  24|0x0000000084e00000, 0x0000000084f00000, 0x0000000084f00000|100%| O|  |TAMS 0x0000000084f00000, 0x0000000084e00000| Untracked 
|  25|0x0000000084f00000, 0x0000000085000000, 0x0000000085000000|100%| O|  |TAMS 0x0000000085000000, 0x0000000084f00000| Untracked 
|  26|0x0000000085000000, 0x0000000085100000, 0x0000000085100000|100%|HS|  |TAMS 0x0000000085100000, 0x0000000085000000| Complete 
|  27|0x0000000085100000, 0x0000000085200000, 0x0000000085200000|100%|HC|  |TAMS 0x0000000085200000, 0x0000000085100000| Complete 
|  28|0x0000000085200000, 0x0000000085300000, 0x0000000085300000|100%| O|  |TAMS 0x0000000085300000, 0x0000000085200000| Untracked 
|  29|0x0000000085300000, 0x0000000085400000, 0x0000000085400000|100%| O|  |TAMS 0x0000000085400000, 0x0000000085300000| Untracked 
|  30|0x0000000085400000, 0x0000000085500000, 0x0000000085500000|100%| O|  |TAMS 0x0000000085500000, 0x0000000085400000| Untracked 
|  31|0x0000000085500000, 0x0000000085600000, 0x0000000085600000|100%| O|  |TAMS 0x0000000085600000, 0x0000000085500000| Untracked 
|  32|0x0000000085600000, 0x0000000085700000, 0x0000000085700000|100%| O|  |TAMS 0x0000000085700000, 0x0000000085600000| Untracked 
|  33|0x0000000085700000, 0x0000000085800000, 0x0000000085800000|100%| O|  |TAMS 0x0000000085800000, 0x0000000085700000| Untracked 
|  34|0x0000000085800000, 0x0000000085900000, 0x0000000085900000|100%| O|  |TAMS 0x0000000085900000, 0x0000000085800000| Untracked 
|  35|0x0000000085900000, 0x0000000085a00000, 0x0000000085a00000|100%| O|  |TAMS 0x0000000085a00000, 0x0000000085900000| Untracked 
|  36|0x0000000085a00000, 0x0000000085b00000, 0x0000000085b00000|100%| O|  |TAMS 0x0000000085b00000, 0x0000000085a00000| Untracked 
|  37|0x0000000085b00000, 0x0000000085c00000, 0x0000000085c00000|100%| O|  |TAMS 0x0000000085c00000, 0x0000000085b00000| Untracked 
|  38|0x0000000085c00000, 0x0000000085d00000, 0x0000000085d00000|100%| O|  |TAMS 0x0000000085d00000, 0x0000000085c00000| Untracked 
|  39|0x0000000085d00000, 0x0000000085e00000, 0x0000000085e00000|100%| O|  |TAMS 0x0000000085e00000, 0x0000000085d00000| Untracked 
|  40|0x0000000085e00000, 0x0000000085f00000, 0x0000000085f00000|100%| O|  |TAMS 0x0000000085f00000, 0x0000000085e00000| Untracked 
|  41|0x0000000085f00000, 0x0000000086000000, 0x0000000086000000|100%| O|  |TAMS 0x0000000086000000, 0x0000000085f00000| Untracked 
|  42|0x0000000086000000, 0x0000000086100000, 0x0000000086100000|100%| O|  |TAMS 0x0000000086100000, 0x0000000086000000| Untracked 
|  43|0x0000000086100000, 0x0000000086200000, 0x0000000086200000|100%| O|  |TAMS 0x0000000086200000, 0x0000000086100000| Untracked 
|  44|0x0000000086200000, 0x0000000086300000, 0x0000000086300000|100%| O|  |TAMS 0x0000000086300000, 0x0000000086200000| Untracked 
|  45|0x0000000086300000, 0x0000000086400000, 0x0000000086400000|100%| O|  |TAMS 0x0000000086400000, 0x0000000086300000| Untracked 
|  46|0x0000000086400000, 0x0000000086500000, 0x0000000086500000|100%| O|  |TAMS 0x0000000086500000, 0x0000000086400000| Untracked 
|  47|0x0000000086500000, 0x0000000086600000, 0x0000000086600000|100%| O|  |TAMS 0x0000000086600000, 0x0000000086500000| Untracked 
|  48|0x0000000086600000, 0x0000000086700000, 0x0000000086700000|100%| O|  |TAMS 0x0000000086700000, 0x0000000086600000| Untracked 
|  49|0x0000000086700000, 0x0000000086800000, 0x0000000086800000|100%| O|  |TAMS 0x0000000086800000, 0x0000000086700000| Untracked 
|  50|0x0000000086800000, 0x0000000086900000, 0x0000000086900000|100%| O|  |TAMS 0x0000000086900000, 0x0000000086800000| Untracked 
|  51|0x0000000086900000, 0x0000000086a00000, 0x0000000086a00000|100%| O|  |TAMS 0x0000000086a00000, 0x0000000086900000| Untracked 
|  52|0x0000000086a00000, 0x0000000086b00000, 0x0000000086b00000|100%| O|  |TAMS 0x0000000086b00000, 0x0000000086a00000| Untracked 
|  53|0x0000000086b00000, 0x0000000086c00000, 0x0000000086c00000|100%| O|  |TAMS 0x0000000086c00000, 0x0000000086b00000| Untracked 
|  54|0x0000000086c00000, 0x0000000086d00000, 0x0000000086d00000|100%| O|  |TAMS 0x0000000086d00000, 0x0000000086c00000| Untracked 
|  55|0x0000000086d00000, 0x0000000086e00000, 0x0000000086e00000|100%| O|  |TAMS 0x0000000086e00000, 0x0000000086d00000| Untracked 
|  56|0x0000000086e00000, 0x0000000086f00000, 0x0000000086f00000|100%| O|  |TAMS 0x0000000086f00000, 0x0000000086e00000| Untracked 
|  57|0x0000000086f00000, 0x0000000087000000, 0x0000000087000000|100%| O|  |TAMS 0x0000000087000000, 0x0000000086f00000| Untracked 
|  58|0x0000000087000000, 0x0000000087100000, 0x0000000087100000|100%| O|  |TAMS 0x0000000087100000, 0x0000000087000000| Untracked 
|  59|0x0000000087100000, 0x0000000087200000, 0x0000000087200000|100%| O|  |TAMS 0x0000000087200000, 0x0000000087100000| Untracked 
|  60|0x0000000087200000, 0x0000000087200000, 0x0000000087300000|  0%| F|  |TAMS 0x0000000087200000, 0x0000000087200000| Untracked 
|  61|0x0000000087300000, 0x0000000087400000, 0x0000000087400000|100%| O|  |TAMS 0x0000000087400000, 0x0000000087300000| Untracked 
|  62|0x0000000087400000, 0x0000000087500000, 0x0000000087500000|100%| O|  |TAMS 0x0000000087500000, 0x0000000087400000| Untracked 
|  63|0x0000000087500000, 0x0000000087600000, 0x0000000087600000|100%| O|  |TAMS 0x0000000087600000, 0x0000000087500000| Untracked 
|  64|0x0000000087600000, 0x0000000087700000, 0x0000000087700000|100%| O|  |TAMS 0x0000000087700000, 0x0000000087600000| Untracked 
|  65|0x0000000087700000, 0x0000000087800000, 0x0000000087800000|100%| O|  |TAMS 0x0000000087800000, 0x0000000087700000| Untracked 
|  66|0x0000000087800000, 0x0000000087900000, 0x0000000087900000|100%| O|  |TAMS 0x0000000087900000, 0x0000000087800000| Untracked 
|  67|0x0000000087900000, 0x0000000087a00000, 0x0000000087a00000|100%|HS|  |TAMS 0x0000000087a00000, 0x0000000087900000| Complete 
|  68|0x0000000087a00000, 0x0000000087b00000, 0x0000000087b00000|100%|HC|  |TAMS 0x0000000087b00000, 0x0000000087a00000| Complete 
|  69|0x0000000087b00000, 0x0000000087c00000, 0x0000000087c00000|100%| O|  |TAMS 0x0000000087c00000, 0x0000000087b00000| Untracked 
|  70|0x0000000087c00000, 0x0000000087d00000, 0x0000000087d00000|100%| O|  |TAMS 0x0000000087d00000, 0x0000000087c00000| Untracked 
|  71|0x0000000087d00000, 0x0000000087e00000, 0x0000000087e00000|100%| O|  |TAMS 0x0000000087e00000, 0x0000000087d00000| Untracked 
|  72|0x0000000087e00000, 0x0000000087f00000, 0x0000000087f00000|100%| O|  |TAMS 0x0000000087f00000, 0x0000000087e00000| Untracked 
|  73|0x0000000087f00000, 0x0000000088000000, 0x0000000088000000|100%| O|  |TAMS 0x0000000087f00000, 0x0000000087f00000| Untracked 
|  74|0x0000000088000000, 0x0000000088100000, 0x0000000088100000|100%| O|  |TAMS 0x0000000088100000, 0x0000000088000000| Untracked 
|  75|0x0000000088100000, 0x0000000088200000, 0x0000000088200000|100%| O|  |TAMS 0x0000000088200000, 0x0000000088100000| Untracked 
|  76|0x0000000088200000, 0x0000000088300000, 0x0000000088300000|100%| O|  |TAMS 0x0000000088300000, 0x0000000088200000| Untracked 
|  77|0x0000000088300000, 0x0000000088400000, 0x0000000088400000|100%| O|  |TAMS 0x0000000088400000, 0x0000000088300000| Untracked 
|  78|0x0000000088400000, 0x0000000088500000, 0x0000000088500000|100%| O|  |TAMS 0x0000000088400000, 0x0000000088400000| Untracked 
|  79|0x0000000088500000, 0x0000000088600000, 0x0000000088600000|100%| O|  |TAMS 0x0000000088600000, 0x0000000088500000| Untracked 
|  80|0x0000000088600000, 0x0000000088700000, 0x0000000088700000|100%| O|  |TAMS 0x0000000088700000, 0x0000000088600000| Untracked 
|  81|0x0000000088700000, 0x0000000088800000, 0x0000000088800000|100%| O|  |TAMS 0x0000000088800000, 0x0000000088700000| Untracked 
|  82|0x0000000088800000, 0x0000000088900000, 0x0000000088900000|100%| O|  |TAMS 0x0000000088900000, 0x0000000088800000| Untracked 
|  83|0x0000000088900000, 0x0000000088a00000, 0x0000000088a00000|100%| O|  |TAMS 0x0000000088a00000, 0x0000000088900000| Untracked 
|  84|0x0000000088a00000, 0x0000000088b00000, 0x0000000088b00000|100%| O|  |TAMS 0x0000000088b00000, 0x0000000088a00000| Untracked 
|  85|0x0000000088b00000, 0x0000000088c00000, 0x0000000088c00000|100%| O|  |TAMS 0x0000000088c00000, 0x0000000088b00000| Untracked 
|  86|0x0000000088c00000, 0x0000000088d00000, 0x0000000088d00000|100%| O|  |TAMS 0x0000000088d00000, 0x0000000088c00000| Untracked 
|  87|0x0000000088d00000, 0x0000000088e00000, 0x0000000088e00000|100%| O|  |TAMS 0x0000000088e00000, 0x0000000088d00000| Untracked 
|  88|0x0000000088e00000, 0x0000000088f00000, 0x0000000088f00000|100%| O|  |TAMS 0x0000000088f00000, 0x0000000088e00000| Untracked 
|  89|0x0000000088f00000, 0x0000000089000000, 0x0000000089000000|100%| O|  |TAMS 0x0000000089000000, 0x0000000088f00000| Untracked 
|  90|0x0000000089000000, 0x0000000089100000, 0x0000000089100000|100%| O|  |TAMS 0x0000000089100000, 0x0000000089000000| Untracked 
|  91|0x0000000089100000, 0x0000000089200000, 0x0000000089200000|100%| O|  |TAMS 0x0000000089200000, 0x0000000089100000| Untracked 
|  92|0x0000000089200000, 0x0000000089300000, 0x0000000089300000|100%| O|  |TAMS 0x0000000089300000, 0x0000000089200000| Untracked 
|  93|0x0000000089300000, 0x0000000089400000, 0x0000000089400000|100%| O|  |TAMS 0x0000000089400000, 0x0000000089300000| Untracked 
|  94|0x0000000089400000, 0x0000000089400000, 0x0000000089500000|  0%| F|  |TAMS 0x0000000089400000, 0x0000000089400000| Untracked 
|  95|0x0000000089500000, 0x0000000089600000, 0x0000000089600000|100%| O|  |TAMS 0x0000000089500000, 0x0000000089500000| Untracked 
|  96|0x0000000089600000, 0x0000000089700000, 0x0000000089700000|100%| O|  |TAMS 0x0000000089600000, 0x0000000089600000| Untracked 
|  97|0x0000000089700000, 0x0000000089800000, 0x0000000089800000|100%| O|  |TAMS 0x0000000089700000, 0x0000000089700000| Untracked 
|  98|0x0000000089800000, 0x0000000089900000, 0x0000000089900000|100%| O|  |TAMS 0x0000000089800000, 0x0000000089800000| Untracked 
|  99|0x0000000089900000, 0x0000000089a00000, 0x0000000089a00000|100%| O|  |TAMS 0x0000000089900000, 0x0000000089900000| Untracked 
| 100|0x0000000089a00000, 0x0000000089a51a00, 0x0000000089b00000| 31%| O|  |TAMS 0x0000000089a00000, 0x0000000089a00000| Untracked 
| 101|0x0000000089b00000, 0x0000000089b00000, 0x0000000089c00000|  0%| F|  |TAMS 0x0000000089b00000, 0x0000000089b00000| Untracked 
| 102|0x0000000089c00000, 0x0000000089c00000, 0x0000000089d00000|  0%| F|  |TAMS 0x0000000089c00000, 0x0000000089c00000| Untracked 
| 103|0x0000000089d00000, 0x0000000089d00000, 0x0000000089e00000|  0%| F|  |TAMS 0x0000000089d00000, 0x0000000089d00000| Untracked 
| 104|0x0000000089e00000, 0x0000000089e00000, 0x0000000089f00000|  0%| F|  |TAMS 0x0000000089e00000, 0x0000000089e00000| Untracked 
| 105|0x0000000089f00000, 0x0000000089f00000, 0x000000008a000000|  0%| F|  |TAMS 0x0000000089f00000, 0x0000000089f00000| Untracked 
| 106|0x000000008a000000, 0x000000008a000000, 0x000000008a100000|  0%| F|  |TAMS 0x000000008a000000, 0x000000008a000000| Untracked 
| 107|0x000000008a100000, 0x000000008a100000, 0x000000008a200000|  0%| F|  |TAMS 0x000000008a100000, 0x000000008a100000| Untracked 
| 108|0x000000008a200000, 0x000000008a200000, 0x000000008a300000|  0%| F|  |TAMS 0x000000008a200000, 0x000000008a200000| Untracked 
| 109|0x000000008a300000, 0x000000008a300000, 0x000000008a400000|  0%| F|  |TAMS 0x000000008a300000, 0x000000008a300000| Untracked 
| 110|0x000000008a400000, 0x000000008a400000, 0x000000008a500000|  0%| F|  |TAMS 0x000000008a400000, 0x000000008a400000| Untracked 
| 111|0x000000008a500000, 0x000000008a500000, 0x000000008a600000|  0%| F|  |TAMS 0x000000008a500000, 0x000000008a500000| Untracked 
| 112|0x000000008a600000, 0x000000008a600000, 0x000000008a700000|  0%| F|  |TAMS 0x000000008a600000, 0x000000008a600000| Untracked 
| 113|0x000000008a700000, 0x000000008a700000, 0x000000008a800000|  0%| F|  |TAMS 0x000000008a700000, 0x000000008a700000| Untracked 
| 114|0x000000008a800000, 0x000000008a800000, 0x000000008a900000|  0%| F|  |TAMS 0x000000008a800000, 0x000000008a800000| Untracked 
| 115|0x000000008a900000, 0x000000008a900000, 0x000000008aa00000|  0%| F|  |TAMS 0x000000008a900000, 0x000000008a900000| Untracked 
| 116|0x000000008aa00000, 0x000000008aa00000, 0x000000008ab00000|  0%| F|  |TAMS 0x000000008aa00000, 0x000000008aa00000| Untracked 
| 117|0x000000008ab00000, 0x000000008ab00000, 0x000000008ac00000|  0%| F|  |TAMS 0x000000008ab00000, 0x000000008ab00000| Untracked 
| 118|0x000000008ac00000, 0x000000008ac00000, 0x000000008ad00000|  0%| F|  |TAMS 0x000000008ac00000, 0x000000008ac00000| Untracked 
| 119|0x000000008ad00000, 0x000000008ad00000, 0x000000008ae00000|  0%| F|  |TAMS 0x000000008ad00000, 0x000000008ad00000| Untracked 
| 120|0x000000008ae00000, 0x000000008ae00000, 0x000000008af00000|  0%| F|  |TAMS 0x000000008ae00000, 0x000000008ae00000| Untracked 
| 121|0x000000008af00000, 0x000000008af00000, 0x000000008b000000|  0%| F|  |TAMS 0x000000008af00000, 0x000000008af00000| Untracked 
| 122|0x000000008b000000, 0x000000008b000000, 0x000000008b100000|  0%| F|  |TAMS 0x000000008b000000, 0x000000008b000000| Untracked 
| 123|0x000000008b100000, 0x000000008b100000, 0x000000008b200000|  0%| F|  |TAMS 0x000000008b100000, 0x000000008b100000| Untracked 
| 124|0x000000008b200000, 0x000000008b200000, 0x000000008b300000|  0%| F|  |TAMS 0x000000008b200000, 0x000000008b200000| Untracked 
| 125|0x000000008b300000, 0x000000008b300000, 0x000000008b400000|  0%| F|  |TAMS 0x000000008b300000, 0x000000008b300000| Untracked 
| 126|0x000000008b400000, 0x000000008b400000, 0x000000008b500000|  0%| F|  |TAMS 0x000000008b400000, 0x000000008b400000| Untracked 
| 127|0x000000008b500000, 0x000000008b500000, 0x000000008b600000|  0%| F|  |TAMS 0x000000008b500000, 0x000000008b500000| Untracked 
| 128|0x000000008b600000, 0x000000008b600000, 0x000000008b700000|  0%| F|  |TAMS 0x000000008b600000, 0x000000008b600000| Untracked 
| 129|0x000000008b700000, 0x000000008b700000, 0x000000008b800000|  0%| F|  |TAMS 0x000000008b700000, 0x000000008b700000| Untracked 
| 130|0x000000008b800000, 0x000000008b800000, 0x000000008b900000|  0%| F|  |TAMS 0x000000008b800000, 0x000000008b800000| Untracked 
| 131|0x000000008b900000, 0x000000008b900000, 0x000000008ba00000|  0%| F|  |TAMS 0x000000008b900000, 0x000000008b900000| Untracked 
| 132|0x000000008ba00000, 0x000000008ba00000, 0x000000008bb00000|  0%| F|  |TAMS 0x000000008ba00000, 0x000000008ba00000| Untracked 
| 133|0x000000008bb00000, 0x000000008bb00000, 0x000000008bc00000|  0%| F|  |TAMS 0x000000008bb00000, 0x000000008bb00000| Untracked 
| 134|0x000000008bc00000, 0x000000008bc00000, 0x000000008bd00000|  0%| F|  |TAMS 0x000000008bc00000, 0x000000008bc00000| Untracked 
| 135|0x000000008bd00000, 0x000000008bd00000, 0x000000008be00000|  0%| F|  |TAMS 0x000000008bd00000, 0x000000008bd00000| Untracked 
| 136|0x000000008be00000, 0x000000008be00000, 0x000000008bf00000|  0%| F|  |TAMS 0x000000008be00000, 0x000000008be00000| Untracked 
| 137|0x000000008bf00000, 0x000000008bf00000, 0x000000008c000000|  0%| F|  |TAMS 0x000000008bf00000, 0x000000008bf00000| Untracked 
| 138|0x000000008c000000, 0x000000008c000000, 0x000000008c100000|  0%| F|  |TAMS 0x000000008c000000, 0x000000008c000000| Untracked 
| 139|0x000000008c100000, 0x000000008c100000, 0x000000008c200000|  0%| F|  |TAMS 0x000000008c100000, 0x000000008c100000| Untracked 
| 140|0x000000008c200000, 0x000000008c200000, 0x000000008c300000|  0%| F|  |TAMS 0x000000008c200000, 0x000000008c200000| Untracked 
| 141|0x000000008c300000, 0x000000008c300000, 0x000000008c400000|  0%| F|  |TAMS 0x000000008c300000, 0x000000008c300000| Untracked 
| 142|0x000000008c400000, 0x000000008c400000, 0x000000008c500000|  0%| F|  |TAMS 0x000000008c400000, 0x000000008c400000| Untracked 
| 143|0x000000008c500000, 0x000000008c500000, 0x000000008c600000|  0%| F|  |TAMS 0x000000008c500000, 0x000000008c500000| Untracked 
| 144|0x000000008c600000, 0x000000008c600000, 0x000000008c700000|  0%| F|  |TAMS 0x000000008c600000, 0x000000008c600000| Untracked 
| 145|0x000000008c700000, 0x000000008c700000, 0x000000008c800000|  0%| F|  |TAMS 0x000000008c700000, 0x000000008c700000| Untracked 
| 146|0x000000008c800000, 0x000000008c800000, 0x000000008c900000|  0%| F|  |TAMS 0x000000008c800000, 0x000000008c800000| Untracked 
| 147|0x000000008c900000, 0x000000008c900000, 0x000000008ca00000|  0%| F|  |TAMS 0x000000008c900000, 0x000000008c900000| Untracked 
| 148|0x000000008ca00000, 0x000000008ca00000, 0x000000008cb00000|  0%| F|  |TAMS 0x000000008ca00000, 0x000000008ca00000| Untracked 
| 149|0x000000008cb00000, 0x000000008cb00000, 0x000000008cc00000|  0%| F|  |TAMS 0x000000008cb00000, 0x000000008cb00000| Untracked 
| 150|0x000000008cc00000, 0x000000008cc00000, 0x000000008cd00000|  0%| F|  |TAMS 0x000000008cc00000, 0x000000008cc00000| Untracked 
| 151|0x000000008cd00000, 0x000000008cd00000, 0x000000008ce00000|  0%| F|  |TAMS 0x000000008cd00000, 0x000000008cd00000| Untracked 
| 152|0x000000008ce00000, 0x000000008ce00000, 0x000000008cf00000|  0%| F|  |TAMS 0x000000008ce00000, 0x000000008ce00000| Untracked 
| 153|0x000000008cf00000, 0x000000008cf00000, 0x000000008d000000|  0%| F|  |TAMS 0x000000008cf00000, 0x000000008cf00000| Untracked 
| 154|0x000000008d000000, 0x000000008d000000, 0x000000008d100000|  0%| F|  |TAMS 0x000000008d000000, 0x000000008d000000| Untracked 
| 155|0x000000008d100000, 0x000000008d100000, 0x000000008d200000|  0%| F|  |TAMS 0x000000008d100000, 0x000000008d100000| Untracked 
| 156|0x000000008d200000, 0x000000008d200000, 0x000000008d300000|  0%| F|  |TAMS 0x000000008d200000, 0x000000008d200000| Untracked 
| 157|0x000000008d300000, 0x000000008d300000, 0x000000008d400000|  0%| F|  |TAMS 0x000000008d300000, 0x000000008d300000| Untracked 
| 158|0x000000008d400000, 0x000000008d400000, 0x000000008d500000|  0%| F|  |TAMS 0x000000008d400000, 0x000000008d400000| Untracked 
| 159|0x000000008d500000, 0x000000008d500000, 0x000000008d600000|  0%| F|  |TAMS 0x000000008d500000, 0x000000008d500000| Untracked 
| 160|0x000000008d600000, 0x000000008d600000, 0x000000008d700000|  0%| F|  |TAMS 0x000000008d600000, 0x000000008d600000| Untracked 
| 161|0x000000008d700000, 0x000000008d700000, 0x000000008d800000|  0%| F|  |TAMS 0x000000008d700000, 0x000000008d700000| Untracked 
| 162|0x000000008d800000, 0x000000008d800000, 0x000000008d900000|  0%| F|  |TAMS 0x000000008d800000, 0x000000008d800000| Untracked 
| 163|0x000000008d900000, 0x000000008d900000, 0x000000008da00000|  0%| F|  |TAMS 0x000000008d900000, 0x000000008d900000| Untracked 
| 164|0x000000008da00000, 0x000000008da00000, 0x000000008db00000|  0%| F|  |TAMS 0x000000008da00000, 0x000000008da00000| Untracked 
| 165|0x000000008db00000, 0x000000008dbd3ae0, 0x000000008dc00000| 82%| S|CS|TAMS 0x000000008db00000, 0x000000008db00000| Complete 
| 166|0x000000008dc00000, 0x000000008dc00000, 0x000000008dd00000|  0%| F|  |TAMS 0x000000008dc00000, 0x000000008dc00000| Untracked 
| 167|0x000000008dd00000, 0x000000008dd00000, 0x000000008de00000|  0%| F|  |TAMS 0x000000008dd00000, 0x000000008dd00000| Untracked 
| 168|0x000000008de00000, 0x000000008de00000, 0x000000008df00000|  0%| F|  |TAMS 0x000000008de00000, 0x000000008de00000| Untracked 

Card table byte_map: [0x000001cd954f0000,0x000001cd958e0000] _byte_map_base: 0x000001cd950d5000

Marking Bits (Prev, Next): (CMBitMap*) 0x000001cd82c83940, (CMBitMap*) 0x000001cd82c83900
 Prev Bits: [0x000001cd97c00000, 0x000001cd99b28000)
 Next Bits: [0x000001cd95cd0000, 0x000001cd97bf8000)

Polling page: 0x000001cd80bb0000

Metaspace:

Usage:
  Non-class:     69.78 MB used.
      Class:      8.97 MB used.
       Both:     78.74 MB used.

Virtual space:
  Non-class space:      128.00 MB reserved,      69.94 MB ( 55%) committed,  2 nodes.
      Class space:        1.00 GB reserved,       9.12 MB ( <1%) committed,  1 nodes.
             Both:        1.12 GB reserved,      79.06 MB (  7%) committed. 

Chunk freelists:
   Non-Class:  9.67 MB
       Class:  6.91 MB
        Both:  16.58 MB

MaxMetaspaceSize: unlimited
CompressedClassSpaceSize: 1.00 GB
Initial GC threshold: 21.00 MB
Current GC threshold: 129.31 MB
CDS: off
MetaspaceReclaimPolicy: balanced
 - commit_granule_bytes: 65536.
 - commit_granule_words: 8192.
 - virtual_space_node_default_size: 8388608.
 - enlarge_chunks_in_place: 1.
 - new_chunks_are_fully_committed: 0.
 - uncommit_free_chunks: 1.
 - use_allocation_guard: 0.
 - handle_deallocations: 1.


Internal statistics:

num_allocs_failed_limit: 9.
num_arena_births: 314.
num_arena_deaths: 0.
num_vsnodes_births: 3.
num_vsnodes_deaths: 0.
num_space_committed: 1263.
num_space_uncommitted: 0.
num_chunks_returned_to_freelist: 9.
num_chunks_taken_from_freelist: 2932.
num_chunk_merges: 6.
num_chunk_splits: 2393.
num_chunks_enlarged: 2123.
num_inconsistent_stats: 0.

CodeHeap 'non-profiled nmethods': size=120000Kb used=6419Kb max_used=6419Kb free=113580Kb
 bounds [0x000001cd8dbd0000, 0x000001cd8e220000, 0x000001cd95100000]
CodeHeap 'profiled nmethods': size=120000Kb used=29440Kb max_used=29440Kb free=90560Kb
 bounds [0x000001cd86100000, 0x000001cd87dd0000, 0x000001cd8d630000]
CodeHeap 'non-nmethods': size=5760Kb used=1384Kb max_used=1446Kb free=4375Kb
 bounds [0x000001cd8d630000, 0x000001cd8d8a0000, 0x000001cd8dbd0000]
 total_blobs=11644 nmethods=10948 adapters=605
 compilation: enabled
              stopped_count=0, restarted_count=0
 full_count=0

Compilation events (20 events):
Event: 15.211 Thread 0x000001cd9c444c80 12985       4       org.jetbrains.kotlin.ir.declarations.lazy.IrLazyFunction::getValueParameters (20 bytes)
Event: 15.212 Thread 0x000001cd9c2b7200 12999       3       org.jetbrains.kotlin.backend.jvm.lower.ReplaceDefaultImplsOverriddenSymbols::visitFunction (6 bytes)
Event: 15.212 Thread 0x000001cd9c2b7200 nmethod 12999 0x000001cd87db5490 code [0x000001cd87db57a0, 0x000001cd87db6628]
Event: 15.212 Thread 0x000001cd9c2b7200 13002       3       org.jetbrains.kotlin.backend.jvm.lower.ReplaceDefaultImplsOverriddenSymbols::visitSimpleFunction (170 bytes)
Event: 15.214 Thread 0x000001cd9c2b7200 nmethod 13002 0x000001cd87db6b90 code [0x000001cd87db7100, 0x000001cd87db9e18]
Event: 15.214 Thread 0x000001cd9c444c80 nmethod 12985 0x000001cd8e213d90 code [0x000001cd8e213f20, 0x000001cd8e214438]
Event: 15.214 Thread 0x000001cd9c2b7200 13000       3       org.jetbrains.kotlin.backend.jvm.lower.ReplaceDefaultImplsOverriddenSymbols::visitSimpleFunction (13 bytes)
Event: 15.214 Thread 0x000001cd9c444c80 13003       4       org.jetbrains.kotlin.ir.declarations.lazy.IrLazyFunction::getParent (19 bytes)
Event: 15.214 Thread 0x000001cd9c2b7200 nmethod 13000 0x000001cd87dbad90 code [0x000001cd87dbafc0, 0x000001cd87dbb748]
Event: 15.214 Thread 0x000001cd9c2b7200 13004       3       org.jetbrains.kotlin.backend.jvm.lower.TailCallOptimizationLowering$lower$1::visitFunction (10 bytes)
Event: 15.215 Thread 0x000001cd9c2b7200 nmethod 13004 0x000001cd87dbba10 code [0x000001cd87dbbc80, 0x000001cd87dbc698]
Event: 15.215 Thread 0x000001cd9c2b7200 13005       3       org.jetbrains.kotlin.backend.jvm.lower.TailCallOptimizationLowering$lower$1::visitFunction (7 bytes)
Event: 15.216 Thread 0x000001cd9c2b7200 nmethod 13005 0x000001cd87dbca90 code [0x000001cd87dbcd40, 0x000001cd87dbd8e8]
Event: 15.216 Thread 0x000001cd9c2b7200 13008       3       org.jetbrains.kotlin.backend.jvm.lower.AddContinuationLowering$addContinuationParameterToSuspendCalls$1::visitFunction (36 bytes)
Event: 15.217 Thread 0x000001cd9c2b7200 nmethod 13008 0x000001cd87dbdd90 code [0x000001cd87dbe1e0, 0x000001cd87dbfe98]
Event: 15.217 Thread 0x000001cd9c2b7200 13006       3       org.jetbrains.kotlin.backend.jvm.lower.TailCallOptimizationLowering$lower$1::visitSimpleFunction (10 bytes)
Event: 15.217 Thread 0x000001cd9c2b7200 nmethod 13006 0x000001cd87dc0890 code [0x000001cd87dc0a40, 0x000001cd87dc0c68]
Event: 15.217 Thread 0x000001cd9c2b7200 13007       3       org.jetbrains.kotlin.backend.jvm.lower.TailCallOptimizationLowering$lower$1::visitSimpleFunction (31 bytes)
Event: 15.217 Thread 0x000001cd9c444c80 nmethod 13003 0x000001cd8e214690 code [0x000001cd8e214820, 0x000001cd8e214d38]
Event: 15.217 Thread 0x000001cd9c444c80 12998       4       java.util.LinkedHashMap$LinkedValues::iterator (12 bytes)

GC Heap History (20 events):
Event: 8.626 GC heap after
{Heap after GC invocations=24 (full 0):
 garbage-first heap   total 125952K, used 61857K [0x0000000083600000, 0x0000000100000000)
  region size 1024K, 6 young (6144K), 6 survivors (6144K)
 Metaspace       used 63838K, committed 64128K, reserved 1114112K
  class space    used 7640K, committed 7808K, reserved 1048576K
}
Event: 10.216 GC heap before
{Heap before GC invocations=24 (full 0):
 garbage-first heap   total 125952K, used 96673K [0x0000000083600000, 0x0000000100000000)
  region size 1024K, 40 young (40960K), 6 survivors (6144K)
 Metaspace       used 65635K, committed 65984K, reserved 1114112K
  class space    used 7766K, committed 7936K, reserved 1048576K
}
Event: 10.239 GC heap after
{Heap after GC invocations=25 (full 0):
 garbage-first heap   total 125952K, used 67536K [0x0000000083600000, 0x0000000100000000)
  region size 1024K, 5 young (5120K), 5 survivors (5120K)
 Metaspace       used 65635K, committed 65984K, reserved 1114112K
  class space    used 7766K, committed 7936K, reserved 1048576K
}
Event: 10.948 GC heap before
{Heap before GC invocations=25 (full 0):
 garbage-first heap   total 125952K, used 99280K [0x0000000083600000, 0x0000000100000000)
  region size 1024K, 36 young (36864K), 5 survivors (5120K)
 Metaspace       used 66107K, committed 66432K, reserved 1114112K
  class space    used 7799K, committed 7936K, reserved 1048576K
}
Event: 10.968 GC heap after
{Heap after GC invocations=26 (full 0):
 garbage-first heap   total 125952K, used 73175K [0x0000000083600000, 0x0000000100000000)
  region size 1024K, 5 young (5120K), 5 survivors (5120K)
 Metaspace       used 66107K, committed 66432K, reserved 1114112K
  class space    used 7799K, committed 7936K, reserved 1048576K
}
Event: 11.398 GC heap before
{Heap before GC invocations=27 (full 0):
 garbage-first heap   total 135168K, used 101847K [0x0000000083600000, 0x0000000100000000)
  region size 1024K, 31 young (31744K), 5 survivors (5120K)
 Metaspace       used 66940K, committed 67264K, reserved 1114112K
  class space    used 7921K, committed 8064K, reserved 1048576K
}
Event: 11.408 GC heap after
{Heap after GC invocations=28 (full 0):
 garbage-first heap   total 135168K, used 79831K [0x0000000083600000, 0x0000000100000000)
  region size 1024K, 4 young (4096K), 4 survivors (4096K)
 Metaspace       used 66940K, committed 67264K, reserved 1114112K
  class space    used 7921K, committed 8064K, reserved 1048576K
}
Event: 11.429 GC heap before
{Heap before GC invocations=28 (full 0):
 garbage-first heap   total 135168K, used 80855K [0x0000000083600000, 0x0000000100000000)
  region size 1024K, 6 young (6144K), 4 survivors (4096K)
 Metaspace       used 67450K, committed 67776K, reserved 1114112K
  class space    used 7963K, committed 8128K, reserved 1048576K
}
Event: 11.438 GC heap after
{Heap after GC invocations=29 (full 0):
 garbage-first heap   total 166912K, used 79616K [0x0000000083600000, 0x0000000100000000)
  region size 1024K, 1 young (1024K), 1 survivors (1024K)
 Metaspace       used 67450K, committed 67776K, reserved 1114112K
  class space    used 7963K, committed 8128K, reserved 1048576K
}
Event: 12.749 GC heap before
{Heap before GC invocations=29 (full 0):
 garbage-first heap   total 166912K, used 126720K [0x0000000083600000, 0x0000000100000000)
  region size 1024K, 47 young (48128K), 1 survivors (1024K)
 Metaspace       used 71760K, committed 72064K, reserved 1114112K
  class space    used 8332K, committed 8448K, reserved 1048576K
}
Event: 12.766 GC heap after
{Heap after GC invocations=30 (full 0):
 garbage-first heap   total 166912K, used 85913K [0x0000000083600000, 0x0000000100000000)
  region size 1024K, 6 young (6144K), 6 survivors (6144K)
 Metaspace       used 71760K, committed 72064K, reserved 1114112K
  class space    used 8332K, committed 8448K, reserved 1048576K
}
Event: 13.428 GC heap before
{Heap before GC invocations=31 (full 0):
 garbage-first heap   total 166912K, used 129945K [0x0000000083600000, 0x0000000100000000)
  region size 1024K, 49 young (50176K), 6 survivors (6144K)
 Metaspace       used 72194K, committed 72448K, reserved 1114112K
  class space    used 8380K, committed 8512K, reserved 1048576K
}
Event: 13.449 GC heap after
{Heap after GC invocations=32 (full 0):
 garbage-first heap   total 166912K, used 95529K [0x0000000083600000, 0x0000000100000000)
  region size 1024K, 7 young (7168K), 7 survivors (7168K)
 Metaspace       used 72194K, committed 72448K, reserved 1114112K
  class space    used 8380K, committed 8512K, reserved 1048576K
}
Event: 13.467 GC heap before
{Heap before GC invocations=32 (full 0):
 garbage-first heap   total 166912K, used 95529K [0x0000000083600000, 0x0000000100000000)
  region size 1024K, 8 young (8192K), 7 survivors (7168K)
 Metaspace       used 72456K, committed 72704K, reserved 1114112K
  class space    used 8394K, committed 8512K, reserved 1048576K
}
Event: 13.476 GC heap after
{Heap after GC invocations=33 (full 0):
 garbage-first heap   total 166912K, used 96215K [0x0000000083600000, 0x0000000100000000)
  region size 1024K, 1 young (1024K), 1 survivors (1024K)
 Metaspace       used 72456K, committed 72704K, reserved 1114112K
  class space    used 8394K, committed 8512K, reserved 1048576K
}
Event: 14.288 GC heap before
{Heap before GC invocations=33 (full 0):
 garbage-first heap   total 166912K, used 132055K [0x0000000083600000, 0x0000000100000000)
  region size 1024K, 36 young (36864K), 1 survivors (1024K)
 Metaspace       used 77874K, committed 78144K, reserved 1179648K
  class space    used 8909K, committed 9024K, reserved 1048576K
}
Event: 14.296 GC heap after
{Heap after GC invocations=34 (full 0):
 garbage-first heap   total 166912K, used 96896K [0x0000000083600000, 0x0000000100000000)
  region size 1024K, 2 young (2048K), 2 survivors (2048K)
 Metaspace       used 77874K, committed 78144K, reserved 1179648K
  class space    used 8909K, committed 9024K, reserved 1048576K
}
Event: 15.190 GC heap before
{Heap before GC invocations=35 (full 0):
 garbage-first heap   total 173056K, used 133760K [0x0000000083600000, 0x0000000100000000)
  region size 1024K, 38 young (38912K), 2 survivors (2048K)
 Metaspace       used 80615K, committed 80896K, reserved 1179648K
  class space    used 9184K, committed 9344K, reserved 1048576K
}
Event: 15.200 GC heap after
{Heap after GC invocations=36 (full 0):
 garbage-first heap   total 173056K, used 101530K [0x0000000083600000, 0x0000000100000000)
  region size 1024K, 5 young (5120K), 5 survivors (5120K)
 Metaspace       used 80615K, committed 80896K, reserved 1179648K
  class space    used 9184K, committed 9344K, reserved 1048576K
}
Event: 15.218 GC heap before
{Heap before GC invocations=36 (full 0):
 garbage-first heap   total 173056K, used 104602K [0x0000000083600000, 0x0000000100000000)
  region size 1024K, 8 young (8192K), 5 survivors (5120K)
 Metaspace       used 80634K, committed 80960K, reserved 1179648K
  class space    used 9184K, committed 9344K, reserved 1048576K
}

Dll operation events (2 events):
Event: 0.007 Loaded shared library D:\Android Studio\jbr\bin\java.dll
Event: 1.809 Loaded shared library D:\Android Studio\jbr\bin\verify.dll

Deoptimization events (20 events):
Event: 15.077 Thread 0x000001cd82c28810 DEOPT PACKING pc=0x000001cd8e1f744c sp=0x0000006e977fce10
Event: 15.077 Thread 0x000001cd82c28810 DEOPT UNPACKING pc=0x000001cd8d68a1a3 sp=0x0000006e977fcdc0 mode 2
Event: 15.077 Thread 0x000001cd82c28810 Uncommon trap: trap_request=0xffffffde fr.pc=0x000001cd8e1f744c relative=0x00000000000005cc
Event: 15.077 Thread 0x000001cd82c28810 Uncommon trap: reason=class_check action=maybe_recompile pc=0x000001cd8e1f744c method=org.jetbrains.kotlin.ir.util.TransformKt.replaceInPlace(Ljava/util/List;Ljava/util/List;I)I @ 78 c2
Event: 15.077 Thread 0x000001cd82c28810 DEOPT PACKING pc=0x000001cd8e1f744c sp=0x0000006e977fce10
Event: 15.077 Thread 0x000001cd82c28810 DEOPT UNPACKING pc=0x000001cd8d68a1a3 sp=0x0000006e977fcdc0 mode 2
Event: 15.079 Thread 0x000001cd82c28810 Uncommon trap: trap_request=0xffffffde fr.pc=0x000001cd8e1f744c relative=0x00000000000005cc
Event: 15.079 Thread 0x000001cd82c28810 Uncommon trap: reason=class_check action=maybe_recompile pc=0x000001cd8e1f744c method=org.jetbrains.kotlin.ir.util.TransformKt.replaceInPlace(Ljava/util/List;Ljava/util/List;I)I @ 78 c2
Event: 15.079 Thread 0x000001cd82c28810 DEOPT PACKING pc=0x000001cd8e1f744c sp=0x0000006e977fcca0
Event: 15.079 Thread 0x000001cd82c28810 DEOPT UNPACKING pc=0x000001cd8d68a1a3 sp=0x0000006e977fcc50 mode 2
Event: 15.083 Thread 0x000001cd82c28810 Uncommon trap: trap_request=0xffffffde fr.pc=0x000001cd8e1f744c relative=0x00000000000005cc
Event: 15.083 Thread 0x000001cd82c28810 Uncommon trap: reason=class_check action=maybe_recompile pc=0x000001cd8e1f744c method=org.jetbrains.kotlin.ir.util.TransformKt.replaceInPlace(Ljava/util/List;Ljava/util/List;I)I @ 78 c2
Event: 15.083 Thread 0x000001cd82c28810 DEOPT PACKING pc=0x000001cd8e1f744c sp=0x0000006e977fce10
Event: 15.083 Thread 0x000001cd82c28810 DEOPT UNPACKING pc=0x000001cd8d68a1a3 sp=0x0000006e977fcdc0 mode 2
Event: 15.106 Thread 0x000001cd82c28810 Uncommon trap: trap_request=0xffffff45 fr.pc=0x000001cd8de45d5c relative=0x00000000000002bc
Event: 15.106 Thread 0x000001cd82c28810 Uncommon trap: reason=unstable_if action=reinterpret pc=0x000001cd8de45d5c method=java.util.ArrayList.add(ILjava/lang/Object;)V @ 29 c2
Event: 15.106 Thread 0x000001cd82c28810 DEOPT PACKING pc=0x000001cd8de45d5c sp=0x0000006e977fd460
Event: 15.106 Thread 0x000001cd82c28810 DEOPT UNPACKING pc=0x000001cd8d68a1a3 sp=0x0000006e977fd428 mode 2
Event: 15.206 Thread 0x000001cd82c28810 DEOPT PACKING pc=0x000001cd86dfb0d3 sp=0x0000006e977fcc60
Event: 15.206 Thread 0x000001cd82c28810 DEOPT UNPACKING pc=0x000001cd8d68ace3 sp=0x0000006e977fc180 mode 0

Classes unloaded (0 events):
No events

Classes redefined (0 events):
No events

Internal exceptions (20 events):
Event: 7.041 Thread 0x000001cd82c28810 Implicit null exception at 0x000001cd8dd1c94c to 0x000001cd8dd1ca28
Event: 7.058 Thread 0x000001cd82c28810 Exception <a 'java/lang/NoSuchMethodError'{0x0000000089a43f98}: 'java.lang.Object java.lang.invoke.DirectMethodHandle$Holder.invokeInterface(java.lang.Object, java.lang.Object, java.lang.Object)'> (0x0000000089a43f98) 
thrown [s\src\hotspot\share\interpreter\linkResolver.cpp, line 771]
Event: 7.060 Thread 0x000001cd82c28810 Exception <a 'java/lang/IncompatibleClassChangeError'{0x0000000089a47908}: Found class java.lang.Object, but interface was expected> (0x0000000089a47908) 
thrown [s\src\hotspot\share\interpreter\linkResolver.cpp, line 838]
Event: 7.062 Thread 0x000001cd82c28810 Implicit null exception at 0x000001cd8dd7f94a to 0x000001cd8dd7fdb8
Event: 7.079 Thread 0x000001cd82c28810 Implicit null exception at 0x000001cd8de14c07 to 0x000001cd8de14e00
Event: 7.096 Thread 0x000001cd82c28810 Implicit null exception at 0x000001cd8dc1b08c to 0x000001cd8dc1b2a0
Event: 7.500 Thread 0x000001cd82c28810 Exception <a 'java/lang/NoSuchMethodError'{0x000000008830c028}: 'java.lang.Object java.lang.invoke.DirectMethodHandle$Holder.newInvokeSpecial(java.lang.Object, int, java.lang.Object)'> (0x000000008830c028) 
thrown [s\src\hotspot\share\interpreter\linkResolver.cpp, line 771]
Event: 7.501 Thread 0x000001cd82c28810 Exception <a 'java/lang/NoSuchMethodError'{0x0000000088312670}: 'int java.lang.invoke.DirectMethodHandle$Holder.invokeInterface(java.lang.Object, java.lang.Object)'> (0x0000000088312670) 
thrown [s\src\hotspot\share\interpreter\linkResolver.cpp, line 771]
Event: 8.386 Thread 0x000001cd82c28810 Implicit null exception at 0x000001cd8dce4209 to 0x000001cd8dce42f0
Event: 8.386 Thread 0x000001cd82c28810 Implicit null exception at 0x000001cd8dc342d8 to 0x000001cd8dc3436a
Event: 8.462 Thread 0x000001cd82c28810 Exception <a 'java/lang/NoSuchMethodError'{0x0000000088dff848}: 'void java.lang.invoke.DirectMethodHandle$Holder.invokeSpecial(java.lang.Object, java.lang.Object, int, java.lang.Object)'> (0x0000000088dff848) 
thrown [s\src\hotspot\share\interpreter\linkResolver.cpp, line 771]
Event: 8.522 Thread 0x000001cd82c28810 Exception <a 'java/lang/NoSuchMethodError'{0x0000000088bcdfa8}: 'void java.lang.invoke.DirectMethodHandle$Holder.invokeInterface(java.lang.Object, java.lang.Object)'> (0x0000000088bcdfa8) 
thrown [s\src\hotspot\share\interpreter\linkResolver.cpp, line 771]
Event: 8.569 Thread 0x000001cd82c28810 Exception <a 'java/lang/IncompatibleClassChangeError'{0x0000000088adb418}: Found class java.lang.Object, but interface was expected> (0x0000000088adb418) 
thrown [s\src\hotspot\share\interpreter\linkResolver.cpp, line 838]
Event: 9.108 Thread 0x000001cd82c28810 Exception <a 'java/lang/NoSuchMethodError'{0x000000008aba6bf0}: 'java.lang.Object java.lang.invoke.DirectMethodHandle$Holder.newInvokeSpecial(java.lang.Object, java.lang.Object, java.lang.Object, java.lang.Object, java.lang.Object, java.lang.Object, java.lang.Object, java.lang.Object)'> (0x000000008aba6bf0) 
thrown [s\src\hotspot\share\interpreter\linkResolver.cpp, line 771]
Event: 9.108 Thread 0x000001cd82c28810 Exception <a 'java/lang/NoSuchMethodError'{0x000000008abac208}: 'java.lang.Object java.lang.invoke.DirectMethodHandle$Holder.invokeSpecial(java.lang.Object, java.lang.Object, java.lang.Object, java.lang.Object, java.lang.Object, java.lang.Object, java.lang.Object, java.lang.Object, java.lang.Object)'> (0x000000008abac208) 
thrown [s\src\hotspot\share\interpreter\linkResolver.cpp, line 771]
Event: 9.109 Thread 0x000001cd82c28810 Exception <a 'java/lang/NoSuchMethodError'{0x000000008abb1138}: 'java.lang.Object java.lang.invoke.Invokers$Holder.linkToTargetMethod(java.lang.Object, java.lang.Object, java.lang.Object, java.lang.Object, java.lang.Object, java.lang.Object, java.lang.Object, java.lang.Object)'> (0x000000008abb1138) 
thrown [s\src\hotspot\share\interpreter\linkResolver.cpp, line 771]
Event: 9.335 Thread 0x000001cd82c28810 Exception <a 'java/lang/NoSuchMethodError'{0x000000008a619858}: 'java.lang.Object java.lang.invoke.DirectMethodHandle$Holder.newInvokeSpecial(java.lang.Object, java.lang.Object, java.lang.Object, java.lang.Object, java.lang.Object, java.lang.Object, java.lang.Object)'> (0x000000008a619858) 
thrown [s\src\hotspot\share\interpreter\linkResolver.cpp, line 771]
Event: 9.335 Thread 0x000001cd82c28810 Exception <a 'java/lang/NoSuchMethodError'{0x000000008a61dfd8}: 'java.lang.Object java.lang.invoke.Invokers$Holder.linkToTargetMethod(java.lang.Object, java.lang.Object, java.lang.Object, java.lang.Object, java.lang.Object, java.lang.Object, java.lang.Object)'> (0x000000008a61dfd8) 
thrown [s\src\hotspot\share\interpreter\linkResolver.cpp, line 771]
Event: 14.701 Thread 0x000001cd82c28810 Exception <a 'java/lang/NoSuchMethodError'{0x000000008db895a8}: 'java.lang.Object java.lang.invoke.DirectMethodHandle$Holder.invokeStatic(java.lang.Object, int, java.lang.Object)'> (0x000000008db895a8) 
thrown [s\src\hotspot\share\interpreter\linkResolver.cpp, line 771]
Event: 14.708 Thread 0x000001cd82c28810 Exception <a 'java/lang/NoSuchMethodError'{0x000000008dbb1048}: 'java.lang.Object java.lang.invoke.DirectMethodHandle$Holder.newInvokeSpecial(java.lang.Object, int, java.lang.Object, java.lang.Object)'> (0x000000008dbb1048) 
thrown [s\src\hotspot\share\interpreter\linkResolver.cpp, line 771]

VM Operations (20 events):
Event: 14.519 Executing VM operation: G1Concurrent done
Event: 14.621 Executing VM operation: G1Concurrent
Event: 14.623 Executing VM operation: G1Concurrent done
Event: 14.648 Executing VM operation: HandshakeAllThreads
Event: 14.648 Executing VM operation: HandshakeAllThreads done
Event: 14.689 Executing VM operation: ICBufferFull
Event: 14.689 Executing VM operation: ICBufferFull done
Event: 14.704 Executing VM operation: HandshakeAllThreads
Event: 14.704 Executing VM operation: HandshakeAllThreads done
Event: 14.804 Executing VM operation: ICBufferFull
Event: 14.804 Executing VM operation: ICBufferFull done
Event: 14.889 Executing VM operation: ICBufferFull
Event: 14.889 Executing VM operation: ICBufferFull done
Event: 15.004 Executing VM operation: ICBufferFull
Event: 15.004 Executing VM operation: ICBufferFull done
Event: 15.124 Executing VM operation: ICBufferFull
Event: 15.125 Executing VM operation: ICBufferFull done
Event: 15.190 Executing VM operation: G1CollectForAllocation
Event: 15.200 Executing VM operation: G1CollectForAllocation done
Event: 15.218 Executing VM operation: G1CollectForAllocation

Events (20 events):
Event: 13.352 Thread 0x000001cd9c2b8450 flushing nmethod 0x000001cd87613290
Event: 13.352 Thread 0x000001cd9c2b8450 flushing nmethod 0x000001cd87617390
Event: 13.352 Thread 0x000001cd9c2b8450 flushing nmethod 0x000001cd87617b10
Event: 13.352 Thread 0x000001cd9c2b8450 flushing nmethod 0x000001cd8761b410
Event: 13.352 Thread 0x000001cd9c2b8450 flushing nmethod 0x000001cd8761f910
Event: 13.352 Thread 0x000001cd9c2b8450 flushing nmethod 0x000001cd87621010
Event: 13.352 Thread 0x000001cd9c2b8450 flushing nmethod 0x000001cd87623090
Event: 13.352 Thread 0x000001cd9c2b8450 flushing nmethod 0x000001cd87623b90
Event: 13.352 Thread 0x000001cd9c2b8450 flushing nmethod 0x000001cd87658710
Event: 13.352 Thread 0x000001cd9c2b8450 flushing nmethod 0x000001cd8766ab10
Event: 13.352 Thread 0x000001cd9c2b8450 flushing nmethod 0x000001cd8768ae90
Event: 13.353 Thread 0x000001cd9c2b8450 flushing nmethod 0x000001cd87795710
Event: 13.354 Thread 0x000001cd9c2b8450 flushing nmethod 0x000001cd8788ee10
Event: 13.354 Thread 0x000001cd9c2b8450 flushing nmethod 0x000001cd878c9590
Event: 13.354 Thread 0x000001cd9c2b8450 flushing nmethod 0x000001cd878c9f90
Event: 13.354 Thread 0x000001cd9c2b8450 flushing nmethod 0x000001cd87950a90
Event: 13.354 Thread 0x000001cd9c2b8450 flushing nmethod 0x000001cd87966510
Event: 14.650 Thread 0x000001cd9c2b8450 flushing nmethod 0x000001cd8e117790
Event: 15.071 loading class java/util/concurrent/locks/AbstractQueuedSynchronizer$Node
Event: 15.071 loading class java/util/concurrent/locks/AbstractQueuedSynchronizer$Node done


Dynamic libraries:
0x00007ff7a6350000 - 0x00007ff7a635a000 	D:\Android Studio\jbr\bin\java.exe
0x00007ff9279b0000 - 0x00007ff927bc7000 	C:\WINDOWS\SYSTEM32\ntdll.dll
0x00007ff926700000 - 0x00007ff9267c4000 	C:\WINDOWS\System32\KERNEL32.DLL
0x00007ff924e60000 - 0x00007ff925206000 	C:\WINDOWS\System32\KERNELBASE.dll
0x00007ff9254a0000 - 0x00007ff9255b1000 	C:\WINDOWS\System32\ucrtbase.dll
0x00007ff8f70b0000 - 0x00007ff8f70cb000 	D:\Android Studio\jbr\bin\VCRUNTIME140.dll
0x00007ff8f6d80000 - 0x00007ff8f6d97000 	D:\Android Studio\jbr\bin\jli.dll
0x00007ff926550000 - 0x00007ff9266fe000 	C:\WINDOWS\System32\USER32.dll
0x00007ff90e450000 - 0x00007ff90e6e3000 	C:\WINDOWS\WinSxS\amd64_microsoft.windows.common-controls_6595b64144ccf1df_6.0.22621.2506_none_270c5ae97388e100\COMCTL32.dll
0x00007ff9256d0000 - 0x00007ff9256f6000 	C:\WINDOWS\System32\win32u.dll
0x00007ff926b60000 - 0x00007ff926c07000 	C:\WINDOWS\System32\msvcrt.dll
0x00007ff926410000 - 0x00007ff926439000 	C:\WINDOWS\System32\GDI32.dll
0x00007ff925210000 - 0x00007ff925328000 	C:\WINDOWS\System32\gdi32full.dll
0x00007ff9255c0000 - 0x00007ff92565a000 	C:\WINDOWS\System32\msvcp_win.dll
0x00007ff9262f0000 - 0x00007ff926321000 	C:\WINDOWS\System32\IMM32.DLL
0x00007ff91fe30000 - 0x00007ff91fe3c000 	D:\Android Studio\jbr\bin\vcruntime140_1.dll
0x00007ff8f6cb0000 - 0x00007ff8f6d3d000 	D:\Android Studio\jbr\bin\msvcp140.dll
0x00007ff880b00000 - 0x00007ff881780000 	D:\Android Studio\jbr\bin\server\jvm.dll
0x00007ff9277a0000 - 0x00007ff927851000 	C:\WINDOWS\System32\ADVAPI32.dll
0x00007ff925b90000 - 0x00007ff925c35000 	C:\WINDOWS\System32\sechost.dll
0x00007ff9261d0000 - 0x00007ff9262e7000 	C:\WINDOWS\System32\RPCRT4.dll
0x00007ff91fe40000 - 0x00007ff91fe49000 	C:\WINDOWS\SYSTEM32\WSOCK32.dll
0x00007ff91c740000 - 0x00007ff91c774000 	C:\WINDOWS\SYSTEM32\WINMM.dll
0x00007ff926330000 - 0x00007ff9263a1000 	C:\WINDOWS\System32\WS2_32.dll
0x00007ff911db0000 - 0x00007ff911dba000 	C:\WINDOWS\SYSTEM32\VERSION.dll
0x00007ff923e10000 - 0x00007ff923e28000 	C:\WINDOWS\SYSTEM32\kernel.appcore.dll
0x00007ff91d270000 - 0x00007ff91d27a000 	D:\Android Studio\jbr\bin\jimage.dll
0x00007ff916a50000 - 0x00007ff916c83000 	C:\WINDOWS\SYSTEM32\DBGHELP.DLL
0x00007ff9267d0000 - 0x00007ff926b59000 	C:\WINDOWS\System32\combase.dll
0x00007ff926d60000 - 0x00007ff926e37000 	C:\WINDOWS\System32\OLEAUT32.dll
0x00007ff8f2e50000 - 0x00007ff8f2e82000 	C:\WINDOWS\SYSTEM32\dbgcore.DLL
0x00007ff924de0000 - 0x00007ff924e5a000 	C:\WINDOWS\System32\bcryptPrimitives.dll
0x00007ff90da30000 - 0x00007ff90da55000 	D:\Android Studio\jbr\bin\java.dll
0x00007ff90da10000 - 0x00007ff90da28000 	D:\Android Studio\jbr\bin\zip.dll
0x00007ff926e40000 - 0x00007ff92769a000 	C:\WINDOWS\System32\SHELL32.dll
0x00007ff922c40000 - 0x00007ff923536000 	C:\WINDOWS\SYSTEM32\windows.storage.dll
0x00007ff922b00000 - 0x00007ff922c3e000 	C:\WINDOWS\SYSTEM32\wintypes.dll
0x00007ff926c60000 - 0x00007ff926d53000 	C:\WINDOWS\System32\SHCORE.dll
0x00007ff9263b0000 - 0x00007ff92640e000 	C:\WINDOWS\System32\shlwapi.dll
0x00007ff924c50000 - 0x00007ff924c76000 	C:\WINDOWS\SYSTEM32\profapi.dll
0x00007ff90d780000 - 0x00007ff90d799000 	D:\Android Studio\jbr\bin\net.dll
0x00007ff91f3b0000 - 0x00007ff91f4e7000 	C:\WINDOWS\SYSTEM32\WINHTTP.dll
0x00007ff924290000 - 0x00007ff9242f9000 	C:\WINDOWS\system32\mswsock.dll
0x00007ff90d760000 - 0x00007ff90d776000 	D:\Android Studio\jbr\bin\nio.dll
0x00007ff90d750000 - 0x00007ff90d760000 	D:\Android Studio\jbr\bin\verify.dll

dbghelp: loaded successfully - version: 4.0.5 - missing functions: none
symbol engine: initialized successfully - sym options: 0x614 - pdb path: .;D:\Android Studio\jbr\bin;C:\WINDOWS\SYSTEM32;C:\WINDOWS\WinSxS\amd64_microsoft.windows.common-controls_6595b64144ccf1df_6.0.22621.2506_none_270c5ae97388e100;D:\Android Studio\jbr\bin\server

VM Arguments:
java_command: org.jetbrains.kotlin.cli.jvm.K2JVMCompiler @D:\PasKita\app\build\20231218_14136705340500113522.compiler.options
java_class_path (initial): D:\Afone\My Project\BimbingansKu\BimbingansKu\caches\modules-2\files-2.1\org.jetbrains.kotlin\kotlin-compiler-embeddable\1.9.0\2c8c3a7402becca891f12739b3e9fd2dc2adbd7a\kotlin-compiler-embeddable-1.9.0.jar;D:\Afone\My Project\BimbingansKu\BimbingansKu\caches\modules-2\files-2.1\org.jetbrains.kotlin\kotlin-stdlib\1.9.0\8ee15ef0c67dc83d874f412d84378d7f0eb50b63\kotlin-stdlib-1.9.0.jar;D:\Afone\My Project\BimbingansKu\BimbingansKu\caches\modules-2\files-2.1\org.jetbrains.kotlin\kotlin-script-runtime\1.9.0\4b3102cbbb7e1b58d9d1adf89563f00069ffa7d1\kotlin-script-runtime-1.9.0.jar;D:\Afone\My Project\BimbingansKu\BimbingansKu\caches\modules-2\files-2.1\org.jetbrains.kotlin\kotlin-reflect\1.6.10\1cbe9c92c12a94eea200d23c2bbaedaf3daf5132\kotlin-reflect-1.6.10.jar;D:\Afone\My Project\BimbingansKu\BimbingansKu\caches\modules-2\files-2.1\org.jetbrains.kotlin\kotlin-daemon-embeddable\1.9.0\186543f5e28cf8d9a0290fecc2cf34301c40a65c\kotlin-daemon-embeddable-1.9.0.jar;D:\Afone\My Project\BimbingansKu\BimbingansKu\caches\modules-2\files-2.1\org.jetbrains.intellij.deps\trove4j\1.0.20200330\3afb14d5f9ceb459d724e907a21145e8ff394f02\trove4j-1.0.20200330.jar;D:\Afone\My Project\BimbingansKu\BimbingansKu\caches\modules-2\files-2.1\org.jetbrains.kotlin\kotlin-stdlib-common\1.9.0\cd65c21cfd1eec4d44ef09f9f52b6d9f8a720636\kotlin-stdlib-common-1.9.0.jar;D:\Afone\My Project\BimbingansKu\BimbingansKu\caches\modules-2\files-2.1\org.jetbrains\annotations\13.0\919f0dfe192fb4e063e7dacadee7f8bb9a2672a9\annotations-13.0.jar
Launcher Type: SUN_STANDARD

[Global flags]
     intx CICompilerCount                          = 3                                         {product} {ergonomic}
     uint ConcGCThreads                            = 1                                         {product} {ergonomic}
     uint G1ConcRefinementThreads                  = 4                                         {product} {ergonomic}
   size_t G1HeapRegionSize                         = 1048576                                   {product} {ergonomic}
    uintx GCDrainStackTargetSize                   = 64                                        {product} {ergonomic}
   size_t InitialHeapSize                          = 132120576                                 {product} {ergonomic}
   size_t MarkStackSize                            = 4194304                                   {product} {ergonomic}
   size_t MaxHeapSize                              = 2090860544                                {product} {ergonomic}
   size_t MaxNewSize                               = 1254096896                                {product} {ergonomic}
   size_t MinHeapDeltaBytes                        = 1048576                                   {product} {ergonomic}
   size_t MinHeapSize                              = 8388608                                   {product} {ergonomic}
    uintx NonNMethodCodeHeapSize                   = 5832780                                {pd product} {ergonomic}
    uintx NonProfiledCodeHeapSize                  = 122912730                              {pd product} {ergonomic}
    uintx ProfiledCodeHeapSize                     = 122912730                              {pd product} {ergonomic}
    uintx ReservedCodeCacheSize                    = 251658240                              {pd product} {ergonomic}
     bool SegmentedCodeCache                       = true                                      {product} {ergonomic}
   size_t SoftMaxHeapSize                          = 2090860544                             {manageable} {ergonomic}
     bool UseCompressedClassPointers               = true                           {product lp64_product} {ergonomic}
     bool UseCompressedOops                        = true                           {product lp64_product} {ergonomic}
     bool UseG1GC                                  = true                                      {product} {ergonomic}
     bool UseLargePagesIndividualAllocation        = false                                  {pd product} {ergonomic}

Logging:
Log output configuration:
 #0: stdout all=warning uptime,level,tags
 #1: stderr all=off uptime,level,tags

Environment Variables:
JAVA_HOME=C:\Program Files\Zulu\zulu-8
PATH=C:\Program Files\Zulu\zulu-8\bin\;C:\Program Files (x86)\Common Files\Oracle\Java\javapath;C:\ProgramData\Oracle\Java\javapath;C:\WINDOWS\system32;C:\WINDOWS;C:\WINDOWS\System32\Wbem;C:\WINDOWS\System32\WindowsPowerShell\v1.0\;C:\WINDOWS\System32\OpenSSH\;D:\Java\bin;C:\Program Files\Git\cmd;D:\Tools\gradle-7.3\bin;D:\Xampp\php;D:\flutter\bin;C:\Users\User\AppData\Local\Programs\Python\Python39\Scripts\;C:\Users\User\AppData\Local\Programs\Python\Python39\;C:\Users\User\AppData\Local\Microsoft\WindowsApps;D:\IntelliJ IDEA Community Edition 2023.2\bin;;D:\Microsoft VS Code\bin;C:\Users\User\AppData\Local\GitHubDesktop\bin
USERNAME=Afwaans
OS=Windows_NT
PROCESSOR_IDENTIFIER=Intel64 Family 6 Model 140 Stepping 1, GenuineIntel
TMP=C:\Users\User\AppData\Local\Temp
TEMP=C:\Users\User\AppData\Local\Temp


JNI global refs:
JNI global refs: 10, weak refs: 5

JNI global refs memory usage: 843, weak refs: 841

OOME stack traces (most recent first):
Classloader memory used:
Loader jdk.internal.loader.ClassLoaders$AppClassLoader                                 : 8626K
Loader bootstrap                                                                       : 1390K
Loader java.net.URLClassLoader                                                         : 40441B
Loader jdk.internal.reflect.DelegatingClassLoader                                      : 21128B
Loader jdk.internal.loader.ClassLoaders$PlatformClassLoader                            : 2276B


---------------  S Y S T E M  ---------------

OS:
 Windows 11 , 64 bit Build 22621 (10.0.22621.2506)
OS uptime: 0 days 3:51 hours

CPU: total 4 (initial active 4) (2 cores per cpu, 2 threads per core) family 6 model 140 stepping 1 microcode 0x86, cx8, cmov, fxsr, ht, mmx, 3dnowpref, sse, sse2, sse3, ssse3, sse4.1, sse4.2, popcnt, lzcnt, tsc, tscinvbit, avx, avx2, aes, erms, clmul, bmi1, bmi2, adx, avx512f, avx512dq, avx512cd, avx512bw, avx512vl, sha, fma, vzeroupper, avx512_vpopcntdq, avx512_vpclmulqdq, avx512_vaes, avx512_vnni, clflush, clflushopt, clwb, avx512_vbmi2, avx512_vbmi

Memory: 4k page, system-wide physical 7975M (248M free)
TotalPageFile size 17417M (AvailPageFile size 56M)
current process WorkingSet (physical memory assigned to process): 395M, peak: 396M
current process commit charge ("private bytes"): 421M, peak: 643M

vm_info: OpenJDK 64-Bit Server VM (17.0.7+0-b2043.56-10550314) for windows-amd64 JRE (17.0.7+0-b2043.56-10550314), built on Jul 24 2023 18:27:45 by "androidbuild" with MS VC++ 16.10 / 16.11 (VS2019)

END.
